<?xml version="1.0" encoding="UTF-8"?>
<coverage generated="1529424417058" clover="3.2.0">
  <project timestamp="1529424417058" name="All files">
    <metrics statements="864" coveredstatements="747" conditionals="550" coveredconditionals="420" methods="364" coveredmethods="297" elements="1778" coveredelements="1464" complexity="0" loc="864" ncloc="864" packages="26" files="80" classes="80">
      <package name="src.AutoSuggestField">
        <metrics statements="51" coveredstatements="43" conditionals="26" coveredconditionals="16" methods="22" coveredmethods="19"/>
        <file name="AutoSuggestField.js" path="/Users/tjohnston/source/react-ui/packages/react-ui-core/src/AutoSuggestField/AutoSuggestField.js">
          <metrics statements="51" coveredstatements="43" conditionals="26" coveredconditionals="16" methods="22" coveredmethods="19"/>
          <line num="16" count="1" type="stmt"/>
          <line num="17" count="1" type="stmt"/>
          <line num="63" count="2" type="stmt"/>
          <line num="70" count="13" type="stmt"/>
          <line num="71" count="13" type="stmt"/>
          <line num="73" count="13" type="stmt"/>
          <line num="74" count="13" type="stmt"/>
          <line num="81" count="13" type="stmt"/>
          <line num="85" count="1" type="cond" truecount="1" falsecount="1"/>
          <line num="86" count="1" type="stmt"/>
          <line num="93" count="0" type="stmt"/>
          <line num="98" count="2" type="stmt"/>
          <line num="99" count="2" type="stmt"/>
          <line num="100" count="2" type="cond" truecount="1" falsecount="2"/>
          <line num="102" count="2" type="cond" truecount="2" falsecount="1"/>
          <line num="104" count="1" type="stmt"/>
          <line num="105" count="1" type="stmt"/>
          <line num="107" count="1" type="cond" truecount="3" falsecount="2"/>
          <line num="108" count="1" type="stmt"/>
          <line num="110" count="1" type="stmt"/>
          <line num="116" count="24" type="stmt"/>
          <line num="118" count="24" type="cond" truecount="1" falsecount="1"/>
          <line num="119" count="0" type="cond" truecount="0" falsecount="2"/>
          <line num="121" count="0" type="stmt"/>
          <line num="122" count="0" type="stmt"/>
          <line num="131" count="8" type="stmt"/>
          <line num="132" count="8" type="stmt"/>
          <line num="139" count="0" type="stmt"/>
          <line num="140" count="0" type="stmt"/>
          <line num="141" count="0" type="stmt"/>
          <line num="142" count="0" type="stmt"/>
          <line num="147" count="2" type="stmt"/>
          <line num="148" count="2" type="stmt"/>
          <line num="159" count="2" type="stmt"/>
          <line num="161" count="2" type="stmt"/>
          <line num="162" count="2" type="stmt"/>
          <line num="164" count="2" type="stmt"/>
          <line num="167" count="2" type="cond" truecount="1" falsecount="1"/>
          <line num="174" count="8" type="stmt"/>
          <line num="175" count="8" type="stmt"/>
          <line num="178" count="8" type="cond" truecount="2" falsecount="0"/>
          <line num="183" count="4" type="stmt"/>
          <line num="184" count="4" type="stmt"/>
          <line num="185" count="4" type="cond" truecount="2" falsecount="0"/>
          <line num="189" count="48" type="stmt"/>
          <line num="190" count="48" type="stmt"/>
          <line num="192" count="48" type="cond" truecount="2" falsecount="0"/>
          <line num="194" count="12" type="stmt"/>
          <line num="203" count="24" type="stmt"/>
          <line num="231" count="24" type="stmt"/>
          <line num="233" count="24" type="stmt"/>
        </file>
      </package>
      <package name="src.Button">
        <metrics statements="13" coveredstatements="13" conditionals="14" coveredconditionals="13" methods="5" coveredmethods="5"/>
        <file name="Button.js" path="/Users/tjohnston/source/react-ui/packages/react-ui-core/src/Button/Button.js">
          <metrics statements="2" coveredstatements="2" conditionals="4" coveredconditionals="4" methods="1" coveredmethods="1"/>
          <line num="32" count="47" type="stmt"/>
          <line num="34" count="47" type="stmt"/>
        </file>
        <file name="ToggleButton.js" path="/Users/tjohnston/source/react-ui/packages/react-ui-core/src/Button/ToggleButton.js">
          <metrics statements="11" coveredstatements="11" conditionals="10" coveredconditionals="9" methods="4" coveredmethods="4"/>
          <line num="26" count="10" type="stmt"/>
          <line num="28" count="10" type="stmt"/>
          <line num="34" count="5" type="cond" truecount="1" falsecount="1"/>
          <line num="35" count="5" type="stmt"/>
          <line num="43" count="8" type="stmt"/>
          <line num="45" count="8" type="cond" truecount="2" falsecount="0"/>
          <line num="47" count="8" type="cond" truecount="2" falsecount="0"/>
          <line num="48" count="7" type="stmt"/>
          <line num="53" count="8" type="cond" truecount="2" falsecount="0"/>
          <line num="65" count="20" type="stmt"/>
          <line num="67" count="20" type="stmt"/>
        </file>
        <file name="index.js" path="/Users/tjohnston/source/react-ui/packages/react-ui-core/src/Button/index.js">
          <metrics statements="0" coveredstatements="0" conditionals="0" coveredconditionals="0" methods="0" coveredmethods="0"/>
        </file>
      </package>
      <package name="src.Card">
        <metrics statements="2" coveredstatements="2" conditionals="0" coveredconditionals="0" methods="1" coveredmethods="1"/>
        <file name="Card.js" path="/Users/tjohnston/source/react-ui/packages/react-ui-core/src/Card/Card.js">
          <metrics statements="2" coveredstatements="2" conditionals="0" coveredconditionals="0" methods="1" coveredmethods="1"/>
          <line num="25" count="11" type="stmt"/>
          <line num="27" count="11" type="stmt"/>
        </file>
        <file name="index.js" path="/Users/tjohnston/source/react-ui/packages/react-ui-core/src/Card/index.js">
          <metrics statements="0" coveredstatements="0" conditionals="0" coveredconditionals="0" methods="0" coveredmethods="0"/>
        </file>
      </package>
      <package name="src.Carousel">
        <metrics statements="67" coveredstatements="60" conditionals="49" coveredconditionals="35" methods="25" coveredmethods="23"/>
        <file name="Carousel.js" path="/Users/tjohnston/source/react-ui/packages/react-ui-core/src/Carousel/Carousel.js">
          <metrics statements="48" coveredstatements="41" conditionals="33" coveredconditionals="22" methods="18" coveredmethods="16"/>
          <line num="13" count="3" type="stmt"/>
          <line num="14" count="3" type="stmt"/>
          <line num="69" count="0" type="cond" truecount="0" falsecount="2"/>
          <line num="70" count="0" type="stmt"/>
          <line num="73" count="0" type="cond" truecount="0" falsecount="2"/>
          <line num="74" count="0" type="stmt"/>
          <line num="80" count="0" type="stmt"/>
          <line num="82" count="0" type="cond" truecount="0" falsecount="2"/>
          <line num="83" count="0" type="stmt"/>
          <line num="92" count="33" type="stmt"/>
          <line num="94" count="33" type="stmt"/>
          <line num="98" count="10" type="stmt"/>
          <line num="99" count="10" type="stmt"/>
          <line num="103" count="17" type="stmt"/>
          <line num="105" count="17" type="cond" truecount="2" falsecount="0"/>
          <line num="106" count="5" type="stmt"/>
          <line num="107" count="5" type="cond" truecount="2" falsecount="0"/>
          <line num="108" count="5" type="cond" truecount="1" falsecount="1"/>
          <line num="110" count="5" type="stmt"/>
          <line num="113" count="12" type="stmt"/>
          <line num="117" count="17" type="stmt"/>
          <line num="119" count="17" type="cond" truecount="2" falsecount="0"/>
          <line num="121" count="2" type="stmt"/>
          <line num="129" count="3" type="cond" truecount="4" falsecount="0"/>
          <line num="130" count="1" type="stmt"/>
          <line num="136" count="4" type="stmt"/>
          <line num="137" count="4" type="cond" truecount="2" falsecount="0"/>
          <line num="139" count="4" type="stmt"/>
          <line num="140" count="2" type="cond" truecount="2" falsecount="0"/>
          <line num="146" count="5" type="stmt"/>
          <line num="147" count="5" type="cond" truecount="2" falsecount="0"/>
          <line num="149" count="5" type="stmt"/>
          <line num="150" count="2" type="cond" truecount="2" falsecount="0"/>
          <line num="155" count="9" type="cond" truecount="2" falsecount="0"/>
          <line num="156" count="5" type="cond" truecount="1" falsecount="1"/>
          <line num="160" count="9" type="stmt"/>
          <line num="161" count="9" type="stmt"/>
          <line num="162" count="9" type="stmt"/>
          <line num="164" count="9" type="stmt"/>
          <line num="171" count="9" type="stmt"/>
          <line num="178" count="4" type="stmt"/>
          <line num="179" count="4" type="stmt"/>
          <line num="181" count="4" type="stmt"/>
          <line num="182" count="4" type="stmt"/>
          <line num="193" count="35" type="stmt"/>
          <line num="206" count="17" type="stmt"/>
          <line num="208" count="17" type="stmt"/>
          <line num="229" count="9" type="stmt"/>
        </file>
        <file name="CarouselNavigation.js" path="/Users/tjohnston/source/react-ui/packages/react-ui-core/src/Carousel/CarouselNavigation.js">
          <metrics statements="4" coveredstatements="4" conditionals="2" coveredconditionals="2" methods="2" coveredmethods="2"/>
          <line num="25" count="8" type="cond" truecount="2" falsecount="0"/>
          <line num="26" count="8" type="stmt"/>
          <line num="36" count="8" type="stmt"/>
          <line num="38" count="8" type="stmt"/>
        </file>
        <file name="PhotoCarousel.js" path="/Users/tjohnston/source/react-ui/packages/react-ui-core/src/Carousel/PhotoCarousel.js">
          <metrics statements="15" coveredstatements="15" conditionals="14" coveredconditionals="11" methods="5" coveredmethods="5"/>
          <line num="38" count="3" type="stmt"/>
          <line num="39" count="3" type="stmt"/>
          <line num="41" count="3" type="cond" truecount="3" falsecount="1"/>
          <line num="45" count="1" type="stmt"/>
          <line num="46" count="1" type="cond" truecount="1" falsecount="1"/>
          <line num="48" count="1" type="stmt"/>
          <line num="59" count="3" type="stmt"/>
          <line num="60" count="3" type="cond" truecount="1" falsecount="1"/>
          <line num="62" count="3" type="stmt"/>
          <line num="78" count="5" type="stmt"/>
          <line num="80" count="5" type="stmt"/>
          <line num="100" count="7" type="stmt"/>
          <line num="102" count="7" type="cond" truecount="4" falsecount="0"/>
          <line num="103" count="2" type="stmt"/>
          <line num="108" count="5" type="cond" truecount="2" falsecount="0"/>
        </file>
        <file name="index.js" path="/Users/tjohnston/source/react-ui/packages/react-ui-core/src/Carousel/index.js">
          <metrics statements="0" coveredstatements="0" conditionals="0" coveredconditionals="0" methods="0" coveredmethods="0"/>
        </file>
      </package>
      <package name="src.Collapsible">
        <metrics statements="9" coveredstatements="9" conditionals="8" coveredconditionals="7" methods="4" coveredmethods="4"/>
        <file name="Collapsible.js" path="/Users/tjohnston/source/react-ui/packages/react-ui-core/src/Collapsible/Collapsible.js">
          <metrics statements="9" coveredstatements="9" conditionals="8" coveredconditionals="7" methods="4" coveredmethods="4"/>
          <line num="7" count="1" type="stmt"/>
          <line num="44" count="4" type="stmt"/>
          <line num="46" count="4" type="stmt"/>
          <line num="50" count="4" type="stmt"/>
          <line num="54" count="3" type="stmt"/>
          <line num="55" count="3" type="stmt"/>
          <line num="69" count="7" type="stmt"/>
          <line num="71" count="7" type="cond" truecount="2" falsecount="0"/>
          <line num="73" count="7" type="stmt"/>
        </file>
      </package>
      <package name="src.Counter">
        <metrics statements="22" coveredstatements="20" conditionals="10" coveredconditionals="8" methods="9" coveredmethods="8"/>
        <file name="Counter.js" path="/Users/tjohnston/source/react-ui/packages/react-ui-core/src/Counter/Counter.js">
          <metrics statements="22" coveredstatements="20" conditionals="10" coveredconditionals="8" methods="9" coveredmethods="8"/>
          <line num="38" count="11" type="stmt"/>
          <line num="40" count="11" type="stmt"/>
          <line num="44" count="11" type="stmt"/>
          <line num="45" count="11" type="stmt"/>
          <line num="49" count="1" type="cond" truecount="1" falsecount="1"/>
          <line num="50" count="1" type="stmt"/>
          <line num="55" count="0" type="stmt"/>
          <line num="57" count="0" type="stmt"/>
          <line num="65" count="18" type="stmt"/>
          <line num="67" count="18" type="cond" truecount="2" falsecount="0"/>
          <line num="68" count="14" type="stmt"/>
          <line num="72" count="6" type="stmt"/>
          <line num="73" count="6" type="stmt"/>
          <line num="77" count="5" type="stmt"/>
          <line num="78" count="5" type="stmt"/>
          <line num="80" count="5" type="cond" truecount="2" falsecount="0"/>
          <line num="84" count="3" type="stmt"/>
          <line num="85" count="3" type="stmt"/>
          <line num="87" count="3" type="cond" truecount="2" falsecount="0"/>
          <line num="91" count="18" type="stmt"/>
          <line num="104" count="18" type="stmt"/>
          <line num="106" count="18" type="stmt"/>
        </file>
      </package>
      <package name="src.DateInput">
        <metrics statements="2" coveredstatements="2" conditionals="0" coveredconditionals="0" methods="1" coveredmethods="1"/>
        <file name="DateInput.js" path="/Users/tjohnston/source/react-ui/packages/react-ui-core/src/DateInput/DateInput.js">
          <metrics statements="2" coveredstatements="2" conditionals="0" coveredconditionals="0" methods="1" coveredmethods="1"/>
          <line num="18" count="3" type="stmt"/>
          <line num="20" count="3" type="stmt"/>
        </file>
        <file name="index.js" path="/Users/tjohnston/source/react-ui/packages/react-ui-core/src/DateInput/index.js">
          <metrics statements="0" coveredstatements="0" conditionals="0" coveredconditionals="0" methods="0" coveredmethods="0"/>
        </file>
      </package>
      <package name="src.Drawer">
        <metrics statements="9" coveredstatements="9" conditionals="12" coveredconditionals="10" methods="4" coveredmethods="4"/>
        <file name="Drawer.js" path="/Users/tjohnston/source/react-ui/packages/react-ui-core/src/Drawer/Drawer.js">
          <metrics statements="9" coveredstatements="9" conditionals="12" coveredconditionals="10" methods="4" coveredmethods="4"/>
          <line num="36" count="5" type="stmt"/>
          <line num="37" count="5" type="stmt"/>
          <line num="41" count="1" type="cond" truecount="1" falsecount="1"/>
          <line num="42" count="1" type="stmt"/>
          <line num="50" count="3" type="stmt"/>
          <line num="51" count="3" type="cond" truecount="1" falsecount="1"/>
          <line num="67" count="9" type="stmt"/>
          <line num="71" count="9" type="stmt"/>
          <line num="73" count="9" type="stmt"/>
        </file>
      </package>
      <package name="src.Dropdown">
        <metrics statements="29" coveredstatements="24" conditionals="18" coveredconditionals="13" methods="16" coveredmethods="13"/>
        <file name="Dropdown.js" path="/Users/tjohnston/source/react-ui/packages/react-ui-core/src/Dropdown/Dropdown.js">
          <metrics statements="24" coveredstatements="21" conditionals="14" coveredconditionals="11" methods="13" coveredmethods="11"/>
          <line num="34" count="27" type="stmt"/>
          <line num="35" count="27" type="stmt"/>
          <line num="39" count="27" type="stmt"/>
          <line num="43" count="13" type="cond" truecount="2" falsecount="0"/>
          <line num="44" count="7" type="stmt"/>
          <line num="49" count="0" type="stmt"/>
          <line num="54" count="7" type="stmt"/>
          <line num="55" count="7" type="cond" truecount="1" falsecount="1"/>
          <line num="57" count="7" type="stmt"/>
          <line num="58" count="7" type="cond" truecount="1" falsecount="1"/>
          <line num="59" count="7" type="stmt"/>
          <line num="65" count="0" type="stmt"/>
          <line num="66" count="0" type="stmt"/>
          <line num="71" count="2" type="cond" truecount="3" falsecount="1"/>
          <line num="72" count="2" type="stmt"/>
          <line num="73" count="2" type="stmt"/>
          <line num="78" count="47" type="stmt"/>
          <line num="91" count="17" type="stmt"/>
          <line num="92" count="17" type="stmt"/>
          <line num="93" count="17" type="stmt"/>
          <line num="94" count="23" type="cond" truecount="2" falsecount="0"/>
          <line num="108" count="47" type="stmt"/>
          <line num="110" count="47" type="stmt"/>
          <line num="112" count="65" type="stmt"/>
        </file>
        <file name="DropdownAnchor.js" path="/Users/tjohnston/source/react-ui/packages/react-ui-core/src/Dropdown/DropdownAnchor.js">
          <metrics statements="5" coveredstatements="3" conditionals="4" coveredconditionals="2" methods="3" coveredmethods="2"/>
          <line num="34" count="0" type="stmt"/>
          <line num="36" count="0" type="cond" truecount="0" falsecount="2"/>
          <line num="46" count="41" type="stmt"/>
          <line num="48" count="41" type="stmt"/>
          <line num="61" count="41" type="stmt"/>
        </file>
        <file name="index.js" path="/Users/tjohnston/source/react-ui/packages/react-ui-core/src/Dropdown/index.js">
          <metrics statements="0" coveredstatements="0" conditionals="0" coveredconditionals="0" methods="0" coveredmethods="0"/>
        </file>
      </package>
      <package name="src.Form">
        <metrics statements="87" coveredstatements="72" conditionals="76" coveredconditionals="62" methods="29" coveredmethods="24"/>
        <file name="Field.js" path="/Users/tjohnston/source/react-ui/packages/react-ui-core/src/Form/Field.js">
          <metrics statements="26" coveredstatements="25" conditionals="29" coveredconditionals="28" methods="4" coveredmethods="4"/>
          <line num="118" count="74" type="cond" truecount="2" falsecount="0"/>
          <line num="119" count="74" type="stmt"/>
          <line num="123" count="3" type="cond" truecount="1" falsecount="1"/>
          <line num="124" count="0" type="stmt"/>
          <line num="127" count="3" type="stmt"/>
          <line num="131" count="3" type="cond" truecount="2" falsecount="0"/>
          <line num="132" count="1" type="stmt"/>
          <line num="137" count="2" type="stmt"/>
          <line num="141" count="2" type="cond" truecount="2" falsecount="0"/>
          <line num="142" count="1" type="stmt"/>
          <line num="162" count="75" type="stmt"/>
          <line num="166" count="75" type="stmt"/>
          <line num="168" count="75" type="cond" truecount="2" falsecount="0"/>
          <line num="169" count="75" type="cond" truecount="2" falsecount="0"/>
          <line num="173" count="75" type="stmt"/>
          <line num="181" count="75" type="cond" truecount="3" falsecount="0"/>
          <line num="192" count="75" type="cond" truecount="2" falsecount="0"/>
          <line num="193" count="18" type="stmt"/>
          <line num="200" count="75" type="cond" truecount="2" falsecount="0"/>
          <line num="201" count="6" type="stmt"/>
          <line num="205" count="69" type="cond" truecount="2" falsecount="0"/>
          <line num="206" count="4" type="stmt"/>
          <line num="215" count="75" type="stmt"/>
          <line num="226" count="75" type="cond" truecount="2" falsecount="0"/>
          <line num="227" count="1" type="stmt"/>
          <line num="234" count="74" type="stmt"/>
        </file>
        <file name="FieldSet.js" path="/Users/tjohnston/source/react-ui/packages/react-ui-core/src/Form/FieldSet.js">
          <metrics statements="3" coveredstatements="3" conditionals="2" coveredconditionals="2" methods="1" coveredmethods="1"/>
          <line num="29" count="5" type="stmt"/>
          <line num="31" count="5" type="stmt"/>
          <line num="36" count="5" type="stmt"/>
        </file>
        <file name="Form.js" path="/Users/tjohnston/source/react-ui/packages/react-ui-core/src/Form/Form.js">
          <metrics statements="8" coveredstatements="8" conditionals="4" coveredconditionals="3" methods="2" coveredmethods="2"/>
          <line num="56" count="4" type="stmt"/>
          <line num="58" count="4" type="cond" truecount="1" falsecount="1"/>
          <line num="59" count="4" type="stmt"/>
          <line num="61" count="4" type="cond" truecount="2" falsecount="0"/>
          <line num="62" count="1" type="stmt"/>
          <line num="65" count="4" type="stmt"/>
          <line num="75" count="10" type="stmt"/>
          <line num="77" count="10" type="stmt"/>
        </file>
        <file name="Input.js" path="/Users/tjohnston/source/react-ui/packages/react-ui-core/src/Form/Input.js">
          <metrics statements="2" coveredstatements="2" conditionals="6" coveredconditionals="6" methods="1" coveredmethods="1"/>
          <line num="56" count="74" type="stmt"/>
          <line num="58" count="74" type="stmt"/>
        </file>
        <file name="Label.js" path="/Users/tjohnston/source/react-ui/packages/react-ui-core/src/Form/Label.js">
          <metrics statements="3" coveredstatements="3" conditionals="0" coveredconditionals="0" methods="1" coveredmethods="1"/>
          <line num="29" count="20" type="stmt"/>
          <line num="31" count="20" type="stmt"/>
          <line num="36" count="20" type="stmt"/>
        </file>
        <file name="RadioButton.js" path="/Users/tjohnston/source/react-ui/packages/react-ui-core/src/Form/RadioButton.js">
          <metrics statements="2" coveredstatements="2" conditionals="6" coveredconditionals="6" methods="1" coveredmethods="1"/>
          <line num="31" count="14" type="stmt"/>
          <line num="33" count="14" type="stmt"/>
        </file>
        <file name="RadioGroup.js" path="/Users/tjohnston/source/react-ui/packages/react-ui-core/src/Form/RadioGroup.js">
          <metrics statements="22" coveredstatements="22" conditionals="19" coveredconditionals="16" methods="11" coveredmethods="11"/>
          <line num="40" count="10" type="stmt"/>
          <line num="41" count="10" type="stmt"/>
          <line num="44" count="10" type="stmt"/>
          <line num="48" count="3" type="cond" truecount="2" falsecount="0"/>
          <line num="49" count="2" type="stmt"/>
          <line num="51" count="2" type="stmt"/>
          <line num="58" count="42" type="cond" truecount="2" falsecount="0"/>
          <line num="62" count="18" type="cond" truecount="2" falsecount="0"/>
          <line num="66" count="12" type="stmt"/>
          <line num="70" count="1" type="stmt"/>
          <line num="74" count="1" type="cond" truecount="1" falsecount="1"/>
          <line num="75" count="1" type="stmt"/>
          <line num="81" count="2" type="cond" truecount="4" falsecount="0"/>
          <line num="82" count="1" type="stmt"/>
          <line num="83" count="1" type="cond" truecount="1" falsecount="1"/>
          <line num="84" count="1" type="stmt"/>
          <line num="90" count="30" type="stmt"/>
          <line num="92" count="30" type="stmt"/>
          <line num="116" count="17" type="stmt"/>
          <line num="118" count="17" type="cond" truecount="2" falsecount="0"/>
          <line num="120" count="15" type="stmt"/>
          <line num="129" count="30" type="stmt"/>
        </file>
        <file name="RangeSlider.js" path="/Users/tjohnston/source/react-ui/packages/react-ui-core/src/Form/RangeSlider.js">
          <metrics statements="13" coveredstatements="0" conditionals="8" coveredconditionals="0" methods="5" coveredmethods="0"/>
          <line num="31" count="0" type="stmt"/>
          <line num="32" count="0" type="stmt"/>
          <line num="33" count="0" type="stmt"/>
          <line num="35" count="0" type="stmt"/>
          <line num="39" count="0" type="cond" truecount="0" falsecount="2"/>
          <line num="40" count="0" type="stmt"/>
          <line num="43" count="0" type="cond" truecount="0" falsecount="2"/>
          <line num="44" count="0" type="stmt"/>
          <line num="49" count="0" type="cond" truecount="0" falsecount="2"/>
          <line num="50" count="0" type="stmt"/>
          <line num="55" count="0" type="stmt"/>
          <line num="65" count="0" type="stmt"/>
          <line num="67" count="0" type="stmt"/>
        </file>
        <file name="Select.js" path="/Users/tjohnston/source/react-ui/packages/react-ui-core/src/Form/Select.js">
          <metrics statements="6" coveredstatements="5" conditionals="2" coveredconditionals="1" methods="2" coveredmethods="2"/>
          <line num="32" count="5" type="stmt"/>
          <line num="36" count="5" type="cond" truecount="1" falsecount="1"/>
          <line num="37" count="0" type="stmt"/>
          <line num="39" count="5" type="stmt"/>
          <line num="40" count="2" type="stmt"/>
          <line num="46" count="5" type="stmt"/>
        </file>
        <file name="Textarea.js" path="/Users/tjohnston/source/react-ui/packages/react-ui-core/src/Form/Textarea.js">
          <metrics statements="2" coveredstatements="2" conditionals="0" coveredconditionals="0" methods="1" coveredmethods="1"/>
          <line num="25" count="7" type="stmt"/>
          <line num="27" count="7" type="stmt"/>
        </file>
        <file name="controls.js" path="/Users/tjohnston/source/react-ui/packages/react-ui-core/src/Form/controls.js">
          <metrics statements="0" coveredstatements="0" conditionals="0" coveredconditionals="0" methods="0" coveredmethods="0"/>
        </file>
        <file name="index.js" path="/Users/tjohnston/source/react-ui/packages/react-ui-core/src/Form/index.js">
          <metrics statements="0" coveredstatements="0" conditionals="0" coveredconditionals="0" methods="0" coveredmethods="0"/>
        </file>
      </package>
      <package name="src.Gmap">
        <metrics statements="251" coveredstatements="225" conditionals="134" coveredconditionals="102" methods="93" coveredmethods="79"/>
        <file name="Gmap.js" path="/Users/tjohnston/source/react-ui/packages/react-ui-core/src/Gmap/Gmap.js">
          <metrics statements="41" coveredstatements="38" conditionals="25" coveredconditionals="19" methods="13" coveredmethods="11"/>
          <line num="11" count="1" type="stmt"/>
          <line num="12" count="1" type="stmt"/>
          <line num="13" count="1" type="stmt"/>
          <line num="18" count="1" type="stmt"/>
          <line num="40" count="1" type="stmt"/>
          <line num="42" count="1" type="stmt"/>
          <line num="81" count="0" type="stmt"/>
          <line num="85" count="14" type="stmt"/>
          <line num="87" count="14" type="stmt"/>
          <line num="88" count="14" type="stmt"/>
          <line num="92" count="14" type="stmt"/>
          <line num="96" count="4" type="stmt"/>
          <line num="98" count="4" type="cond" truecount="1" falsecount="1"/>
          <line num="99" count="4" type="cond" truecount="2" falsecount="0"/>
          <line num="100" count="1" type="stmt"/>
          <line num="103" count="4" type="cond" truecount="4" falsecount="0"/>
          <line num="104" count="1" type="stmt"/>
          <line num="110" count="0" type="cond" truecount="0" falsecount="2"/>
          <line num="111" count="0" type="stmt"/>
          <line num="116" count="16" type="stmt"/>
          <line num="117" count="16" type="stmt"/>
          <line num="118" count="16" type="stmt"/>
          <line num="120" count="16" type="stmt"/>
          <line num="121" count="2" type="stmt"/>
          <line num="125" count="14" type="stmt"/>
          <line num="136" count="14" type="stmt"/>
          <line num="138" count="14" type="stmt"/>
          <line num="147" count="14" type="stmt"/>
          <line num="149" count="14" type="stmt"/>
          <line num="151" count="14" type="stmt"/>
          <line num="152" count="14" type="stmt"/>
          <line num="156" count="4" type="cond" truecount="1" falsecount="1"/>
          <line num="157" count="4" type="cond" truecount="1" falsecount="1"/>
          <line num="159" count="4" type="cond" truecount="6" falsecount="1"/>
          <line num="160" count="4" type="cond" truecount="2" falsecount="0"/>
          <line num="164" count="30" type="stmt"/>
          <line num="170" count="30" type="stmt"/>
          <line num="172" count="158" type="stmt"/>
          <line num="174" count="30" type="stmt"/>
          <line num="190" count="1" type="stmt"/>
          <line num="191" count="19" type="stmt"/>
        </file>
        <file name="GmapInteraction.js" path="/Users/tjohnston/source/react-ui/packages/react-ui-core/src/Gmap/GmapInteraction.js">
          <metrics statements="14" coveredstatements="14" conditionals="10" coveredconditionals="9" methods="4" coveredmethods="4"/>
          <line num="10" count="2" type="stmt"/>
          <line num="12" count="2" type="stmt"/>
          <line num="13" count="2" type="stmt"/>
          <line num="16" count="2" type="stmt"/>
          <line num="18" count="5" type="cond" truecount="2" falsecount="0"/>
          <line num="19" count="4" type="cond" truecount="2" falsecount="0"/>
          <line num="21" count="4" type="cond" truecount="3" falsecount="1"/>
          <line num="22" count="4" type="cond" truecount="2" falsecount="0"/>
          <line num="23" count="2" type="stmt"/>
          <line num="25" count="2" type="stmt"/>
          <line num="29" count="1" type="stmt"/>
          <line num="32" count="2" type="stmt"/>
          <line num="33" count="1" type="stmt"/>
          <line num="39" count="2" type="stmt"/>
        </file>
        <file name="GmapSpinner.js" path="/Users/tjohnston/source/react-ui/packages/react-ui-core/src/Gmap/GmapSpinner.js">
          <metrics statements="12" coveredstatements="11" conditionals="4" coveredconditionals="3" methods="6" coveredmethods="5"/>
          <line num="25" count="7" type="stmt"/>
          <line num="26" count="7" type="stmt"/>
          <line num="30" count="7" type="stmt"/>
          <line num="34" count="2" type="cond" truecount="3" falsecount="1"/>
          <line num="35" count="2" type="stmt"/>
          <line num="40" count="1" type="stmt"/>
          <line num="44" count="4" type="stmt"/>
          <line num="47" count="4" type="stmt"/>
          <line num="48" count="0" type="stmt"/>
          <line num="53" count="9" type="stmt"/>
          <line num="59" count="9" type="stmt"/>
          <line num="61" count="9" type="stmt"/>
        </file>
        <file name="InfoWindow.js" path="/Users/tjohnston/source/react-ui/packages/react-ui-core/src/Gmap/InfoWindow.js">
          <metrics statements="22" coveredstatements="21" conditionals="10" coveredconditionals="9" methods="9" coveredmethods="8"/>
          <line num="6" count="1" type="stmt"/>
          <line num="14" count="1" type="stmt"/>
          <line num="24" count="4" type="stmt"/>
          <line num="26" count="4" type="stmt"/>
          <line num="30" count="4" type="stmt"/>
          <line num="31" count="4" type="stmt"/>
          <line num="35" count="2" type="stmt"/>
          <line num="37" count="2" type="cond" truecount="4" falsecount="0"/>
          <line num="38" count="1" type="stmt"/>
          <line num="40" count="1" type="stmt"/>
          <line num="45" count="0" type="stmt"/>
          <line num="49" count="4" type="stmt"/>
          <line num="50" count="4" type="stmt"/>
          <line num="52" count="4" type="stmt"/>
          <line num="56" count="5" type="stmt"/>
          <line num="58" count="5" type="cond" truecount="4" falsecount="0"/>
          <line num="59" count="2" type="stmt"/>
          <line num="64" count="1" type="cond" truecount="1" falsecount="1"/>
          <line num="65" count="1" type="stmt"/>
          <line num="70" count="6" type="stmt"/>
          <line num="77" count="1" type="stmt"/>
          <line num="78" count="5" type="stmt"/>
        </file>
        <file name="Layer.js" path="/Users/tjohnston/source/react-ui/packages/react-ui-core/src/Gmap/Layer.js">
          <metrics statements="24" coveredstatements="21" conditionals="14" coveredconditionals="8" methods="10" coveredmethods="9"/>
          <line num="5" count="1" type="stmt"/>
          <line num="20" count="1" type="stmt"/>
          <line num="29" count="4" type="stmt"/>
          <line num="30" count="4" type="stmt"/>
          <line num="34" count="4" type="stmt"/>
          <line num="36" count="4" type="cond" truecount="4" falsecount="0"/>
          <line num="37" count="3" type="stmt"/>
          <line num="38" count="3" type="stmt"/>
          <line num="43" count="0" type="cond" truecount="0" falsecount="2"/>
          <line num="44" count="0" type="stmt"/>
          <line num="45" count="0" type="cond" truecount="0" falsecount="2"/>
          <line num="50" count="1" type="stmt"/>
          <line num="54" count="3" type="stmt"/>
          <line num="56" count="3" type="cond" truecount="3" falsecount="1"/>
          <line num="57" count="3" type="stmt"/>
          <line num="58" count="9" type="stmt"/>
          <line num="64" count="1" type="stmt"/>
          <line num="66" count="1" type="cond" truecount="1" falsecount="1"/>
          <line num="67" count="1" type="stmt"/>
          <line num="68" count="3" type="stmt"/>
          <line num="71" count="1" type="stmt"/>
          <line num="75" count="4" type="stmt"/>
          <line num="79" count="1" type="stmt"/>
          <line num="80" count="12" type="stmt"/>
        </file>
        <file name="Marker.js" path="/Users/tjohnston/source/react-ui/packages/react-ui-core/src/Gmap/Marker.js">
          <metrics statements="18" coveredstatements="18" conditionals="6" coveredconditionals="4" methods="9" coveredmethods="9"/>
          <line num="5" count="1" type="stmt"/>
          <line num="16" count="1" type="stmt"/>
          <line num="17" count="4" type="stmt"/>
          <line num="30" count="3" type="stmt"/>
          <line num="34" count="1" type="stmt"/>
          <line num="35" count="1" type="stmt"/>
          <line num="39" count="1" type="stmt"/>
          <line num="43" count="4" type="stmt"/>
          <line num="45" count="4" type="cond" truecount="1" falsecount="1"/>
          <line num="46" count="4" type="stmt"/>
          <line num="51" count="4" type="stmt"/>
          <line num="52" count="4" type="stmt"/>
          <line num="59" count="2" type="cond" truecount="3" falsecount="1"/>
          <line num="60" count="2" type="stmt"/>
          <line num="61" count="2" type="stmt"/>
          <line num="66" count="4" type="stmt"/>
          <line num="70" count="1" type="stmt"/>
          <line num="71" count="8" type="stmt"/>
        </file>
        <file name="Markers.js" path="/Users/tjohnston/source/react-ui/packages/react-ui-core/src/Gmap/Markers.js">
          <metrics statements="35" coveredstatements="28" conditionals="16" coveredconditionals="11" methods="15" coveredmethods="13"/>
          <line num="6" count="20" type="stmt"/>
          <line num="25" count="19" type="stmt"/>
          <line num="31" count="9" type="stmt"/>
          <line num="32" count="9" type="stmt"/>
          <line num="33" count="9" type="stmt"/>
          <line num="37" count="2" type="cond" truecount="2" falsecount="0"/>
          <line num="38" count="2" type="stmt"/>
          <line num="39" count="2" type="stmt"/>
          <line num="43" count="2" type="stmt"/>
          <line num="44" count="2" type="stmt"/>
          <line num="48" count="3" type="stmt"/>
          <line num="49" count="9" type="stmt"/>
          <line num="52" count="3" type="stmt"/>
          <line num="56" count="1" type="stmt"/>
          <line num="58" count="1" type="cond" truecount="2" falsecount="3"/>
          <line num="59" count="1" type="stmt"/>
          <line num="60" count="1" type="stmt"/>
          <line num="63" count="0" type="stmt"/>
          <line num="64" count="0" type="stmt"/>
          <line num="65" count="0" type="stmt"/>
          <line num="67" count="0" type="stmt"/>
          <line num="68" count="0" type="stmt"/>
          <line num="69" count="0" type="stmt"/>
          <line num="74" count="20" type="stmt"/>
          <line num="75" count="20" type="stmt"/>
          <line num="77" count="20" type="cond" truecount="1" falsecount="1"/>
          <line num="78" count="20" type="stmt"/>
          <line num="84" count="0" type="stmt"/>
          <line num="88" count="11" type="stmt"/>
          <line num="90" count="11" type="cond" truecount="5" falsecount="0"/>
          <line num="92" count="6" type="stmt"/>
          <line num="93" count="18" type="stmt"/>
          <line num="95" count="18" type="cond" truecount="1" falsecount="1"/>
          <line num="97" count="18" type="stmt"/>
          <line num="102" count="11" type="stmt"/>
        </file>
        <file name="OverlayView.js" path="/Users/tjohnston/source/react-ui/packages/react-ui-core/src/Gmap/OverlayView.js">
          <metrics statements="46" coveredstatements="39" conditionals="29" coveredconditionals="19" methods="13" coveredmethods="9"/>
          <line num="25" count="4" type="stmt"/>
          <line num="29" count="3" type="stmt"/>
          <line num="31" count="3" type="cond" truecount="3" falsecount="1"/>
          <line num="32" count="3" type="stmt"/>
          <line num="35" count="3" type="cond" truecount="4" falsecount="1"/>
          <line num="36" count="0" type="stmt"/>
          <line num="41" count="0" type="cond" truecount="0" falsecount="2"/>
          <line num="42" count="0" type="stmt"/>
          <line num="47" count="5" type="stmt"/>
          <line num="62" count="3" type="stmt"/>
          <line num="64" count="3" type="cond" truecount="2" falsecount="0"/>
          <line num="65" count="2" type="stmt"/>
          <line num="68" count="1" type="stmt"/>
          <line num="77" count="4" type="stmt"/>
          <line num="79" count="4" type="stmt"/>
          <line num="80" count="4" type="stmt"/>
          <line num="81" count="4" type="stmt"/>
          <line num="82" count="4" type="stmt"/>
          <line num="83" count="4" type="stmt"/>
          <line num="84" count="4" type="cond" truecount="1" falsecount="1"/>
          <line num="86" count="4" type="stmt"/>
          <line num="87" count="4" type="stmt"/>
          <line num="88" count="4" type="stmt"/>
          <line num="89" count="4" type="stmt"/>
          <line num="91" count="4" type="stmt"/>
          <line num="95" count="4" type="stmt"/>
          <line num="96" count="4" type="stmt"/>
          <line num="97" count="40" type="stmt"/>
          <line num="102" count="0" type="stmt"/>
          <line num="104" count="0" type="stmt"/>
          <line num="108" count="0" type="cond" truecount="0" falsecount="2"/>
          <line num="109" count="0" type="stmt"/>
          <line num="114" count="3" type="stmt"/>
          <line num="115" count="3" type="stmt"/>
          <line num="117" count="3" type="cond" truecount="2" falsecount="0"/>
          <line num="118" count="2" type="stmt"/>
          <line num="121" count="2" type="cond" truecount="1" falsecount="1"/>
          <line num="123" count="2" type="stmt"/>
          <line num="126" count="2" type="cond" truecount="3" falsecount="1"/>
          <line num="127" count="2" type="stmt"/>
          <line num="128" count="2" type="stmt"/>
          <line num="129" count="2" type="stmt"/>
          <line num="133" count="3" type="cond" truecount="1" falsecount="1"/>
          <line num="134" count="3" type="stmt"/>
          <line num="139" count="7" type="cond" truecount="2" falsecount="0"/>
          <line num="141" count="3" type="stmt"/>
        </file>
        <file name="withGoogleScript.js" path="/Users/tjohnston/source/react-ui/packages/react-ui-core/src/Gmap/withGoogleScript.js">
          <metrics statements="39" coveredstatements="35" conditionals="20" coveredconditionals="20" methods="14" coveredmethods="11"/>
          <line num="7" count="2" type="stmt"/>
          <line num="8" count="2" type="stmt"/>
          <line num="9" count="2" type="stmt"/>
          <line num="34" count="0" type="stmt"/>
          <line num="44" count="12" type="cond" truecount="5" falsecount="0"/>
          <line num="46" count="6" type="stmt"/>
          <line num="47" count="6" type="stmt"/>
          <line num="50" count="6" type="stmt"/>
          <line num="51" count="6" type="stmt"/>
          <line num="55" count="1" type="stmt"/>
          <line num="59" count="3" type="cond" truecount="3" falsecount="0"/>
          <line num="63" count="13" type="cond" truecount="2" falsecount="0"/>
          <line num="67" count="10" type="stmt"/>
          <line num="68" count="10" type="stmt"/>
          <line num="70" count="10" type="cond" truecount="2" falsecount="0"/>
          <line num="71" count="3" type="cond" truecount="2" falsecount="0"/>
          <line num="72" count="1" type="stmt"/>
          <line num="75" count="7" type="stmt"/>
          <line num="79" count="4" type="stmt"/>
          <line num="80" count="4" type="stmt"/>
          <line num="84" count="1" type="stmt"/>
          <line num="88" count="6" type="stmt"/>
          <line num="89" count="0" type="stmt"/>
          <line num="90" count="0" type="stmt"/>
          <line num="93" count="6" type="stmt"/>
          <line num="99" count="0" type="stmt"/>
          <line num="103" count="6" type="cond" truecount="2" falsecount="0"/>
          <line num="104" count="4" type="stmt"/>
          <line num="105" count="4" type="stmt"/>
          <line num="106" count="4" type="stmt"/>
          <line num="107" count="4" type="stmt"/>
          <line num="108" count="4" type="stmt"/>
          <line num="109" count="4" type="stmt"/>
          <line num="110" count="4" type="stmt"/>
          <line num="111" count="4" type="stmt"/>
          <line num="116" count="10" type="stmt"/>
          <line num="124" count="10" type="stmt"/>
          <line num="126" count="10" type="stmt"/>
          <line num="133" count="10" type="stmt"/>
        </file>
      </package>
      <package name="src.Gmap.utils">
        <metrics statements="23" coveredstatements="23" conditionals="15" coveredconditionals="14" methods="8" coveredmethods="6"/>
        <file name="getDisplayName.js" path="/Users/tjohnston/source/react-ui/packages/react-ui-core/src/Gmap/utils/getDisplayName.js">
          <metrics statements="3" coveredstatements="3" conditionals="7" coveredconditionals="6" methods="1" coveredmethods="1"/>
          <line num="2" count="15" type="cond" truecount="2" falsecount="0"/>
          <line num="3" count="5" type="cond" truecount="1" falsecount="1"/>
          <line num="5" count="5" type="cond" truecount="3" falsecount="0"/>
        </file>
        <file name="mapEventHelpers.js" path="/Users/tjohnston/source/react-ui/packages/react-ui-core/src/Gmap/utils/mapEventHelpers.js">
          <metrics statements="8" coveredstatements="8" conditionals="4" coveredconditionals="4" methods="4" coveredmethods="3"/>
          <line num="1" count="5" type="stmt"/>
          <line num="2" count="8" type="stmt"/>
          <line num="4" count="5" type="stmt"/>
          <line num="5" count="24" type="stmt"/>
          <line num="7" count="24" type="stmt"/>
          <line num="8" count="359" type="cond" truecount="4" falsecount="0"/>
          <line num="9" count="8" type="stmt"/>
          <line num="10" count="8" type="stmt"/>
        </file>
        <file name="markerHelpers.js" path="/Users/tjohnston/source/react-ui/packages/react-ui-core/src/Gmap/utils/markerHelpers.js">
          <metrics statements="12" coveredstatements="12" conditionals="4" coveredconditionals="4" methods="3" coveredmethods="2"/>
          <line num="4" count="3" type="stmt"/>
          <line num="28" count="3" type="stmt"/>
          <line num="29" count="3" type="cond" truecount="2" falsecount="0"/>
          <line num="30" count="2" type="stmt"/>
          <line num="31" count="2" type="stmt"/>
          <line num="35" count="3" type="stmt"/>
          <line num="36" count="3" type="cond" truecount="2" falsecount="0"/>
          <line num="37" count="2" type="stmt"/>
          <line num="38" count="2" type="stmt"/>
          <line num="43" count="2" type="stmt"/>
          <line num="45" count="2" type="stmt"/>
          <line num="48" count="1" type="stmt"/>
        </file>
      </package>
      <package name="src.Highlighter">
        <metrics statements="11" coveredstatements="10" conditionals="6" coveredconditionals="5" methods="5" coveredmethods="4"/>
        <file name="Highlighter.js" path="/Users/tjohnston/source/react-ui/packages/react-ui-core/src/Highlighter/Highlighter.js">
          <metrics statements="11" coveredstatements="10" conditionals="6" coveredconditionals="5" methods="5" coveredmethods="4"/>
          <line num="25" count="0" type="stmt"/>
          <line num="29" count="6" type="stmt"/>
          <line num="31" count="6" type="cond" truecount="1" falsecount="1"/>
          <line num="33" count="6" type="stmt"/>
          <line num="35" count="8" type="stmt"/>
          <line num="46" count="8" type="stmt"/>
          <line num="48" count="8" type="cond" truecount="4" falsecount="0"/>
          <line num="49" count="6" type="stmt"/>
          <line num="62" count="2" type="stmt"/>
          <line num="72" count="6" type="stmt"/>
          <line num="74" count="6" type="stmt"/>
        </file>
        <file name="index.js" path="/Users/tjohnston/source/react-ui/packages/react-ui-core/src/Highlighter/index.js">
          <metrics statements="0" coveredstatements="0" conditionals="0" coveredconditionals="0" methods="0" coveredmethods="0"/>
        </file>
      </package>
      <package name="src.LeadForm">
        <metrics statements="23" coveredstatements="21" conditionals="5" coveredconditionals="4" methods="10" coveredmethods="8"/>
        <file name="Header.js" path="/Users/tjohnston/source/react-ui/packages/react-ui-core/src/LeadForm/Header.js">
          <metrics statements="6" coveredstatements="6" conditionals="2" coveredconditionals="2" methods="2" coveredmethods="2"/>
          <line num="31" count="4" type="stmt"/>
          <line num="33" count="4" type="cond" truecount="2" falsecount="0"/>
          <line num="34" count="1" type="stmt"/>
          <line num="41" count="3" type="stmt"/>
          <line num="48" count="4" type="stmt"/>
          <line num="50" count="4" type="stmt"/>
        </file>
        <file name="LeadForm.js" path="/Users/tjohnston/source/react-ui/packages/react-ui-core/src/LeadForm/LeadForm.js">
          <metrics statements="15" coveredstatements="13" conditionals="3" coveredconditionals="2" methods="7" coveredmethods="5"/>
          <line num="19" count="1" type="stmt"/>
          <line num="31" count="1" type="stmt"/>
          <line num="65" count="2" type="stmt"/>
          <line num="66" count="2" type="stmt"/>
          <line num="70" count="0" type="stmt"/>
          <line num="74" count="0" type="stmt"/>
          <line num="78" count="2" type="stmt"/>
          <line num="80" count="2" type="stmt"/>
          <line num="81" count="16" type="stmt"/>
          <line num="82" count="16" type="stmt"/>
          <line num="83" count="16" type="cond" truecount="2" falsecount="1"/>
          <line num="85" count="16" type="stmt"/>
          <line num="96" count="2" type="stmt"/>
          <line num="105" count="2" type="stmt"/>
          <line num="107" count="2" type="stmt"/>
        </file>
        <file name="SubmitButton.js" path="/Users/tjohnston/source/react-ui/packages/react-ui-core/src/LeadForm/SubmitButton.js">
          <metrics statements="2" coveredstatements="2" conditionals="0" coveredconditionals="0" methods="1" coveredmethods="1"/>
          <line num="21" count="2" type="stmt"/>
          <line num="23" count="2" type="stmt"/>
        </file>
      </package>
      <package name="src.LeadForm.Fields">
        <metrics statements="7" coveredstatements="7" conditionals="0" coveredconditionals="0" methods="6" coveredmethods="6"/>
        <file name="Email.js" path="/Users/tjohnston/source/react-ui/packages/react-ui-core/src/LeadForm/Fields/Email.js">
          <metrics statements="1" coveredstatements="1" conditionals="0" coveredconditionals="0" methods="1" coveredmethods="1"/>
          <line num="19" count="7" type="stmt"/>
        </file>
        <file name="Message.js" path="/Users/tjohnston/source/react-ui/packages/react-ui-core/src/LeadForm/Fields/Message.js">
          <metrics statements="1" coveredstatements="1" conditionals="0" coveredconditionals="0" methods="1" coveredmethods="1"/>
          <line num="29" count="5" type="stmt"/>
        </file>
        <file name="Name.js" path="/Users/tjohnston/source/react-ui/packages/react-ui-core/src/LeadForm/Fields/Name.js">
          <metrics statements="1" coveredstatements="1" conditionals="0" coveredconditionals="0" methods="1" coveredmethods="1"/>
          <line num="18" count="7" type="stmt"/>
        </file>
        <file name="OptInNewsLetter.js" path="/Users/tjohnston/source/react-ui/packages/react-ui-core/src/LeadForm/Fields/OptInNewsLetter.js">
          <metrics statements="1" coveredstatements="1" conditionals="0" coveredconditionals="0" methods="1" coveredmethods="1"/>
          <line num="23" count="2" type="stmt"/>
        </file>
        <file name="Phone.js" path="/Users/tjohnston/source/react-ui/packages/react-ui-core/src/LeadForm/Fields/Phone.js">
          <metrics statements="1" coveredstatements="1" conditionals="0" coveredconditionals="0" methods="1" coveredmethods="1"/>
          <line num="19" count="7" type="stmt"/>
        </file>
        <file name="TermsOfService.js" path="/Users/tjohnston/source/react-ui/packages/react-ui-core/src/LeadForm/Fields/TermsOfService.js">
          <metrics statements="2" coveredstatements="2" conditionals="0" coveredconditionals="0" methods="1" coveredmethods="1"/>
          <line num="32" count="4" type="stmt"/>
          <line num="34" count="4" type="stmt"/>
        </file>
        <file name="index.js" path="/Users/tjohnston/source/react-ui/packages/react-ui-core/src/LeadForm/Fields/index.js">
          <metrics statements="0" coveredstatements="0" conditionals="0" coveredconditionals="0" methods="0" coveredmethods="0"/>
        </file>
      </package>
      <package name="src.List">
        <metrics statements="22" coveredstatements="22" conditionals="17" coveredconditionals="16" methods="10" coveredmethods="10"/>
        <file name="List.js" path="/Users/tjohnston/source/react-ui/packages/react-ui-core/src/List/List.js">
          <metrics statements="18" coveredstatements="18" conditionals="11" coveredconditionals="11" methods="8" coveredmethods="8"/>
          <line num="41" count="37" type="stmt"/>
          <line num="42" count="37" type="stmt"/>
          <line num="46" count="33" type="cond" truecount="2" falsecount="0"/>
          <line num="47" count="3" type="stmt"/>
          <line num="51" count="40" type="stmt"/>
          <line num="55" count="163" type="stmt"/>
          <line num="59" count="70" type="stmt"/>
          <line num="63" count="163" type="cond" truecount="5" falsecount="0"/>
          <line num="64" count="31" type="stmt"/>
          <line num="65" count="31" type="stmt"/>
          <line num="66" count="132" type="cond" truecount="2" falsecount="0"/>
          <line num="67" count="1" type="stmt"/>
          <line num="69" count="131" type="stmt"/>
          <line num="83" count="70" type="stmt"/>
          <line num="85" count="70" type="stmt"/>
          <line num="87" count="70" type="stmt"/>
          <line num="96" count="163" type="stmt"/>
          <line num="97" count="163" type="stmt"/>
        </file>
        <file name="ListItem.js" path="/Users/tjohnston/source/react-ui/packages/react-ui-core/src/List/ListItem.js">
          <metrics statements="4" coveredstatements="4" conditionals="6" coveredconditionals="5" methods="2" coveredmethods="2"/>
          <line num="36" count="8" type="stmt"/>
          <line num="38" count="8" type="cond" truecount="1" falsecount="1"/>
          <line num="52" count="110" type="stmt"/>
          <line num="54" count="110" type="stmt"/>
        </file>
        <file name="index.js" path="/Users/tjohnston/source/react-ui/packages/react-ui-core/src/List/index.js">
          <metrics statements="0" coveredstatements="0" conditionals="0" coveredconditionals="0" methods="0" coveredmethods="0"/>
        </file>
      </package>
      <package name="src.Listing">
        <metrics statements="34" coveredstatements="33" conditionals="26" coveredconditionals="18" methods="12" coveredmethods="11"/>
        <file name="ListingCell.js" path="/Users/tjohnston/source/react-ui/packages/react-ui-core/src/Listing/ListingCell.js">
          <metrics statements="13" coveredstatements="12" conditionals="16" coveredconditionals="9" methods="6" coveredmethods="5"/>
          <line num="53" count="3" type="stmt"/>
          <line num="70" count="0" type="cond" truecount="0" falsecount="3"/>
          <line num="76" count="10" type="stmt"/>
          <line num="80" count="5" type="stmt"/>
          <line num="85" count="3" type="stmt"/>
          <line num="86" count="3" type="stmt"/>
          <line num="88" count="3" type="stmt"/>
          <line num="89" count="3" type="cond" truecount="2" falsecount="2"/>
          <line num="90" count="3" type="cond" truecount="1" falsecount="1"/>
          <line num="92" count="3" type="cond" truecount="5" falsecount="0"/>
          <line num="93" count="2" type="cond" truecount="1" falsecount="1"/>
          <line num="106" count="5" type="stmt"/>
          <line num="108" count="5" type="stmt"/>
        </file>
        <file name="ListingComponents.js" path="/Users/tjohnston/source/react-ui/packages/react-ui-core/src/Listing/ListingComponents.js">
          <metrics statements="21" coveredstatements="21" conditionals="10" coveredconditionals="9" methods="6" coveredmethods="6"/>
          <line num="9" count="1" type="stmt"/>
          <line num="27" count="2" type="stmt"/>
          <line num="28" count="2" type="stmt"/>
          <line num="30" count="2" type="cond" truecount="1" falsecount="1"/>
          <line num="31" count="2" type="stmt"/>
          <line num="46" count="12" type="stmt"/>
          <line num="49" count="1" type="stmt"/>
          <line num="59" count="9" type="stmt"/>
          <line num="61" count="1" type="stmt"/>
          <line num="62" count="3" type="cond" truecount="2" falsecount="0"/>
          <line num="65" count="1" type="stmt"/>
          <line num="69" count="1" type="stmt"/>
          <line num="70" count="3" type="cond" truecount="2" falsecount="0"/>
          <line num="73" count="1" type="stmt"/>
          <line num="82" count="1" type="stmt"/>
          <line num="83" count="5" type="cond" truecount="2" falsecount="0"/>
          <line num="85" count="5" type="cond" truecount="2" falsecount="0"/>
          <line num="86" count="3" type="stmt"/>
          <line num="96" count="1" type="stmt"/>
          <line num="101" count="1" type="stmt"/>
          <line num="105" count="1" type="stmt"/>
        </file>
      </package>
      <package name="src.Menu">
        <metrics statements="67" coveredstatements="62" conditionals="60" coveredconditionals="48" methods="29" coveredmethods="29"/>
        <file name="DropdownMenu.js" path="/Users/tjohnston/source/react-ui/packages/react-ui-core/src/Menu/DropdownMenu.js">
          <metrics statements="22" coveredstatements="22" conditionals="22" coveredconditionals="19" methods="11" coveredmethods="11"/>
          <line num="32" count="9" type="stmt"/>
          <line num="33" count="9" type="cond" truecount="3" falsecount="0"/>
          <line num="34" count="9" type="stmt"/>
          <line num="38" count="2" type="cond" truecount="2" falsecount="0"/>
          <line num="39" count="1" type="stmt"/>
          <line num="40" count="1" type="cond" truecount="1" falsecount="1"/>
          <line num="41" count="1" type="stmt"/>
          <line num="46" count="6" type="stmt"/>
          <line num="48" count="6" type="cond" truecount="4" falsecount="0"/>
          <line num="55" count="15" type="cond" truecount="1" falsecount="1"/>
          <line num="59" count="15" type="stmt"/>
          <line num="60" count="15" type="cond" truecount="2" falsecount="0"/>
          <line num="64" count="35" type="stmt"/>
          <line num="65" count="10" type="cond" truecount="2" falsecount="0"/>
          <line num="70" count="2" type="stmt"/>
          <line num="72" count="2" type="cond" truecount="1" falsecount="1"/>
          <line num="74" count="2" type="stmt"/>
          <line num="78" count="15" type="stmt"/>
          <line num="80" count="15" type="cond" truecount="2" falsecount="0"/>
          <line num="81" count="14" type="stmt"/>
          <line num="94" count="15" type="stmt"/>
          <line num="96" count="15" type="stmt"/>
        </file>
        <file name="Menu.js" path="/Users/tjohnston/source/react-ui/packages/react-ui-core/src/Menu/Menu.js">
          <metrics statements="40" coveredstatements="35" conditionals="34" coveredconditionals="25" methods="16" coveredmethods="16"/>
          <line num="8" count="4" type="stmt"/>
          <line num="9" count="4" type="stmt"/>
          <line num="10" count="4" type="stmt"/>
          <line num="48" count="27" type="stmt"/>
          <line num="49" count="27" type="stmt"/>
          <line num="57" count="27" type="stmt"/>
          <line num="58" count="27" type="stmt"/>
          <line num="62" count="3" type="cond" truecount="1" falsecount="1"/>
          <line num="63" count="0" type="stmt"/>
          <line num="66" count="3" type="cond" truecount="1" falsecount="1"/>
          <line num="67" count="0" type="stmt"/>
          <line num="74" count="9" type="stmt"/>
          <line num="79" count="4" type="cond" truecount="1" falsecount="2"/>
          <line num="81" count="4" type="cond" truecount="2" falsecount="2"/>
          <line num="83" count="3" type="stmt"/>
          <line num="84" count="3" type="stmt"/>
          <line num="86" count="0" type="stmt"/>
          <line num="87" count="0" type="stmt"/>
          <line num="88" count="0" type="stmt"/>
          <line num="90" count="1" type="stmt"/>
          <line num="91" count="1" type="stmt"/>
          <line num="92" count="1" type="stmt"/>
          <line num="98" count="106" type="cond" truecount="2" falsecount="0"/>
          <line num="102" count="9" type="cond" truecount="2" falsecount="0"/>
          <line num="107" count="9" type="stmt"/>
          <line num="109" count="9" type="stmt"/>
          <line num="111" count="9" type="cond" truecount="5" falsecount="0"/>
          <line num="112" count="8" type="stmt"/>
          <line num="118" count="10" type="stmt"/>
          <line num="120" count="10" type="cond" truecount="4" falsecount="0"/>
          <line num="121" count="8" type="stmt"/>
          <line num="124" count="8" type="cond" truecount="1" falsecount="1"/>
          <line num="130" count="30" type="stmt"/>
          <line num="132" count="30" type="cond" truecount="4" falsecount="0"/>
          <line num="133" count="22" type="stmt"/>
          <line num="137" count="22" type="cond" truecount="1" falsecount="1"/>
          <line num="142" count="63" type="stmt"/>
          <line num="146" count="63" type="stmt"/>
          <line num="157" count="60" type="stmt"/>
          <line num="159" count="60" type="stmt"/>
        </file>
        <file name="MenuWrapper.js" path="/Users/tjohnston/source/react-ui/packages/react-ui-core/src/Menu/MenuWrapper.js">
          <metrics statements="5" coveredstatements="5" conditionals="4" coveredconditionals="4" methods="2" coveredmethods="2"/>
          <line num="15" count="4" type="stmt"/>
          <line num="17" count="4" type="cond" truecount="2" falsecount="0"/>
          <line num="18" count="4" type="cond" truecount="2" falsecount="0"/>
          <line num="26" count="5" type="stmt"/>
          <line num="28" count="5" type="stmt"/>
        </file>
        <file name="index.js" path="/Users/tjohnston/source/react-ui/packages/react-ui-core/src/Menu/index.js">
          <metrics statements="0" coveredstatements="0" conditionals="0" coveredconditionals="0" methods="0" coveredmethods="0"/>
        </file>
      </package>
      <package name="src.Modal">
        <metrics statements="33" coveredstatements="33" conditionals="22" coveredconditionals="21" methods="14" coveredmethods="13"/>
        <file name="Modal.js" path="/Users/tjohnston/source/react-ui/packages/react-ui-core/src/Modal/Modal.js">
          <metrics statements="10" coveredstatements="10" conditionals="8" coveredconditionals="7" methods="6" coveredmethods="5"/>
          <line num="31" count="11" type="stmt"/>
          <line num="32" count="11" type="stmt"/>
          <line num="36" count="8" type="cond" truecount="2" falsecount="0"/>
          <line num="37" count="3" type="stmt"/>
          <line num="42" count="20" type="stmt"/>
          <line num="43" count="20" type="cond" truecount="2" falsecount="0"/>
          <line num="48" count="3" type="stmt"/>
          <line num="49" count="3" type="cond" truecount="1" falsecount="1"/>
          <line num="60" count="20" type="stmt"/>
          <line num="62" count="20" type="stmt"/>
        </file>
        <file name="ModalBody.js" path="/Users/tjohnston/source/react-ui/packages/react-ui-core/src/Modal/ModalBody.js">
          <metrics statements="6" coveredstatements="6" conditionals="2" coveredconditionals="2" methods="2" coveredmethods="2"/>
          <line num="30" count="6" type="cond" truecount="2" falsecount="0"/>
          <line num="31" count="2" type="stmt"/>
          <line num="32" count="2" type="stmt"/>
          <line num="37" count="4" type="stmt"/>
          <line num="48" count="6" type="stmt"/>
          <line num="50" count="6" type="stmt"/>
        </file>
        <file name="ModalCloseButton.js" path="/Users/tjohnston/source/react-ui/packages/react-ui-core/src/Modal/ModalCloseButton.js">
          <metrics statements="2" coveredstatements="2" conditionals="0" coveredconditionals="0" methods="1" coveredmethods="1"/>
          <line num="28" count="3" type="stmt"/>
          <line num="30" count="3" type="stmt"/>
        </file>
        <file name="Overlay.js" path="/Users/tjohnston/source/react-ui/packages/react-ui-core/src/Modal/Overlay.js">
          <metrics statements="15" coveredstatements="15" conditionals="12" coveredconditionals="12" methods="5" coveredmethods="5"/>
          <line num="28" count="5" type="stmt"/>
          <line num="30" count="5" type="cond" truecount="2" falsecount="0"/>
          <line num="31" count="4" type="stmt"/>
          <line num="38" count="5" type="cond" truecount="2" falsecount="0"/>
          <line num="39" count="2" type="stmt"/>
          <line num="42" count="5" type="cond" truecount="2" falsecount="0"/>
          <line num="43" count="4" type="stmt"/>
          <line num="50" count="6" type="cond" truecount="2" falsecount="0"/>
          <line num="51" count="4" type="stmt"/>
          <line num="53" count="2" type="stmt"/>
          <line num="55" count="2" type="cond" truecount="4" falsecount="0"/>
          <line num="56" count="1" type="stmt"/>
          <line num="61" count="11" type="stmt"/>
          <line num="63" count="11" type="stmt"/>
          <line num="65" count="1" type="stmt"/>
        </file>
      </package>
      <package name="src.ModalStack">
        <metrics statements="33" coveredstatements="12" conditionals="20" coveredconditionals="6" methods="12" coveredmethods="4"/>
        <file name="ModalStack.js" path="/Users/tjohnston/source/react-ui/packages/react-ui-core/src/ModalStack/ModalStack.js">
          <metrics statements="33" coveredstatements="12" conditionals="20" coveredconditionals="6" methods="12" coveredmethods="4"/>
          <line num="41" count="2" type="stmt"/>
          <line num="42" count="2" type="stmt"/>
          <line num="49" count="2" type="stmt"/>
          <line num="55" count="0" type="cond" truecount="0" falsecount="1"/>
          <line num="57" count="0" type="cond" truecount="0" falsecount="4"/>
          <line num="58" count="0" type="stmt"/>
          <line num="60" count="0" type="cond" truecount="0" falsecount="2"/>
          <line num="61" count="0" type="stmt"/>
          <line num="62" count="0" type="stmt"/>
          <line num="78" count="0" type="stmt"/>
          <line num="80" count="0" type="cond" truecount="0" falsecount="2"/>
          <line num="84" count="0" type="stmt"/>
          <line num="88" count="2" type="stmt"/>
          <line num="90" count="2" type="stmt"/>
          <line num="91" count="2" type="cond" truecount="2" falsecount="0"/>
          <line num="92" count="1" type="stmt"/>
          <line num="93" count="1" type="stmt"/>
          <line num="94" count="1" type="stmt"/>
          <line num="100" count="0" type="stmt"/>
          <line num="101" count="0" type="cond" truecount="0" falsecount="2"/>
          <line num="116" count="0" type="stmt"/>
          <line num="117" count="0" type="stmt"/>
          <line num="122" count="0" type="stmt"/>
          <line num="123" count="0" type="stmt"/>
          <line num="124" count="0" type="stmt"/>
          <line num="126" count="0" type="stmt"/>
          <line num="128" count="0" type="cond" truecount="0" falsecount="2"/>
          <line num="129" count="0" type="stmt"/>
          <line num="140" count="0" type="stmt"/>
          <line num="144" count="2" type="stmt"/>
          <line num="146" count="2" type="cond" truecount="4" falsecount="1"/>
          <line num="147" count="0" type="stmt"/>
          <line num="149" count="2" type="stmt"/>
        </file>
      </package>
      <package name="src.Photo">
        <metrics statements="17" coveredstatements="5" conditionals="12" coveredconditionals="3" methods="9" coveredmethods="2"/>
        <file name="BackgroundPhoto.js" path="/Users/tjohnston/source/react-ui/packages/react-ui-core/src/Photo/BackgroundPhoto.js">
          <metrics statements="8" coveredstatements="0" conditionals="2" coveredconditionals="0" methods="5" coveredmethods="0"/>
          <line num="29" count="0" type="stmt"/>
          <line num="30" count="0" type="cond" truecount="0" falsecount="2"/>
          <line num="34" count="0" type="stmt"/>
          <line num="35" count="0" type="stmt"/>
          <line num="38" count="0" type="stmt"/>
          <line num="44" count="0" type="stmt"/>
          <line num="45" count="0" type="stmt"/>
          <line num="47" count="0" type="stmt"/>
        </file>
        <file name="Photo.js" path="/Users/tjohnston/source/react-ui/packages/react-ui-core/src/Photo/Photo.js">
          <metrics statements="9" coveredstatements="5" conditionals="10" coveredconditionals="3" methods="4" coveredmethods="2"/>
          <line num="25" count="3" type="stmt"/>
          <line num="27" count="3" type="stmt"/>
          <line num="34" count="0" type="cond" truecount="0" falsecount="2"/>
          <line num="36" count="0" type="cond" truecount="0" falsecount="4"/>
          <line num="37" count="0" type="stmt"/>
          <line num="64" count="0" type="stmt"/>
          <line num="75" count="3" type="stmt"/>
          <line num="77" count="3" type="stmt"/>
          <line num="79" count="3" type="stmt"/>
        </file>
        <file name="index.js" path="/Users/tjohnston/source/react-ui/packages/react-ui-core/src/Photo/index.js">
          <metrics statements="0" coveredstatements="0" conditionals="0" coveredconditionals="0" methods="0" coveredmethods="0"/>
        </file>
      </package>
      <package name="src.Ratings">
        <metrics statements="6" coveredstatements="6" conditionals="6" coveredconditionals="5" methods="2" coveredmethods="2"/>
        <file name="RatingBar.js" path="/Users/tjohnston/source/react-ui/packages/react-ui-core/src/Ratings/RatingBar.js">
          <metrics statements="6" coveredstatements="6" conditionals="6" coveredconditionals="5" methods="2" coveredmethods="2"/>
          <line num="29" count="4" type="stmt"/>
          <line num="31" count="4" type="stmt"/>
          <line num="32" count="4" type="cond" truecount="2" falsecount="0"/>
          <line num="34" count="4" type="stmt"/>
          <line num="55" count="4" type="stmt"/>
          <line num="57" count="4" type="stmt"/>
        </file>
        <file name="index.js" path="/Users/tjohnston/source/react-ui/packages/react-ui-core/src/Ratings/index.js">
          <metrics statements="0" coveredstatements="0" conditionals="0" coveredconditionals="0" methods="0" coveredmethods="0"/>
        </file>
      </package>
      <package name="src.Schema">
        <metrics statements="20" coveredstatements="19" conditionals="14" coveredconditionals="14" methods="6" coveredmethods="5"/>
        <file name="Schema.js" path="/Users/tjohnston/source/react-ui/packages/react-ui-core/src/Schema/Schema.js">
          <metrics statements="20" coveredstatements="19" conditionals="14" coveredconditionals="14" methods="6" coveredmethods="5"/>
          <line num="5" count="2" type="stmt"/>
          <line num="6" count="4" type="stmt"/>
          <line num="11" count="2" type="stmt"/>
          <line num="15" count="2" type="stmt"/>
          <line num="16" count="5" type="cond" truecount="4" falsecount="0"/>
          <line num="17" count="3" type="stmt"/>
          <line num="20" count="2" type="stmt"/>
          <line num="35" count="2" type="stmt"/>
          <line num="41" count="2" type="stmt"/>
          <line num="42" count="4" type="stmt"/>
          <line num="50" count="2" type="stmt"/>
          <line num="57" count="2" type="stmt"/>
          <line num="58" count="5" type="cond" truecount="4" falsecount="0"/>
          <line num="59" count="3" type="stmt"/>
          <line num="62" count="2" type="stmt"/>
          <line num="70" count="2" type="stmt"/>
          <line num="78" count="2" type="stmt"/>
          <line num="79" count="2" type="stmt"/>
          <line num="87" count="0" type="stmt"/>
          <line num="98" count="2" type="stmt"/>
        </file>
        <file name="index.js" path="/Users/tjohnston/source/react-ui/packages/react-ui-core/src/Schema/index.js">
          <metrics statements="0" coveredstatements="0" conditionals="0" coveredconditionals="0" methods="0" coveredmethods="0"/>
        </file>
      </package>
      <package name="src.Text">
        <metrics statements="2" coveredstatements="2" conditionals="0" coveredconditionals="0" methods="1" coveredmethods="1"/>
        <file name="Text.js" path="/Users/tjohnston/source/react-ui/packages/react-ui-core/src/Text/Text.js">
          <metrics statements="2" coveredstatements="2" conditionals="0" coveredconditionals="0" methods="1" coveredmethods="1"/>
          <line num="28" count="37" type="stmt"/>
          <line num="30" count="37" type="stmt"/>
        </file>
        <file name="index.js" path="/Users/tjohnston/source/react-ui/packages/react-ui-core/src/Text/index.js">
          <metrics statements="0" coveredstatements="0" conditionals="0" coveredconditionals="0" methods="0" coveredmethods="0"/>
        </file>
      </package>
      <package name="src.Title">
        <metrics statements="2" coveredstatements="2" conditionals="0" coveredconditionals="0" methods="1" coveredmethods="1"/>
        <file name="Title.js" path="/Users/tjohnston/source/react-ui/packages/react-ui-core/src/Title/Title.js">
          <metrics statements="2" coveredstatements="2" conditionals="0" coveredconditionals="0" methods="1" coveredmethods="1"/>
          <line num="29" count="4" type="stmt"/>
          <line num="31" count="4" type="stmt"/>
        </file>
      </package>
      <package name="test">
        <metrics statements="22" coveredstatements="11" conditionals="0" coveredconditionals="0" methods="30" coveredmethods="14"/>
        <file name="setup.js" path="/Users/tjohnston/source/react-ui/packages/react-ui-core/test/setup.js">
          <metrics statements="1" coveredstatements="1" conditionals="0" coveredconditionals="0" methods="0" coveredmethods="0"/>
          <line num="5" count="57" type="stmt"/>
        </file>
        <file name="shim.js" path="/Users/tjohnston/source/react-ui/packages/react-ui-core/test/shim.js">
          <metrics statements="21" coveredstatements="10" conditionals="0" coveredconditionals="0" methods="30" coveredmethods="14"/>
          <line num="3" count="57" type="stmt"/>
          <line num="4" count="0" type="stmt"/>
          <line num="7" count="57" type="stmt"/>
          <line num="9" count="57" type="stmt"/>
          <line num="15" count="0" type="stmt"/>
          <line num="18" count="0" type="stmt"/>
          <line num="19" count="0" type="stmt"/>
          <line num="21" count="0" type="stmt"/>
          <line num="22" count="0" type="stmt"/>
          <line num="23" count="0" type="stmt"/>
          <line num="25" count="4" type="stmt"/>
          <line num="27" count="0" type="stmt"/>
          <line num="34" count="2" type="stmt"/>
          <line num="35" count="2" type="stmt"/>
          <line num="38" count="4" type="stmt"/>
          <line num="44" count="4" type="stmt"/>
          <line num="46" count="2" type="stmt"/>
          <line num="48" count="0" type="stmt"/>
          <line num="49" count="14" type="stmt"/>
          <line num="57" count="0" type="stmt"/>
          <line num="58" count="0" type="stmt"/>
        </file>
      </package>
    </metrics>
  </project>
</coverage>
