{"/Users/tjohnston/source/react-ui/packages/react-ui-core/src/AutoSuggestField/AutoSuggestField.js": {"path":"/Users/tjohnston/source/react-ui/packages/react-ui-core/src/AutoSuggestField/AutoSuggestField.js","statementMap":{"0":{"start":{"line":16,"column":14},"end":{"line":16,"column":16}},"1":{"start":{"line":17,"column":15},"end":{"line":17,"column":17}},"2":{"start":{"line":63,"column":28},"end":{"line":63,"column":33}},"3":{"start":{"line":70,"column":4},"end":{"line":70,"column":16}},"4":{"start":{"line":71,"column":40},"end":{"line":71,"column":45}},"5":{"start":{"line":73,"column":4},"end":{"line":73,"column":41}},"6":{"start":{"line":74,"column":4},"end":{"line":77,"column":5}},"7":{"start":{"line":81,"column":4},"end":{"line":81,"column":56}},"8":{"start":{"line":85,"column":4},"end":{"line":89,"column":5}},"9":{"start":{"line":86,"column":6},"end":{"line":88,"column":8}},"10":{"start":{"line":93,"column":4},"end":{"line":93,"column":59}},"11":{"start":{"line":98,"column":28},"end":{"line":98,"column":38}},"12":{"start":{"line":99,"column":24},"end":{"line":99,"column":34}},"13":{"start":{"line":100,"column":17},"end":{"line":100,"column":67}},"14":{"start":{"line":102,"column":4},"end":{"line":112,"column":5}},"15":{"start":{"line":104,"column":8},"end":{"line":104,"column":26}},"16":{"start":{"line":105,"column":8},"end":{"line":105,"column":13}},"17":{"start":{"line":107,"column":8},"end":{"line":109,"column":9}},"18":{"start":{"line":108,"column":10},"end":{"line":108,"column":45}},"19":{"start":{"line":110,"column":8},"end":{"line":110,"column":13}},"20":{"start":{"line":116,"column":26},"end":{"line":116,"column":36}},"21":{"start":{"line":118,"column":4},"end":{"line":118,"column":46}},"22":{"start":{"line":118,"column":20},"end":{"line":118,"column":46}},"23":{"start":{"line":119,"column":29},"end":{"line":119,"column":93}},"24":{"start":{"line":121,"column":4},"end":{"line":127,"column":5}},"25":{"start":{"line":122,"column":7},"end":{"line":126,"column":8}},"26":{"start":{"line":131,"column":4},"end":{"line":131,"column":38}},"27":{"start":{"line":132,"column":4},"end":{"line":134,"column":10}},"28":{"start":{"line":139,"column":18},"end":{"line":139,"column":36}},"29":{"start":{"line":140,"column":4},"end":{"line":140,"column":28}},"30":{"start":{"line":141,"column":4},"end":{"line":141,"column":37}},"31":{"start":{"line":142,"column":4},"end":{"line":142,"column":23}},"32":{"start":{"line":147,"column":4},"end":{"line":147,"column":41}},"33":{"start":{"line":148,"column":4},"end":{"line":148,"column":46}},"34":{"start":{"line":159,"column":8},"end":{"line":159,"column":18}},"35":{"start":{"line":161,"column":4},"end":{"line":161,"column":18}},"36":{"start":{"line":162,"column":4},"end":{"line":162,"column":22}},"37":{"start":{"line":164,"column":4},"end":{"line":169,"column":5}},"38":{"start":{"line":167,"column":8},"end":{"line":167,"column":57}},"39":{"start":{"line":167,"column":31},"end":{"line":167,"column":57}},"40":{"start":{"line":174,"column":31},"end":{"line":174,"column":60}},"41":{"start":{"line":175,"column":4},"end":{"line":177,"column":6}},"42":{"start":{"line":178,"column":4},"end":{"line":178,"column":55}},"43":{"start":{"line":178,"column":28},"end":{"line":178,"column":55}},"44":{"start":{"line":183,"column":29},"end":{"line":183,"column":39}},"45":{"start":{"line":184,"column":4},"end":{"line":184,"column":32}},"46":{"start":{"line":185,"column":4},"end":{"line":185,"column":36}},"47":{"start":{"line":185,"column":22},"end":{"line":185,"column":36}},"48":{"start":{"line":189,"column":22},"end":{"line":189,"column":32}},"49":{"start":{"line":190,"column":17},"end":{"line":190,"column":33}},"50":{"start":{"line":192,"column":4},"end":{"line":192,"column":28}},"51":{"start":{"line":192,"column":17},"end":{"line":192,"column":28}},"52":{"start":{"line":194,"column":4},"end":{"line":199,"column":7}},"53":{"start":{"line":203,"column":4},"end":{"line":208,"column":5}},"54":{"start":{"line":231,"column":8},"end":{"line":231,"column":18}},"55":{"start":{"line":233,"column":4},"end":{"line":260,"column":5}}},"fnMap":{"0":{"name":"(anonymous_0)","decl":{"start":{"line":60,"column":14},"end":{"line":60,"column":15}},"loc":{"start":{"line":60,"column":20},"end":{"line":60,"column":23}},"line":60},"1":{"name":"(anonymous_1)","decl":{"start":{"line":61,"column":13},"end":{"line":61,"column":14}},"loc":{"start":{"line":61,"column":19},"end":{"line":61,"column":22}},"line":61},"2":{"name":"(anonymous_2)","decl":{"start":{"line":62,"column":17},"end":{"line":62,"column":18}},"loc":{"start":{"line":62,"column":23},"end":{"line":62,"column":26}},"line":62},"3":{"name":"(anonymous_3)","decl":{"start":{"line":63,"column":19},"end":{"line":63,"column":20}},"loc":{"start":{"line":63,"column":28},"end":{"line":63,"column":33}},"line":63},"4":{"name":"(anonymous_4)","decl":{"start":{"line":69,"column":2},"end":{"line":69,"column":3}},"loc":{"start":{"line":69,"column":21},"end":{"line":78,"column":3}},"line":69},"5":{"name":"(anonymous_5)","decl":{"start":{"line":80,"column":2},"end":{"line":80,"column":3}},"loc":{"start":{"line":80,"column":22},"end":{"line":82,"column":3}},"line":80},"6":{"name":"(anonymous_6)","decl":{"start":{"line":84,"column":2},"end":{"line":84,"column":3}},"loc":{"start":{"line":84,"column":39},"end":{"line":90,"column":3}},"line":84},"7":{"name":"(anonymous_7)","decl":{"start":{"line":92,"column":2},"end":{"line":92,"column":3}},"loc":{"start":{"line":92,"column":25},"end":{"line":94,"column":3}},"line":92},"8":{"name":"(anonymous_8)","decl":{"start":{"line":97,"column":2},"end":{"line":97,"column":3}},"loc":{"start":{"line":97,"column":19},"end":{"line":113,"column":3}},"line":97},"9":{"name":"(anonymous_9)","decl":{"start":{"line":115,"column":2},"end":{"line":115,"column":3}},"loc":{"start":{"line":115,"column":28},"end":{"line":128,"column":3}},"line":115},"10":{"name":"(anonymous_10)","decl":{"start":{"line":121,"column":23},"end":{"line":121,"column":24}},"loc":{"start":{"line":122,"column":7},"end":{"line":126,"column":8}},"line":122},"11":{"name":"(anonymous_11)","decl":{"start":{"line":130,"column":2},"end":{"line":130,"column":3}},"loc":{"start":{"line":130,"column":45},"end":{"line":135,"column":3}},"line":130},"12":{"name":"(anonymous_12)","decl":{"start":{"line":130,"column":34},"end":{"line":130,"column":35}},"loc":{"start":{"line":130,"column":40},"end":{"line":130,"column":43}},"line":130},"13":{"name":"(anonymous_13)","decl":{"start":{"line":138,"column":2},"end":{"line":138,"column":3}},"loc":{"start":{"line":138,"column":21},"end":{"line":143,"column":3}},"line":138},"14":{"name":"(anonymous_14)","decl":{"start":{"line":146,"column":2},"end":{"line":146,"column":3}},"loc":{"start":{"line":146,"column":17},"end":{"line":149,"column":3}},"line":146},"15":{"name":"(anonymous_15)","decl":{"start":{"line":152,"column":2},"end":{"line":152,"column":3}},"loc":{"start":{"line":152,"column":35},"end":{"line":170,"column":3}},"line":152},"16":{"name":"(anonymous_16)","decl":{"start":{"line":166,"column":6},"end":{"line":166,"column":7}},"loc":{"start":{"line":166,"column":12},"end":{"line":168,"column":7}},"line":166},"17":{"name":"(anonymous_17)","decl":{"start":{"line":173,"column":2},"end":{"line":173,"column":3}},"loc":{"start":{"line":173,"column":34},"end":{"line":179,"column":3}},"line":173},"18":{"name":"(anonymous_18)","decl":{"start":{"line":182,"column":2},"end":{"line":182,"column":3}},"loc":{"start":{"line":182,"column":16},"end":{"line":186,"column":3}},"line":182},"19":{"name":"(anonymous_19)","decl":{"start":{"line":188,"column":2},"end":{"line":188,"column":3}},"loc":{"start":{"line":188,"column":36},"end":{"line":200,"column":3}},"line":188},"20":{"name":"(anonymous_20)","decl":{"start":{"line":202,"column":2},"end":{"line":202,"column":3}},"loc":{"start":{"line":202,"column":22},"end":{"line":209,"column":3}},"line":202},"21":{"name":"(anonymous_21)","decl":{"start":{"line":211,"column":2},"end":{"line":211,"column":3}},"loc":{"start":{"line":211,"column":11},"end":{"line":261,"column":3}},"line":211}},"branchMap":{"0":{"loc":{"start":{"line":85,"column":4},"end":{"line":89,"column":5}},"type":"if","locations":[{"start":{"line":85,"column":4},"end":{"line":89,"column":5}},{"start":{"line":85,"column":4},"end":{"line":89,"column":5}}],"line":85},"1":{"loc":{"start":{"line":100,"column":17},"end":{"line":100,"column":67}},"type":"binary-expr","locations":[{"start":{"line":100,"column":17},"end":{"line":100,"column":30}},{"start":{"line":100,"column":34},"end":{"line":100,"column":43}},{"start":{"line":100,"column":47},"end":{"line":100,"column":67}}],"line":100},"2":{"loc":{"start":{"line":102,"column":4},"end":{"line":112,"column":5}},"type":"switch","locations":[{"start":{"line":103,"column":6},"end":{"line":105,"column":13}},{"start":{"line":106,"column":6},"end":{"line":110,"column":13}},{"start":{"line":111,"column":6},"end":{"line":111,"column":14}}],"line":102},"3":{"loc":{"start":{"line":107,"column":8},"end":{"line":109,"column":9}},"type":"if","locations":[{"start":{"line":107,"column":8},"end":{"line":109,"column":9}},{"start":{"line":107,"column":8},"end":{"line":109,"column":9}}],"line":107},"4":{"loc":{"start":{"line":107,"column":12},"end":{"line":107,"column":59}},"type":"binary-expr","locations":[{"start":{"line":107,"column":12},"end":{"line":107,"column":20}},{"start":{"line":107,"column":24},"end":{"line":107,"column":36}},{"start":{"line":107,"column":40},"end":{"line":107,"column":59}}],"line":107},"5":{"loc":{"start":{"line":118,"column":4},"end":{"line":118,"column":46}},"type":"if","locations":[{"start":{"line":118,"column":4},"end":{"line":118,"column":46}},{"start":{"line":118,"column":4},"end":{"line":118,"column":46}}],"line":118},"6":{"loc":{"start":{"line":119,"column":29},"end":{"line":119,"column":93}},"type":"cond-expr","locations":[{"start":{"line":119,"column":63},"end":{"line":119,"column":89}},{"start":{"line":119,"column":92},"end":{"line":119,"column":93}}],"line":119},"7":{"loc":{"start":{"line":130,"column":29},"end":{"line":130,"column":43}},"type":"default-arg","locations":[{"start":{"line":130,"column":34},"end":{"line":130,"column":43}}],"line":130},"8":{"loc":{"start":{"line":167,"column":8},"end":{"line":167,"column":57}},"type":"if","locations":[{"start":{"line":167,"column":8},"end":{"line":167,"column":57}},{"start":{"line":167,"column":8},"end":{"line":167,"column":57}}],"line":167},"9":{"loc":{"start":{"line":178,"column":4},"end":{"line":178,"column":55}},"type":"if","locations":[{"start":{"line":178,"column":4},"end":{"line":178,"column":55}},{"start":{"line":178,"column":4},"end":{"line":178,"column":55}}],"line":178},"10":{"loc":{"start":{"line":185,"column":4},"end":{"line":185,"column":36}},"type":"if","locations":[{"start":{"line":185,"column":4},"end":{"line":185,"column":36}},{"start":{"line":185,"column":4},"end":{"line":185,"column":36}}],"line":185},"11":{"loc":{"start":{"line":192,"column":4},"end":{"line":192,"column":28}},"type":"if","locations":[{"start":{"line":192,"column":4},"end":{"line":192,"column":28}},{"start":{"line":192,"column":4},"end":{"line":192,"column":28}}],"line":192}},"s":{"0":1,"1":1,"2":2,"3":13,"4":13,"5":13,"6":13,"7":13,"8":1,"9":1,"10":0,"11":2,"12":2,"13":2,"14":2,"15":1,"16":1,"17":1,"18":1,"19":1,"20":24,"21":24,"22":24,"23":0,"24":0,"25":0,"26":8,"27":8,"28":0,"29":0,"30":0,"31":0,"32":2,"33":2,"34":2,"35":2,"36":2,"37":2,"38":2,"39":2,"40":8,"41":8,"42":8,"43":3,"44":4,"45":4,"46":4,"47":3,"48":48,"49":48,"50":48,"51":36,"52":12,"53":24,"54":24,"55":24},"f":{"0":2,"1":2,"2":1,"3":2,"4":13,"5":13,"6":1,"7":0,"8":2,"9":24,"10":0,"11":8,"12":6,"13":0,"14":2,"15":2,"16":2,"17":8,"18":4,"19":48,"20":24,"21":24},"b":{"0":[1,0],"1":[2,0,0],"2":[1,1,0],"3":[1,0],"4":[1,1,0],"5":[24,0],"6":[0,0],"7":[6],"8":[2,0],"9":[3,5],"10":[3,1],"11":[36,12]},"_coverageSchema":"332fd63041d2c1bcb487cc26dd0d5f7d97098a6c","hash":"e97a1f850bdd9f1b2e7d60646ca53f377509ab9f"}
,"/Users/tjohnston/source/react-ui/packages/react-ui-core/src/Button/Button.js": {"path":"/Users/tjohnston/source/react-ui/packages/react-ui-core/src/Button/Button.js","statementMap":{"0":{"start":{"line":32,"column":8},"end":{"line":32,"column":18}},"1":{"start":{"line":34,"column":4},"end":{"line":47,"column":5}}},"fnMap":{"0":{"name":"(anonymous_0)","decl":{"start":{"line":24,"column":2},"end":{"line":24,"column":3}},"loc":{"start":{"line":24,"column":11},"end":{"line":48,"column":3}},"line":24}},"branchMap":{"0":{"loc":{"start":{"line":42,"column":12},"end":{"line":42,"column":45}},"type":"binary-expr","locations":[{"start":{"line":42,"column":12},"end":{"line":42,"column":17}},{"start":{"line":42,"column":21},"end":{"line":42,"column":45}}],"line":42},"1":{"loc":{"start":{"line":43,"column":12},"end":{"line":43,"column":43}},"type":"binary-expr","locations":[{"start":{"line":43,"column":12},"end":{"line":43,"column":16}},{"start":{"line":43,"column":20},"end":{"line":43,"column":43}}],"line":43}},"s":{"0":47,"1":47},"f":{"0":47},"b":{"0":[47,1],"1":[47,1]},"_coverageSchema":"332fd63041d2c1bcb487cc26dd0d5f7d97098a6c","hash":"37e008d82e6dfa3707573d42400ee22f4d402ee9"}
,"/Users/tjohnston/source/react-ui/packages/react-ui-core/src/Button/ToggleButton.js": {"path":"/Users/tjohnston/source/react-ui/packages/react-ui-core/src/Button/ToggleButton.js","statementMap":{"0":{"start":{"line":26,"column":4},"end":{"line":26,"column":16}},"1":{"start":{"line":28,"column":4},"end":{"line":30,"column":5}},"2":{"start":{"line":34,"column":4},"end":{"line":38,"column":5}},"3":{"start":{"line":35,"column":6},"end":{"line":37,"column":8}},"4":{"start":{"line":43,"column":34},"end":{"line":43,"column":44}},"5":{"start":{"line":45,"column":18},"end":{"line":45,"column":65}},"6":{"start":{"line":47,"column":4},"end":{"line":51,"column":5}},"7":{"start":{"line":48,"column":6},"end":{"line":50,"column":8}},"8":{"start":{"line":53,"column":4},"end":{"line":53,"column":38}},"9":{"start":{"line":53,"column":17},"end":{"line":53,"column":38}},"10":{"start":{"line":65,"column":8},"end":{"line":65,"column":18}},"11":{"start":{"line":67,"column":4},"end":{"line":80,"column":5}}},"fnMap":{"0":{"name":"(anonymous_0)","decl":{"start":{"line":25,"column":2},"end":{"line":25,"column":3}},"loc":{"start":{"line":25,"column":21},"end":{"line":31,"column":3}},"line":25},"1":{"name":"(anonymous_1)","decl":{"start":{"line":33,"column":2},"end":{"line":33,"column":3}},"loc":{"start":{"line":33,"column":39},"end":{"line":39,"column":3}},"line":33},"2":{"name":"(anonymous_2)","decl":{"start":{"line":42,"column":2},"end":{"line":42,"column":3}},"loc":{"start":{"line":42,"column":16},"end":{"line":54,"column":3}},"line":42},"3":{"name":"(anonymous_3)","decl":{"start":{"line":56,"column":2},"end":{"line":56,"column":3}},"loc":{"start":{"line":56,"column":11},"end":{"line":81,"column":3}},"line":56}},"branchMap":{"0":{"loc":{"start":{"line":34,"column":4},"end":{"line":38,"column":5}},"type":"if","locations":[{"start":{"line":34,"column":4},"end":{"line":38,"column":5}},{"start":{"line":34,"column":4},"end":{"line":38,"column":5}}],"line":34},"1":{"loc":{"start":{"line":45,"column":18},"end":{"line":45,"column":65}},"type":"cond-expr","locations":[{"start":{"line":45,"column":29},"end":{"line":45,"column":45}},{"start":{"line":45,"column":48},"end":{"line":45,"column":65}}],"line":45},"2":{"loc":{"start":{"line":47,"column":4},"end":{"line":51,"column":5}},"type":"if","locations":[{"start":{"line":47,"column":4},"end":{"line":51,"column":5}},{"start":{"line":47,"column":4},"end":{"line":51,"column":5}}],"line":47},"3":{"loc":{"start":{"line":53,"column":4},"end":{"line":53,"column":38}},"type":"if","locations":[{"start":{"line":53,"column":4},"end":{"line":53,"column":38}},{"start":{"line":53,"column":4},"end":{"line":53,"column":38}}],"line":53},"4":{"loc":{"start":{"line":73,"column":16},"end":{"line":73,"column":73}},"type":"cond-expr","locations":[{"start":{"line":73,"column":35},"end":{"line":73,"column":52}},{"start":{"line":73,"column":55},"end":{"line":73,"column":73}}],"line":73}},"s":{"0":10,"1":10,"2":5,"3":5,"4":8,"5":8,"6":8,"7":7,"8":8,"9":7,"10":20,"11":20},"f":{"0":10,"1":5,"2":8,"3":20},"b":{"0":[5,0],"1":[1,7],"2":[7,1],"3":[7,1],"4":[9,11]},"_coverageSchema":"332fd63041d2c1bcb487cc26dd0d5f7d97098a6c","hash":"de4699252b0baaf1d55a52f1bd7a698777329258"}
,"/Users/tjohnston/source/react-ui/packages/react-ui-core/src/Button/index.js": {"path":"/Users/tjohnston/source/react-ui/packages/react-ui-core/src/Button/index.js","statementMap":{},"fnMap":{},"branchMap":{},"s":{},"f":{},"b":{},"_coverageSchema":"332fd63041d2c1bcb487cc26dd0d5f7d97098a6c","hash":"b6e8482ff836fbdd67c8b969ec9464c35e3c057a"}
,"/Users/tjohnston/source/react-ui/packages/react-ui-core/src/Card/Card.js": {"path":"/Users/tjohnston/source/react-ui/packages/react-ui-core/src/Card/Card.js","statementMap":{"0":{"start":{"line":25,"column":8},"end":{"line":25,"column":18}},"1":{"start":{"line":27,"column":4},"end":{"line":40,"column":5}}},"fnMap":{"0":{"name":"(anonymous_0)","decl":{"start":{"line":19,"column":2},"end":{"line":19,"column":3}},"loc":{"start":{"line":19,"column":11},"end":{"line":41,"column":3}},"line":19}},"branchMap":{},"s":{"0":11,"1":11},"f":{"0":11},"b":{},"_coverageSchema":"332fd63041d2c1bcb487cc26dd0d5f7d97098a6c","hash":"cb143aea9e8fb540535052870a338857738d7951"}
,"/Users/tjohnston/source/react-ui/packages/react-ui-core/src/Card/index.js": {"path":"/Users/tjohnston/source/react-ui/packages/react-ui-core/src/Card/index.js","statementMap":{},"fnMap":{},"branchMap":{},"s":{},"f":{},"b":{},"_coverageSchema":"332fd63041d2c1bcb487cc26dd0d5f7d97098a6c","hash":"dc71d333bec16f48c071742a6cb9d2b2b45b431c"}
,"/Users/tjohnston/source/react-ui/packages/react-ui-core/src/Carousel/Carousel.js": {"path":"/Users/tjohnston/source/react-ui/packages/react-ui-core/src/Carousel/Carousel.js","statementMap":{"0":{"start":{"line":13,"column":18},"end":{"line":13,"column":20}},"1":{"start":{"line":14,"column":19},"end":{"line":14,"column":20}},"2":{"start":{"line":69,"column":4},"end":{"line":71,"column":5}},"3":{"start":{"line":70,"column":6},"end":{"line":70,"column":48}},"4":{"start":{"line":73,"column":4},"end":{"line":75,"column":5}},"5":{"start":{"line":74,"column":6},"end":{"line":74,"column":26}},"6":{"start":{"line":80,"column":24},"end":{"line":80,"column":34}},"7":{"start":{"line":82,"column":4},"end":{"line":82,"column":31}},"8":{"start":{"line":82,"column":17},"end":{"line":82,"column":31}},"9":{"start":{"line":83,"column":4},"end":{"line":83,"column":16}},"10":{"start":{"line":92,"column":8},"end":{"line":92,"column":29}},"11":{"start":{"line":94,"column":4},"end":{"line":94,"column":51}},"12":{"start":{"line":98,"column":44},"end":{"line":98,"column":57}},"13":{"start":{"line":99,"column":4},"end":{"line":99,"column":42}},"14":{"start":{"line":103,"column":34},"end":{"line":103,"column":44}},"15":{"start":{"line":105,"column":4},"end":{"line":111,"column":5}},"16":{"start":{"line":106,"column":39},"end":{"line":106,"column":52}},"17":{"start":{"line":107,"column":22},"end":{"line":107,"column":75}},"18":{"start":{"line":108,"column":21},"end":{"line":108,"column":82}},"19":{"start":{"line":110,"column":6},"end":{"line":110,"column":46}},"20":{"start":{"line":113,"column":4},"end":{"line":113,"column":16}},"21":{"start":{"line":117,"column":27},"end":{"line":117,"column":37}},"22":{"start":{"line":119,"column":4},"end":{"line":119,"column":30}},"23":{"start":{"line":119,"column":21},"end":{"line":119,"column":30}},"24":{"start":{"line":121,"column":4},"end":{"line":125,"column":5}},"25":{"start":{"line":129,"column":4},"end":{"line":131,"column":5}},"26":{"start":{"line":130,"column":6},"end":{"line":130,"column":39}},"27":{"start":{"line":136,"column":27},"end":{"line":136,"column":40}},"28":{"start":{"line":137,"column":18},"end":{"line":137,"column":40}},"29":{"start":{"line":139,"column":4},"end":{"line":141,"column":5}},"30":{"start":{"line":140,"column":6},"end":{"line":140,"column":59}},"31":{"start":{"line":140,"column":19},"end":{"line":140,"column":59}},"32":{"start":{"line":146,"column":34},"end":{"line":146,"column":47}},"33":{"start":{"line":147,"column":18},"end":{"line":147,"column":42}},"34":{"start":{"line":149,"column":4},"end":{"line":151,"column":5}},"35":{"start":{"line":150,"column":6},"end":{"line":150,"column":69}},"36":{"start":{"line":150,"column":19},"end":{"line":150,"column":69}},"37":{"start":{"line":155,"column":4},"end":{"line":155,"column":43}},"38":{"start":{"line":155,"column":28},"end":{"line":155,"column":43}},"39":{"start":{"line":156,"column":4},"end":{"line":156,"column":64}},"40":{"start":{"line":160,"column":34},"end":{"line":160,"column":44}},"41":{"start":{"line":161,"column":25},"end":{"line":161,"column":38}},"42":{"start":{"line":162,"column":17},"end":{"line":162,"column":45}},"43":{"start":{"line":164,"column":35},"end":{"line":169,"column":6}},"44":{"start":{"line":171,"column":4},"end":{"line":174,"column":5}},"45":{"start":{"line":178,"column":27},"end":{"line":178,"column":37}},"46":{"start":{"line":179,"column":32},"end":{"line":179,"column":78}},"47":{"start":{"line":181,"column":4},"end":{"line":188,"column":5}},"48":{"start":{"line":182,"column":6},"end":{"line":187,"column":8}},"49":{"start":{"line":193,"column":4},"end":{"line":193,"column":15}},"50":{"start":{"line":206,"column":8},"end":{"line":206,"column":18}},"51":{"start":{"line":208,"column":4},"end":{"line":232,"column":5}},"52":{"start":{"line":229,"column":29},"end":{"line":229,"column":53}}},"fnMap":{"0":{"name":"(anonymous_0)","decl":{"start":{"line":68,"column":2},"end":{"line":68,"column":3}},"loc":{"start":{"line":68,"column":39},"end":{"line":76,"column":3}},"line":68},"1":{"name":"(anonymous_1)","decl":{"start":{"line":79,"column":2},"end":{"line":79,"column":3}},"loc":{"start":{"line":79,"column":17},"end":{"line":84,"column":3}},"line":79},"2":{"name":"(anonymous_2)","decl":{"start":{"line":86,"column":2},"end":{"line":86,"column":3}},"loc":{"start":{"line":86,"column":17},"end":{"line":95,"column":3}},"line":86},"3":{"name":"(anonymous_3)","decl":{"start":{"line":97,"column":2},"end":{"line":97,"column":3}},"loc":{"start":{"line":97,"column":18},"end":{"line":100,"column":3}},"line":97},"4":{"name":"(anonymous_4)","decl":{"start":{"line":102,"column":2},"end":{"line":102,"column":3}},"loc":{"start":{"line":102,"column":14},"end":{"line":114,"column":3}},"line":102},"5":{"name":"(anonymous_5)","decl":{"start":{"line":116,"column":2},"end":{"line":116,"column":3}},"loc":{"start":{"line":116,"column":19},"end":{"line":126,"column":3}},"line":116},"6":{"name":"(anonymous_6)","decl":{"start":{"line":128,"column":2},"end":{"line":128,"column":3}},"loc":{"start":{"line":128,"column":22},"end":{"line":132,"column":3}},"line":128},"7":{"name":"(anonymous_7)","decl":{"start":{"line":135,"column":2},"end":{"line":135,"column":3}},"loc":{"start":{"line":135,"column":29},"end":{"line":142,"column":3}},"line":135},"8":{"name":"(anonymous_8)","decl":{"start":{"line":139,"column":11},"end":{"line":139,"column":12}},"loc":{"start":{"line":139,"column":20},"end":{"line":141,"column":5}},"line":139},"9":{"name":"(anonymous_9)","decl":{"start":{"line":145,"column":2},"end":{"line":145,"column":3}},"loc":{"start":{"line":145,"column":25},"end":{"line":152,"column":3}},"line":145},"10":{"name":"(anonymous_10)","decl":{"start":{"line":149,"column":11},"end":{"line":149,"column":12}},"loc":{"start":{"line":149,"column":20},"end":{"line":151,"column":5}},"line":149},"11":{"name":"(anonymous_11)","decl":{"start":{"line":154,"column":2},"end":{"line":154,"column":3}},"loc":{"start":{"line":154,"column":27},"end":{"line":157,"column":3}},"line":154},"12":{"name":"(anonymous_12)","decl":{"start":{"line":159,"column":2},"end":{"line":159,"column":3}},"loc":{"start":{"line":159,"column":22},"end":{"line":175,"column":3}},"line":159},"13":{"name":"(anonymous_13)","decl":{"start":{"line":177,"column":2},"end":{"line":177,"column":3}},"loc":{"start":{"line":177,"column":30},"end":{"line":189,"column":3}},"line":177},"14":{"name":"(anonymous_14)","decl":{"start":{"line":181,"column":11},"end":{"line":181,"column":12}},"loc":{"start":{"line":182,"column":6},"end":{"line":187,"column":8}},"line":182},"15":{"name":"(anonymous_15)","decl":{"start":{"line":192,"column":2},"end":{"line":192,"column":3}},"loc":{"start":{"line":192,"column":19},"end":{"line":194,"column":3}},"line":192},"16":{"name":"(anonymous_16)","decl":{"start":{"line":196,"column":2},"end":{"line":196,"column":3}},"loc":{"start":{"line":196,"column":11},"end":{"line":233,"column":3}},"line":196},"17":{"name":"(anonymous_17)","decl":{"start":{"line":229,"column":15},"end":{"line":229,"column":16}},"loc":{"start":{"line":229,"column":27},"end":{"line":229,"column":55}},"line":229}},"branchMap":{"0":{"loc":{"start":{"line":69,"column":4},"end":{"line":71,"column":5}},"type":"if","locations":[{"start":{"line":69,"column":4},"end":{"line":71,"column":5}},{"start":{"line":69,"column":4},"end":{"line":71,"column":5}}],"line":69},"1":{"loc":{"start":{"line":73,"column":4},"end":{"line":75,"column":5}},"type":"if","locations":[{"start":{"line":73,"column":4},"end":{"line":75,"column":5}},{"start":{"line":73,"column":4},"end":{"line":75,"column":5}}],"line":73},"2":{"loc":{"start":{"line":82,"column":4},"end":{"line":82,"column":31}},"type":"if","locations":[{"start":{"line":82,"column":4},"end":{"line":82,"column":31}},{"start":{"line":82,"column":4},"end":{"line":82,"column":31}}],"line":82},"3":{"loc":{"start":{"line":88,"column":6},"end":{"line":88,"column":26}},"type":"default-arg","locations":[{"start":{"line":88,"column":17},"end":{"line":88,"column":26}}],"line":88},"4":{"loc":{"start":{"line":89,"column":6},"end":{"line":89,"column":29}},"type":"default-arg","locations":[{"start":{"line":89,"column":19},"end":{"line":89,"column":29}}],"line":89},"5":{"loc":{"start":{"line":90,"column":6},"end":{"line":90,"column":37}},"type":"default-arg","locations":[{"start":{"line":90,"column":14},"end":{"line":90,"column":37}}],"line":90},"6":{"loc":{"start":{"line":105,"column":4},"end":{"line":111,"column":5}},"type":"if","locations":[{"start":{"line":105,"column":4},"end":{"line":111,"column":5}},{"start":{"line":105,"column":4},"end":{"line":111,"column":5}}],"line":105},"7":{"loc":{"start":{"line":107,"column":22},"end":{"line":107,"column":75}},"type":"cond-expr","locations":[{"start":{"line":107,"column":39},"end":{"line":107,"column":70}},{"start":{"line":107,"column":73},"end":{"line":107,"column":75}}],"line":107},"8":{"loc":{"start":{"line":108,"column":21},"end":{"line":108,"column":82}},"type":"cond-expr","locations":[{"start":{"line":108,"column":50},"end":{"line":108,"column":77}},{"start":{"line":108,"column":80},"end":{"line":108,"column":82}}],"line":108},"9":{"loc":{"start":{"line":119,"column":4},"end":{"line":119,"column":30}},"type":"if","locations":[{"start":{"line":119,"column":4},"end":{"line":119,"column":30}},{"start":{"line":119,"column":4},"end":{"line":119,"column":30}}],"line":119},"10":{"loc":{"start":{"line":129,"column":4},"end":{"line":131,"column":5}},"type":"if","locations":[{"start":{"line":129,"column":4},"end":{"line":131,"column":5}},{"start":{"line":129,"column":4},"end":{"line":131,"column":5}}],"line":129},"11":{"loc":{"start":{"line":129,"column":8},"end":{"line":129,"column":48}},"type":"binary-expr","locations":[{"start":{"line":129,"column":8},"end":{"line":129,"column":21}},{"start":{"line":129,"column":25},"end":{"line":129,"column":48}}],"line":129},"12":{"loc":{"start":{"line":137,"column":18},"end":{"line":137,"column":40}},"type":"cond-expr","locations":[{"start":{"line":137,"column":35},"end":{"line":137,"column":36}},{"start":{"line":137,"column":39},"end":{"line":137,"column":40}}],"line":137},"13":{"loc":{"start":{"line":140,"column":6},"end":{"line":140,"column":59}},"type":"if","locations":[{"start":{"line":140,"column":6},"end":{"line":140,"column":59}},{"start":{"line":140,"column":6},"end":{"line":140,"column":59}}],"line":140},"14":{"loc":{"start":{"line":147,"column":18},"end":{"line":147,"column":42}},"type":"cond-expr","locations":[{"start":{"line":147,"column":37},"end":{"line":147,"column":38}},{"start":{"line":147,"column":41},"end":{"line":147,"column":42}}],"line":147},"15":{"loc":{"start":{"line":150,"column":6},"end":{"line":150,"column":69}},"type":"if","locations":[{"start":{"line":150,"column":6},"end":{"line":150,"column":69}},{"start":{"line":150,"column":6},"end":{"line":150,"column":69}}],"line":150},"16":{"loc":{"start":{"line":155,"column":4},"end":{"line":155,"column":43}},"type":"if","locations":[{"start":{"line":155,"column":4},"end":{"line":155,"column":43}},{"start":{"line":155,"column":4},"end":{"line":155,"column":43}}],"line":155},"17":{"loc":{"start":{"line":156,"column":11},"end":{"line":156,"column":64}},"type":"cond-expr","locations":[{"start":{"line":156,"column":39},"end":{"line":156,"column":53}},{"start":{"line":156,"column":56},"end":{"line":156,"column":64}}],"line":156}},"s":{"0":3,"1":3,"2":0,"3":0,"4":0,"5":0,"6":0,"7":0,"8":0,"9":0,"10":33,"11":33,"12":10,"13":10,"14":17,"15":17,"16":5,"17":5,"18":5,"19":5,"20":12,"21":17,"22":17,"23":15,"24":2,"25":3,"26":1,"27":4,"28":4,"29":4,"30":2,"31":1,"32":5,"33":5,"34":5,"35":2,"36":1,"37":9,"38":4,"39":5,"40":9,"41":9,"42":9,"43":9,"44":9,"45":4,"46":4,"47":4,"48":4,"49":35,"50":17,"51":17,"52":9},"f":{"0":0,"1":0,"2":33,"3":10,"4":17,"5":17,"6":3,"7":4,"8":2,"9":5,"10":2,"11":9,"12":9,"13":4,"14":4,"15":35,"16":17,"17":9},"b":{"0":[0,0],"1":[0,0],"2":[0,0],"3":[0],"4":[0],"5":[0],"6":[5,12],"7":[4,1],"8":[5,0],"9":[15,2],"10":[1,2],"11":[3,2],"12":[1,3],"13":[1,1],"14":[1,4],"15":[1,1],"16":[4,5],"17":[0,5]},"_coverageSchema":"332fd63041d2c1bcb487cc26dd0d5f7d97098a6c","hash":"a9bc3d8589712fe11e2331966c5aaa21f8c9d10c"}
,"/Users/tjohnston/source/react-ui/packages/react-ui-core/src/Carousel/CarouselNavigation.js": {"path":"/Users/tjohnston/source/react-ui/packages/react-ui-core/src/Carousel/CarouselNavigation.js","statementMap":{"0":{"start":{"line":25,"column":22},"end":{"line":25,"column":76}},"1":{"start":{"line":26,"column":4},"end":{"line":26,"column":31}},"2":{"start":{"line":36,"column":8},"end":{"line":36,"column":18}},"3":{"start":{"line":38,"column":4},"end":{"line":53,"column":5}}},"fnMap":{"0":{"name":"(anonymous_0)","decl":{"start":{"line":24,"column":2},"end":{"line":24,"column":3}},"loc":{"start":{"line":24,"column":16},"end":{"line":27,"column":3}},"line":24},"1":{"name":"(anonymous_1)","decl":{"start":{"line":29,"column":2},"end":{"line":29,"column":3}},"loc":{"start":{"line":29,"column":11},"end":{"line":54,"column":3}},"line":29}},"branchMap":{"0":{"loc":{"start":{"line":25,"column":22},"end":{"line":25,"column":76}},"type":"cond-expr","locations":[{"start":{"line":25,"column":60},"end":{"line":25,"column":66}},{"start":{"line":25,"column":69},"end":{"line":25,"column":76}}],"line":25}},"s":{"0":8,"1":8,"2":8,"3":8},"f":{"0":8,"1":8},"b":{"0":[3,5]},"_coverageSchema":"332fd63041d2c1bcb487cc26dd0d5f7d97098a6c","hash":"fd564da84c8167937513aadd417482e3ca06b198"}
,"/Users/tjohnston/source/react-ui/packages/react-ui-core/src/Carousel/PhotoCarousel.js": {"path":"/Users/tjohnston/source/react-ui/packages/react-ui-core/src/Carousel/PhotoCarousel.js","statementMap":{"0":{"start":{"line":38,"column":35},"end":{"line":38,"column":45}},"1":{"start":{"line":39,"column":30},"end":{"line":39,"column":34}},"2":{"start":{"line":41,"column":4},"end":{"line":41,"column":55}},"3":{"start":{"line":45,"column":25},"end":{"line":45,"column":35}},"4":{"start":{"line":46,"column":18},"end":{"line":46,"column":62}},"5":{"start":{"line":48,"column":4},"end":{"line":54,"column":5}},"6":{"start":{"line":59,"column":34},"end":{"line":59,"column":44}},"7":{"start":{"line":60,"column":22},"end":{"line":60,"column":65}},"8":{"start":{"line":62,"column":4},"end":{"line":68,"column":5}},"9":{"start":{"line":78,"column":8},"end":{"line":78,"column":18}},"10":{"start":{"line":80,"column":4},"end":{"line":92,"column":5}},"11":{"start":{"line":100,"column":8},"end":{"line":100,"column":18}},"12":{"start":{"line":102,"column":4},"end":{"line":106,"column":5}},"13":{"start":{"line":103,"column":6},"end":{"line":105,"column":7}},"14":{"start":{"line":108,"column":4},"end":{"line":108,"column":61}}},"fnMap":{"0":{"name":"(anonymous_0)","decl":{"start":{"line":37,"column":2},"end":{"line":37,"column":3}},"loc":{"start":{"line":37,"column":14},"end":{"line":42,"column":3}},"line":37},"1":{"name":"(anonymous_1)","decl":{"start":{"line":44,"column":2},"end":{"line":44,"column":3}},"loc":{"start":{"line":44,"column":13},"end":{"line":55,"column":3}},"line":44},"2":{"name":"(anonymous_2)","decl":{"start":{"line":58,"column":2},"end":{"line":58,"column":3}},"loc":{"start":{"line":58,"column":19},"end":{"line":69,"column":3}},"line":58},"3":{"name":"(anonymous_3)","decl":{"start":{"line":71,"column":2},"end":{"line":71,"column":3}},"loc":{"start":{"line":71,"column":19},"end":{"line":93,"column":3}},"line":71},"4":{"name":"(anonymous_4)","decl":{"start":{"line":95,"column":2},"end":{"line":95,"column":3}},"loc":{"start":{"line":95,"column":11},"end":{"line":109,"column":3}},"line":95}},"branchMap":{"0":{"loc":{"start":{"line":41,"column":11},"end":{"line":41,"column":55}},"type":"binary-expr","locations":[{"start":{"line":41,"column":11},"end":{"line":41,"column":14}},{"start":{"line":41,"column":18},"end":{"line":41,"column":55}}],"line":41},"1":{"loc":{"start":{"line":41,"column":30},"end":{"line":41,"column":40}},"type":"binary-expr","locations":[{"start":{"line":41,"column":30},"end":{"line":41,"column":34}},{"start":{"line":41,"column":38},"end":{"line":41,"column":40}}],"line":41},"2":{"loc":{"start":{"line":46,"column":18},"end":{"line":46,"column":62}},"type":"cond-expr","locations":[{"start":{"line":46,"column":49},"end":{"line":46,"column":57}},{"start":{"line":46,"column":60},"end":{"line":46,"column":62}}],"line":46},"3":{"loc":{"start":{"line":60,"column":22},"end":{"line":60,"column":65}},"type":"cond-expr","locations":[{"start":{"line":60,"column":42},"end":{"line":60,"column":57}},{"start":{"line":60,"column":60},"end":{"line":60,"column":65}}],"line":60},"4":{"loc":{"start":{"line":102,"column":4},"end":{"line":106,"column":5}},"type":"if","locations":[{"start":{"line":102,"column":4},"end":{"line":106,"column":5}},{"start":{"line":102,"column":4},"end":{"line":106,"column":5}}],"line":102},"5":{"loc":{"start":{"line":102,"column":8},"end":{"line":102,"column":31}},"type":"binary-expr","locations":[{"start":{"line":102,"column":8},"end":{"line":102,"column":14}},{"start":{"line":102,"column":18},"end":{"line":102,"column":31}}],"line":102},"6":{"loc":{"start":{"line":108,"column":11},"end":{"line":108,"column":61}},"type":"cond-expr","locations":[{"start":{"line":108,"column":22},"end":{"line":108,"column":37}},{"start":{"line":108,"column":40},"end":{"line":108,"column":61}}],"line":108}},"s":{"0":3,"1":3,"2":3,"3":1,"4":1,"5":1,"6":3,"7":3,"8":3,"9":5,"10":5,"11":7,"12":7,"13":2,"14":5},"f":{"0":3,"1":1,"2":3,"3":5,"4":7},"b":{"0":[3,3],"1":[3,0],"2":[1,0],"3":[0,3],"4":[2,5],"5":[7,6],"6":[1,4]},"_coverageSchema":"332fd63041d2c1bcb487cc26dd0d5f7d97098a6c","hash":"ca006cb568012e98b79516dee9ee88f85a575f6a"}
,"/Users/tjohnston/source/react-ui/packages/react-ui-core/src/Carousel/index.js": {"path":"/Users/tjohnston/source/react-ui/packages/react-ui-core/src/Carousel/index.js","statementMap":{},"fnMap":{},"branchMap":{},"s":{},"f":{},"b":{},"_coverageSchema":"332fd63041d2c1bcb487cc26dd0d5f7d97098a6c","hash":"e2b99bf6a703eb49db0958ccf32233e4c895a5cc"}
,"/Users/tjohnston/source/react-ui/packages/react-ui-core/src/Collapsible/Collapsible.js": {"path":"/Users/tjohnston/source/react-ui/packages/react-ui-core/src/Collapsible/Collapsible.js","statementMap":{"0":{"start":{"line":7,"column":13},"end":{"line":13,"column":2}},"1":{"start":{"line":44,"column":4},"end":{"line":44,"column":16}},"2":{"start":{"line":46,"column":4},"end":{"line":48,"column":5}},"3":{"start":{"line":50,"column":4},"end":{"line":50,"column":50}},"4":{"start":{"line":54,"column":4},"end":{"line":54,"column":28}},"5":{"start":{"line":55,"column":4},"end":{"line":57,"column":6}},"6":{"start":{"line":69,"column":8},"end":{"line":69,"column":18}},"7":{"start":{"line":71,"column":19},"end":{"line":71,"column":60}},"8":{"start":{"line":73,"column":4},"end":{"line":105,"column":5}}},"fnMap":{"0":{"name":"(anonymous_0)","decl":{"start":{"line":38,"column":17},"end":{"line":38,"column":18}},"loc":{"start":{"line":38,"column":23},"end":{"line":38,"column":26}},"line":38},"1":{"name":"(anonymous_1)","decl":{"start":{"line":43,"column":2},"end":{"line":43,"column":3}},"loc":{"start":{"line":43,"column":21},"end":{"line":51,"column":3}},"line":43},"2":{"name":"(anonymous_2)","decl":{"start":{"line":53,"column":2},"end":{"line":53,"column":3}},"loc":{"start":{"line":53,"column":16},"end":{"line":58,"column":3}},"line":53},"3":{"name":"(anonymous_3)","decl":{"start":{"line":60,"column":2},"end":{"line":60,"column":3}},"loc":{"start":{"line":60,"column":11},"end":{"line":106,"column":3}},"line":60}},"branchMap":{"0":{"loc":{"start":{"line":71,"column":19},"end":{"line":71,"column":60}},"type":"cond-expr","locations":[{"start":{"line":71,"column":40},"end":{"line":71,"column":49}},{"start":{"line":71,"column":52},"end":{"line":71,"column":60}}],"line":71},"1":{"loc":{"start":{"line":81,"column":9},"end":{"line":102,"column":11}},"type":"binary-expr","locations":[{"start":{"line":81,"column":9},"end":{"line":81,"column":25}},{"start":{"line":82,"column":10},"end":{"line":102,"column":11}}],"line":81},"2":{"loc":{"start":{"line":97,"column":16},"end":{"line":97,"column":49}},"type":"binary-expr","locations":[{"start":{"line":97,"column":16},"end":{"line":97,"column":21}},{"start":{"line":97,"column":25},"end":{"line":97,"column":49}}],"line":97},"3":{"loc":{"start":{"line":100,"column":15},"end":{"line":100,"column":60}},"type":"cond-expr","locations":[{"start":{"line":100,"column":36},"end":{"line":100,"column":47}},{"start":{"line":100,"column":50},"end":{"line":100,"column":60}}],"line":100}},"s":{"0":1,"1":4,"2":4,"3":4,"4":3,"5":3,"6":7,"7":7,"8":7},"f":{"0":3,"1":4,"2":3,"3":7},"b":{"0":[2,5],"1":[7,6],"2":[6,0],"3":[2,4]},"_coverageSchema":"332fd63041d2c1bcb487cc26dd0d5f7d97098a6c","hash":"e92fb565039e6b3191ff825b8a904b9fae7ab94d"}
,"/Users/tjohnston/source/react-ui/packages/react-ui-core/src/Counter/Counter.js": {"path":"/Users/tjohnston/source/react-ui/packages/react-ui-core/src/Counter/Counter.js","statementMap":{"0":{"start":{"line":38,"column":4},"end":{"line":38,"column":16}},"1":{"start":{"line":40,"column":4},"end":{"line":42,"column":5}},"2":{"start":{"line":44,"column":4},"end":{"line":44,"column":46}},"3":{"start":{"line":45,"column":4},"end":{"line":45,"column":46}},"4":{"start":{"line":49,"column":4},"end":{"line":51,"column":5}},"5":{"start":{"line":50,"column":6},"end":{"line":50,"column":47}},"6":{"start":{"line":55,"column":29},"end":{"line":55,"column":39}},"7":{"start":{"line":57,"column":4},"end":{"line":61,"column":5}},"8":{"start":{"line":65,"column":21},"end":{"line":65,"column":31}},"9":{"start":{"line":67,"column":4},"end":{"line":67,"column":32}},"10":{"start":{"line":67,"column":14},"end":{"line":67,"column":32}},"11":{"start":{"line":68,"column":4},"end":{"line":68,"column":16}},"12":{"start":{"line":72,"column":4},"end":{"line":72,"column":28}},"13":{"start":{"line":73,"column":4},"end":{"line":73,"column":29}},"14":{"start":{"line":77,"column":26},"end":{"line":77,"column":36}},"15":{"start":{"line":78,"column":18},"end":{"line":78,"column":41}},"16":{"start":{"line":80,"column":4},"end":{"line":80,"column":52}},"17":{"start":{"line":80,"column":22},"end":{"line":80,"column":52}},"18":{"start":{"line":84,"column":26},"end":{"line":84,"column":36}},"19":{"start":{"line":85,"column":18},"end":{"line":85,"column":41}},"20":{"start":{"line":87,"column":4},"end":{"line":87,"column":52}},"21":{"start":{"line":87,"column":22},"end":{"line":87,"column":52}},"22":{"start":{"line":91,"column":22},"end":{"line":91,"column":32}},"23":{"start":{"line":104,"column":8},"end":{"line":104,"column":18}},"24":{"start":{"line":106,"column":4},"end":{"line":148,"column":5}}},"fnMap":{"0":{"name":"(anonymous_0)","decl":{"start":{"line":28,"column":13},"end":{"line":28,"column":14}},"loc":{"start":{"line":28,"column":19},"end":{"line":28,"column":21}},"line":28},"1":{"name":"(anonymous_1)","decl":{"start":{"line":37,"column":2},"end":{"line":37,"column":3}},"loc":{"start":{"line":37,"column":21},"end":{"line":46,"column":3}},"line":37},"2":{"name":"(anonymous_2)","decl":{"start":{"line":48,"column":2},"end":{"line":48,"column":3}},"loc":{"start":{"line":48,"column":39},"end":{"line":52,"column":3}},"line":48},"3":{"name":"(anonymous_3)","decl":{"start":{"line":54,"column":2},"end":{"line":54,"column":3}},"loc":{"start":{"line":54,"column":20},"end":{"line":62,"column":3}},"line":54},"4":{"name":"(anonymous_4)","decl":{"start":{"line":64,"column":2},"end":{"line":64,"column":3}},"loc":{"start":{"line":64,"column":14},"end":{"line":69,"column":3}},"line":64},"5":{"name":"(anonymous_5)","decl":{"start":{"line":71,"column":2},"end":{"line":71,"column":3}},"loc":{"start":{"line":71,"column":21},"end":{"line":74,"column":3}},"line":71},"6":{"name":"(anonymous_6)","decl":{"start":{"line":76,"column":2},"end":{"line":76,"column":3}},"loc":{"start":{"line":76,"column":14},"end":{"line":81,"column":3}},"line":76},"7":{"name":"(anonymous_7)","decl":{"start":{"line":83,"column":2},"end":{"line":83,"column":3}},"loc":{"start":{"line":83,"column":14},"end":{"line":88,"column":3}},"line":83},"8":{"name":"(anonymous_8)","decl":{"start":{"line":90,"column":2},"end":{"line":90,"column":3}},"loc":{"start":{"line":90,"column":11},"end":{"line":149,"column":3}},"line":90}},"branchMap":{"0":{"loc":{"start":{"line":49,"column":4},"end":{"line":51,"column":5}},"type":"if","locations":[{"start":{"line":49,"column":4},"end":{"line":51,"column":5}},{"start":{"line":49,"column":4},"end":{"line":51,"column":5}}],"line":49},"1":{"loc":{"start":{"line":67,"column":4},"end":{"line":67,"column":32}},"type":"if","locations":[{"start":{"line":67,"column":4},"end":{"line":67,"column":32}},{"start":{"line":67,"column":4},"end":{"line":67,"column":32}}],"line":67},"2":{"loc":{"start":{"line":80,"column":4},"end":{"line":80,"column":52}},"type":"if","locations":[{"start":{"line":80,"column":4},"end":{"line":80,"column":52}},{"start":{"line":80,"column":4},"end":{"line":80,"column":52}}],"line":80},"3":{"loc":{"start":{"line":87,"column":4},"end":{"line":87,"column":52}},"type":"if","locations":[{"start":{"line":87,"column":4},"end":{"line":87,"column":52}},{"start":{"line":87,"column":4},"end":{"line":87,"column":52}}],"line":87},"4":{"loc":{"start":{"line":115,"column":9},"end":{"line":115,"column":34}},"type":"binary-expr","locations":[{"start":{"line":115,"column":9},"end":{"line":115,"column":14}},{"start":{"line":115,"column":18},"end":{"line":115,"column":34}}],"line":115}},"s":{"0":11,"1":11,"2":11,"3":11,"4":1,"5":1,"6":0,"7":0,"8":18,"9":18,"10":4,"11":14,"12":6,"13":6,"14":5,"15":5,"16":5,"17":4,"18":3,"19":3,"20":3,"21":2,"22":18,"23":18,"24":18},"f":{"0":4,"1":11,"2":1,"3":0,"4":18,"5":6,"6":5,"7":3,"8":18},"b":{"0":[1,0],"1":[4,14],"2":[4,1],"3":[2,1],"4":[18,0]},"_coverageSchema":"332fd63041d2c1bcb487cc26dd0d5f7d97098a6c","hash":"8735b41dfeb8ae0d9fb7422ee9049bc96e2d4bb6"}
,"/Users/tjohnston/source/react-ui/packages/react-ui-core/src/DateInput/DateInput.js": {"path":"/Users/tjohnston/source/react-ui/packages/react-ui-core/src/DateInput/DateInput.js","statementMap":{"0":{"start":{"line":18,"column":51},"end":{"line":18,"column":61}},"1":{"start":{"line":20,"column":4},"end":{"line":27,"column":5}}},"fnMap":{"0":{"name":"(anonymous_0)","decl":{"start":{"line":17,"column":2},"end":{"line":17,"column":3}},"loc":{"start":{"line":17,"column":11},"end":{"line":28,"column":3}},"line":17}},"branchMap":{},"s":{"0":3,"1":3},"f":{"0":3},"b":{},"_coverageSchema":"332fd63041d2c1bcb487cc26dd0d5f7d97098a6c","hash":"86e9734410734aa432f2deca4f394b2c7ddb19ce"}
,"/Users/tjohnston/source/react-ui/packages/react-ui-core/src/DateInput/index.js": {"path":"/Users/tjohnston/source/react-ui/packages/react-ui-core/src/DateInput/index.js","statementMap":{},"fnMap":{},"branchMap":{},"s":{},"f":{},"b":{},"_coverageSchema":"332fd63041d2c1bcb487cc26dd0d5f7d97098a6c","hash":"405ac0cdc8d2583049c784a65e29e2accaf935d0"}
,"/Users/tjohnston/source/react-ui/packages/react-ui-core/src/Drawer/Drawer.js": {"path":"/Users/tjohnston/source/react-ui/packages/react-ui-core/src/Drawer/Drawer.js","statementMap":{"0":{"start":{"line":36,"column":4},"end":{"line":36,"column":16}},"1":{"start":{"line":37,"column":4},"end":{"line":37,"column":43}},"2":{"start":{"line":41,"column":4},"end":{"line":45,"column":5}},"3":{"start":{"line":42,"column":6},"end":{"line":44,"column":8}},"4":{"start":{"line":50,"column":4},"end":{"line":50,"column":37}},"5":{"start":{"line":51,"column":4},"end":{"line":51,"column":53}},"6":{"start":{"line":51,"column":28},"end":{"line":51,"column":53}},"7":{"start":{"line":67,"column":8},"end":{"line":67,"column":18}},"8":{"start":{"line":71,"column":8},"end":{"line":71,"column":18}},"9":{"start":{"line":73,"column":4},"end":{"line":101,"column":5}}},"fnMap":{"0":{"name":"(anonymous_0)","decl":{"start":{"line":35,"column":2},"end":{"line":35,"column":3}},"loc":{"start":{"line":35,"column":21},"end":{"line":38,"column":3}},"line":35},"1":{"name":"(anonymous_1)","decl":{"start":{"line":40,"column":2},"end":{"line":40,"column":3}},"loc":{"start":{"line":40,"column":39},"end":{"line":46,"column":3}},"line":40},"2":{"name":"(anonymous_2)","decl":{"start":{"line":49,"column":2},"end":{"line":49,"column":3}},"loc":{"start":{"line":49,"column":22},"end":{"line":52,"column":3}},"line":49},"3":{"name":"(anonymous_3)","decl":{"start":{"line":54,"column":2},"end":{"line":54,"column":3}},"loc":{"start":{"line":54,"column":11},"end":{"line":102,"column":3}},"line":54}},"branchMap":{"0":{"loc":{"start":{"line":41,"column":4},"end":{"line":45,"column":5}},"type":"if","locations":[{"start":{"line":41,"column":4},"end":{"line":45,"column":5}},{"start":{"line":41,"column":4},"end":{"line":45,"column":5}}],"line":41},"1":{"loc":{"start":{"line":51,"column":4},"end":{"line":51,"column":53}},"type":"if","locations":[{"start":{"line":51,"column":4},"end":{"line":51,"column":53}},{"start":{"line":51,"column":4},"end":{"line":51,"column":53}}],"line":51},"2":{"loc":{"start":{"line":77,"column":16},"end":{"line":77,"column":52}},"type":"cond-expr","locations":[{"start":{"line":77,"column":26},"end":{"line":77,"column":37}},{"start":{"line":77,"column":40},"end":{"line":77,"column":52}}],"line":77},"3":{"loc":{"start":{"line":80,"column":15},"end":{"line":80,"column":70}},"type":"cond-expr","locations":[{"start":{"line":80,"column":25},"end":{"line":80,"column":27}},{"start":{"line":80,"column":30},"end":{"line":80,"column":70}}],"line":80},"4":{"loc":{"start":{"line":85,"column":18},"end":{"line":85,"column":68}},"type":"cond-expr","locations":[{"start":{"line":85,"column":28},"end":{"line":85,"column":46}},{"start":{"line":85,"column":49},"end":{"line":85,"column":68}}],"line":85},"5":{"loc":{"start":{"line":92,"column":11},"end":{"line":92,"column":63}},"type":"cond-expr","locations":[{"start":{"line":92,"column":23},"end":{"line":92,"column":42}},{"start":{"line":92,"column":45},"end":{"line":92,"column":63}}],"line":92}},"s":{"0":5,"1":5,"2":1,"3":1,"4":3,"5":3,"6":3,"7":9,"8":9,"9":9},"f":{"0":5,"1":1,"2":3,"3":9},"b":{"0":[1,0],"1":[3,0],"2":[5,4],"3":[5,4],"4":[5,4],"5":[5,4]},"_coverageSchema":"332fd63041d2c1bcb487cc26dd0d5f7d97098a6c","hash":"2fa8b0895ef6dcae15e56246f1fbf3caf945bf34"}
,"/Users/tjohnston/source/react-ui/packages/react-ui-core/src/Dropdown/Dropdown.js": {"path":"/Users/tjohnston/source/react-ui/packages/react-ui-core/src/Dropdown/Dropdown.js","statementMap":{"0":{"start":{"line":34,"column":4},"end":{"line":34,"column":16}},"1":{"start":{"line":35,"column":4},"end":{"line":35,"column":43}},"2":{"start":{"line":39,"column":4},"end":{"line":39,"column":64}},"3":{"start":{"line":43,"column":4},"end":{"line":45,"column":5}},"4":{"start":{"line":44,"column":6},"end":{"line":44,"column":51}},"5":{"start":{"line":49,"column":4},"end":{"line":49,"column":67}},"6":{"start":{"line":54,"column":51},"end":{"line":54,"column":61}},"7":{"start":{"line":55,"column":20},"end":{"line":55,"column":63}},"8":{"start":{"line":57,"column":4},"end":{"line":57,"column":30}},"9":{"start":{"line":58,"column":4},"end":{"line":60,"column":5}},"10":{"start":{"line":59,"column":6},"end":{"line":59,"column":33}},"11":{"start":{"line":65,"column":4},"end":{"line":65,"column":42}},"12":{"start":{"line":66,"column":4},"end":{"line":66,"column":30}},"13":{"start":{"line":71,"column":4},"end":{"line":74,"column":5}},"14":{"start":{"line":72,"column":6},"end":{"line":72,"column":39}},"15":{"start":{"line":73,"column":6},"end":{"line":73,"column":42}},"16":{"start":{"line":78,"column":4},"end":{"line":87,"column":6}},"17":{"start":{"line":91,"column":18},"end":{"line":91,"column":53}},"18":{"start":{"line":92,"column":21},"end":{"line":92,"column":64}},"19":{"start":{"line":93,"column":4},"end":{"line":95,"column":6}},"20":{"start":{"line":94,"column":6},"end":{"line":94,"column":75}},"21":{"start":{"line":108,"column":8},"end":{"line":108,"column":18}},"22":{"start":{"line":110,"column":4},"end":{"line":126,"column":5}},"23":{"start":{"line":112,"column":22},"end":{"line":112,"column":41}}},"fnMap":{"0":{"name":"(anonymous_0)","decl":{"start":{"line":30,"column":24},"end":{"line":30,"column":25}},"loc":{"start":{"line":30,"column":30},"end":{"line":30,"column":32}},"line":30},"1":{"name":"(anonymous_1)","decl":{"start":{"line":33,"column":2},"end":{"line":33,"column":3}},"loc":{"start":{"line":33,"column":21},"end":{"line":36,"column":3}},"line":33},"2":{"name":"(anonymous_2)","decl":{"start":{"line":38,"column":2},"end":{"line":38,"column":3}},"loc":{"start":{"line":38,"column":22},"end":{"line":40,"column":3}},"line":38},"3":{"name":"(anonymous_3)","decl":{"start":{"line":42,"column":2},"end":{"line":42,"column":3}},"loc":{"start":{"line":42,"column":39},"end":{"line":46,"column":3}},"line":42},"4":{"name":"(anonymous_4)","decl":{"start":{"line":48,"column":2},"end":{"line":48,"column":3}},"loc":{"start":{"line":48,"column":25},"end":{"line":50,"column":3}},"line":48},"5":{"name":"(anonymous_5)","decl":{"start":{"line":53,"column":2},"end":{"line":53,"column":3}},"loc":{"start":{"line":53,"column":21},"end":{"line":61,"column":3}},"line":53},"6":{"name":"(anonymous_6)","decl":{"start":{"line":64,"column":2},"end":{"line":64,"column":3}},"loc":{"start":{"line":64,"column":28},"end":{"line":67,"column":3}},"line":64},"7":{"name":"(anonymous_7)","decl":{"start":{"line":70,"column":2},"end":{"line":70,"column":3}},"loc":{"start":{"line":70,"column":29},"end":{"line":75,"column":3}},"line":70},"8":{"name":"(anonymous_8)","decl":{"start":{"line":77,"column":2},"end":{"line":77,"column":3}},"loc":{"start":{"line":77,"column":17},"end":{"line":88,"column":3}},"line":77},"9":{"name":"(anonymous_9)","decl":{"start":{"line":90,"column":2},"end":{"line":90,"column":3}},"loc":{"start":{"line":90,"column":19},"end":{"line":96,"column":3}},"line":90},"10":{"name":"(anonymous_10)","decl":{"start":{"line":93,"column":40},"end":{"line":93,"column":41}},"loc":{"start":{"line":94,"column":6},"end":{"line":94,"column":75}},"line":94},"11":{"name":"(anonymous_11)","decl":{"start":{"line":98,"column":2},"end":{"line":98,"column":3}},"loc":{"start":{"line":98,"column":11},"end":{"line":127,"column":3}},"line":98},"12":{"name":"(anonymous_12)","decl":{"start":{"line":112,"column":13},"end":{"line":112,"column":14}},"loc":{"start":{"line":112,"column":20},"end":{"line":112,"column":43}},"line":112}},"branchMap":{"0":{"loc":{"start":{"line":43,"column":4},"end":{"line":45,"column":5}},"type":"if","locations":[{"start":{"line":43,"column":4},"end":{"line":45,"column":5}},{"start":{"line":43,"column":4},"end":{"line":45,"column":5}}],"line":43},"1":{"loc":{"start":{"line":55,"column":20},"end":{"line":55,"column":63}},"type":"cond-expr","locations":[{"start":{"line":55,"column":37},"end":{"line":55,"column":56}},{"start":{"line":55,"column":59},"end":{"line":55,"column":63}}],"line":55},"2":{"loc":{"start":{"line":58,"column":4},"end":{"line":60,"column":5}},"type":"if","locations":[{"start":{"line":58,"column":4},"end":{"line":60,"column":5}},{"start":{"line":58,"column":4},"end":{"line":60,"column":5}}],"line":58},"3":{"loc":{"start":{"line":71,"column":4},"end":{"line":74,"column":5}},"type":"if","locations":[{"start":{"line":71,"column":4},"end":{"line":74,"column":5}},{"start":{"line":71,"column":4},"end":{"line":74,"column":5}}],"line":71},"4":{"loc":{"start":{"line":71,"column":8},"end":{"line":71,"column":67}},"type":"binary-expr","locations":[{"start":{"line":71,"column":8},"end":{"line":71,"column":26}},{"start":{"line":71,"column":30},"end":{"line":71,"column":67}}],"line":71},"5":{"loc":{"start":{"line":94,"column":6},"end":{"line":94,"column":75}},"type":"cond-expr","locations":[{"start":{"line":94,"column":41},"end":{"line":94,"column":67}},{"start":{"line":94,"column":70},"end":{"line":94,"column":75}}],"line":94},"6":{"loc":{"start":{"line":120,"column":9},"end":{"line":123,"column":16}},"type":"binary-expr","locations":[{"start":{"line":120,"column":9},"end":{"line":120,"column":27}},{"start":{"line":121,"column":10},"end":{"line":123,"column":16}}],"line":120}},"s":{"0":27,"1":27,"2":27,"3":13,"4":7,"5":0,"6":7,"7":7,"8":7,"9":7,"10":7,"11":0,"12":0,"13":2,"14":2,"15":2,"16":47,"17":17,"18":17,"19":17,"20":23,"21":47,"22":47,"23":65},"f":{"0":8,"1":27,"2":27,"3":13,"4":0,"5":7,"6":0,"7":2,"8":47,"9":17,"10":23,"11":47,"12":65},"b":{"0":[7,6],"1":[7,0],"2":[7,0],"3":[2,0],"4":[2,2],"5":[16,7],"6":[47,17]},"_coverageSchema":"332fd63041d2c1bcb487cc26dd0d5f7d97098a6c","hash":"5cf4f06429bb08ae88657a7ec3c82cb040ad4c7c"}
,"/Users/tjohnston/source/react-ui/packages/react-ui-core/src/Dropdown/DropdownAnchor.js": {"path":"/Users/tjohnston/source/react-ui/packages/react-ui-core/src/Dropdown/DropdownAnchor.js","statementMap":{"0":{"start":{"line":34,"column":33},"end":{"line":34,"column":43}},"1":{"start":{"line":36,"column":4},"end":{"line":36,"column":33}},"2":{"start":{"line":36,"column":17},"end":{"line":36,"column":33}},"3":{"start":{"line":46,"column":8},"end":{"line":46,"column":18}},"4":{"start":{"line":48,"column":4},"end":{"line":57,"column":7}},"5":{"start":{"line":61,"column":4},"end":{"line":61,"column":30}}},"fnMap":{"0":{"name":"(anonymous_0)","decl":{"start":{"line":33,"column":2},"end":{"line":33,"column":3}},"loc":{"start":{"line":33,"column":16},"end":{"line":37,"column":3}},"line":33},"1":{"name":"(anonymous_1)","decl":{"start":{"line":39,"column":2},"end":{"line":39,"column":3}},"loc":{"start":{"line":39,"column":17},"end":{"line":58,"column":3}},"line":39},"2":{"name":"(anonymous_2)","decl":{"start":{"line":60,"column":2},"end":{"line":60,"column":3}},"loc":{"start":{"line":60,"column":11},"end":{"line":62,"column":3}},"line":60}},"branchMap":{"0":{"loc":{"start":{"line":36,"column":4},"end":{"line":36,"column":33}},"type":"if","locations":[{"start":{"line":36,"column":4},"end":{"line":36,"column":33}},{"start":{"line":36,"column":4},"end":{"line":36,"column":33}}],"line":36},"1":{"loc":{"start":{"line":53,"column":32},"end":{"line":53,"column":63}},"type":"cond-expr","locations":[{"start":{"line":53,"column":42},"end":{"line":53,"column":50}},{"start":{"line":53,"column":53},"end":{"line":53,"column":63}}],"line":53}},"s":{"0":0,"1":0,"2":0,"3":41,"4":41,"5":41},"f":{"0":0,"1":41,"2":41},"b":{"0":[0,0],"1":[15,26]},"_coverageSchema":"332fd63041d2c1bcb487cc26dd0d5f7d97098a6c","hash":"781d01a98dc53adb9eb7178e6b94ae4e49c98ff2"}
,"/Users/tjohnston/source/react-ui/packages/react-ui-core/src/Dropdown/index.js": {"path":"/Users/tjohnston/source/react-ui/packages/react-ui-core/src/Dropdown/index.js","statementMap":{},"fnMap":{},"branchMap":{},"s":{},"f":{},"b":{},"_coverageSchema":"332fd63041d2c1bcb487cc26dd0d5f7d97098a6c","hash":"b70529de9f099bc2869c52fead66b62f10e1b957"}
,"/Users/tjohnston/source/react-ui/packages/react-ui-core/src/Form/Field.js": {"path":"/Users/tjohnston/source/react-ui/packages/react-ui-core/src/Form/Field.js","statementMap":{"0":{"start":{"line":118,"column":15},"end":{"line":118,"column":77}},"1":{"start":{"line":119,"column":4},"end":{"line":119,"column":13}},"2":{"start":{"line":123,"column":4},"end":{"line":125,"column":5}},"3":{"start":{"line":124,"column":6},"end":{"line":124,"column":12}},"4":{"start":{"line":127,"column":4},"end":{"line":129,"column":6}},"5":{"start":{"line":131,"column":4},"end":{"line":133,"column":5}},"6":{"start":{"line":132,"column":6},"end":{"line":132,"column":31}},"7":{"start":{"line":137,"column":4},"end":{"line":139,"column":6}},"8":{"start":{"line":141,"column":4},"end":{"line":143,"column":5}},"9":{"start":{"line":142,"column":6},"end":{"line":142,"column":30}},"10":{"start":{"line":162,"column":8},"end":{"line":162,"column":18}},"11":{"start":{"line":166,"column":8},"end":{"line":166,"column":18}},"12":{"start":{"line":168,"column":20},"end":{"line":168,"column":39}},"13":{"start":{"line":169,"column":20},"end":{"line":169,"column":43}},"14":{"start":{"line":173,"column":18},"end":{"line":179,"column":5}},"15":{"start":{"line":181,"column":4},"end":{"line":190,"column":6}},"16":{"start":{"line":192,"column":4},"end":{"line":198,"column":5}},"17":{"start":{"line":193,"column":6},"end":{"line":197,"column":9}},"18":{"start":{"line":200,"column":4},"end":{"line":210,"column":5}},"19":{"start":{"line":201,"column":6},"end":{"line":204,"column":9}},"20":{"start":{"line":205,"column":11},"end":{"line":210,"column":5}},"21":{"start":{"line":206,"column":6},"end":{"line":209,"column":9}},"22":{"start":{"line":215,"column":8},"end":{"line":224,"column":6}},"23":{"start":{"line":226,"column":4},"end":{"line":232,"column":5}},"24":{"start":{"line":227,"column":6},"end":{"line":231,"column":7}},"25":{"start":{"line":234,"column":4},"end":{"line":238,"column":5}}},"fnMap":{"0":{"name":"(anonymous_0)","decl":{"start":{"line":117,"column":2},"end":{"line":117,"column":3}},"loc":{"start":{"line":117,"column":17},"end":{"line":120,"column":3}},"line":117},"1":{"name":"(anonymous_1)","decl":{"start":{"line":122,"column":21},"end":{"line":122,"column":22}},"loc":{"start":{"line":122,"column":30},"end":{"line":134,"column":3}},"line":122},"2":{"name":"(anonymous_2)","decl":{"start":{"line":136,"column":20},"end":{"line":136,"column":21}},"loc":{"start":{"line":136,"column":29},"end":{"line":144,"column":3}},"line":136},"3":{"name":"(anonymous_3)","decl":{"start":{"line":146,"column":2},"end":{"line":146,"column":3}},"loc":{"start":{"line":146,"column":11},"end":{"line":239,"column":3}},"line":146}},"branchMap":{"0":{"loc":{"start":{"line":118,"column":15},"end":{"line":118,"column":77}},"type":"binary-expr","locations":[{"start":{"line":118,"column":15},"end":{"line":118,"column":29}},{"start":{"line":118,"column":34},"end":{"line":118,"column":76}}],"line":118},"1":{"loc":{"start":{"line":123,"column":4},"end":{"line":125,"column":5}},"type":"if","locations":[{"start":{"line":123,"column":4},"end":{"line":125,"column":5}},{"start":{"line":123,"column":4},"end":{"line":125,"column":5}}],"line":123},"2":{"loc":{"start":{"line":131,"column":4},"end":{"line":133,"column":5}},"type":"if","locations":[{"start":{"line":131,"column":4},"end":{"line":133,"column":5}},{"start":{"line":131,"column":4},"end":{"line":133,"column":5}}],"line":131},"3":{"loc":{"start":{"line":141,"column":4},"end":{"line":143,"column":5}},"type":"if","locations":[{"start":{"line":141,"column":4},"end":{"line":143,"column":5}},{"start":{"line":141,"column":4},"end":{"line":143,"column":5}}],"line":141},"4":{"loc":{"start":{"line":168,"column":20},"end":{"line":168,"column":39}},"type":"binary-expr","locations":[{"start":{"line":168,"column":20},"end":{"line":168,"column":22}},{"start":{"line":168,"column":26},"end":{"line":168,"column":39}}],"line":168},"5":{"loc":{"start":{"line":169,"column":20},"end":{"line":169,"column":43}},"type":"binary-expr","locations":[{"start":{"line":169,"column":20},"end":{"line":169,"column":32}},{"start":{"line":169,"column":36},"end":{"line":169,"column":43}}],"line":169},"6":{"loc":{"start":{"line":181,"column":32},"end":{"line":181,"column":72}},"type":"binary-expr","locations":[{"start":{"line":181,"column":32},"end":{"line":181,"column":37}},{"start":{"line":181,"column":41},"end":{"line":181,"column":55}},{"start":{"line":181,"column":59},"end":{"line":181,"column":72}}],"line":181},"7":{"loc":{"start":{"line":192,"column":4},"end":{"line":198,"column":5}},"type":"if","locations":[{"start":{"line":192,"column":4},"end":{"line":198,"column":5}},{"start":{"line":192,"column":4},"end":{"line":198,"column":5}}],"line":192},"8":{"loc":{"start":{"line":200,"column":4},"end":{"line":210,"column":5}},"type":"if","locations":[{"start":{"line":200,"column":4},"end":{"line":210,"column":5}},{"start":{"line":200,"column":4},"end":{"line":210,"column":5}}],"line":200},"9":{"loc":{"start":{"line":205,"column":11},"end":{"line":210,"column":5}},"type":"if","locations":[{"start":{"line":205,"column":11},"end":{"line":210,"column":5}},{"start":{"line":205,"column":11},"end":{"line":210,"column":5}}],"line":205},"10":{"loc":{"start":{"line":220,"column":8},"end":{"line":220,"column":41}},"type":"binary-expr","locations":[{"start":{"line":220,"column":8},"end":{"line":220,"column":15}},{"start":{"line":220,"column":19},"end":{"line":220,"column":41}}],"line":220},"11":{"loc":{"start":{"line":221,"column":8},"end":{"line":221,"column":41}},"type":"binary-expr","locations":[{"start":{"line":221,"column":8},"end":{"line":221,"column":15}},{"start":{"line":221,"column":19},"end":{"line":221,"column":41}}],"line":221},"12":{"loc":{"start":{"line":222,"column":8},"end":{"line":222,"column":43}},"type":"binary-expr","locations":[{"start":{"line":222,"column":8},"end":{"line":222,"column":16}},{"start":{"line":222,"column":20},"end":{"line":222,"column":43}}],"line":222},"13":{"loc":{"start":{"line":226,"column":4},"end":{"line":232,"column":5}},"type":"if","locations":[{"start":{"line":226,"column":4},"end":{"line":232,"column":5}},{"start":{"line":226,"column":4},"end":{"line":232,"column":5}}],"line":226}},"s":{"0":74,"1":74,"2":3,"3":0,"4":3,"5":3,"6":1,"7":2,"8":2,"9":1,"10":75,"11":75,"12":75,"13":75,"14":75,"15":75,"16":75,"17":18,"18":75,"19":6,"20":69,"21":4,"22":75,"23":75,"24":1,"25":74},"f":{"0":74,"1":3,"2":2,"3":75},"b":{"0":[74,61],"1":[0,3],"2":[1,2],"3":[1,1],"4":[75,74],"5":[75,74],"6":[75,74,36],"7":[18,57],"8":[6,69],"9":[4,65],"10":[75,3],"11":[75,7],"12":[75,1],"13":[1,74]},"_coverageSchema":"332fd63041d2c1bcb487cc26dd0d5f7d97098a6c","hash":"27e76ee22aadd5b8c41efc44bf001dffb767995f"}
,"/Users/tjohnston/source/react-ui/packages/react-ui-core/src/Form/FieldSet.js": {"path":"/Users/tjohnston/source/react-ui/packages/react-ui-core/src/Form/FieldSet.js","statementMap":{"0":{"start":{"line":29,"column":8},"end":{"line":29,"column":18}},"1":{"start":{"line":31,"column":23},"end":{"line":34,"column":5}},"2":{"start":{"line":36,"column":4},"end":{"line":45,"column":5}}},"fnMap":{"0":{"name":"(anonymous_0)","decl":{"start":{"line":22,"column":2},"end":{"line":22,"column":3}},"loc":{"start":{"line":22,"column":11},"end":{"line":46,"column":3}},"line":22}},"branchMap":{"0":{"loc":{"start":{"line":38,"column":9},"end":{"line":42,"column":9}},"type":"binary-expr","locations":[{"start":{"line":38,"column":9},"end":{"line":38,"column":15}},{"start":{"line":39,"column":10},"end":{"line":41,"column":19}}],"line":38}},"s":{"0":5,"1":5,"2":5},"f":{"0":5},"b":{"0":[5,1]},"_coverageSchema":"332fd63041d2c1bcb487cc26dd0d5f7d97098a6c","hash":"371a417ef0897d06d39b99bd858f978c5d01dec5"}
,"/Users/tjohnston/source/react-ui/packages/react-ui-core/src/Form/Form.js": {"path":"/Users/tjohnston/source/react-ui/packages/react-ui-core/src/Form/Form.js","statementMap":{"0":{"start":{"line":56,"column":4},"end":{"line":56,"column":26}},"1":{"start":{"line":58,"column":4},"end":{"line":66,"column":5}},"2":{"start":{"line":59,"column":19},"end":{"line":59,"column":26}},"3":{"start":{"line":61,"column":6},"end":{"line":63,"column":7}},"4":{"start":{"line":62,"column":8},"end":{"line":62,"column":62}},"5":{"start":{"line":65,"column":6},"end":{"line":65,"column":34}},"6":{"start":{"line":75,"column":8},"end":{"line":75,"column":18}},"7":{"start":{"line":77,"column":4},"end":{"line":86,"column":5}}},"fnMap":{"0":{"name":"(anonymous_0)","decl":{"start":{"line":55,"column":13},"end":{"line":55,"column":14}},"loc":{"start":{"line":55,"column":22},"end":{"line":67,"column":3}},"line":55},"1":{"name":"(anonymous_1)","decl":{"start":{"line":69,"column":2},"end":{"line":69,"column":3}},"loc":{"start":{"line":69,"column":11},"end":{"line":87,"column":3}},"line":69}},"branchMap":{"0":{"loc":{"start":{"line":58,"column":4},"end":{"line":66,"column":5}},"type":"if","locations":[{"start":{"line":58,"column":4},"end":{"line":66,"column":5}},{"start":{"line":58,"column":4},"end":{"line":66,"column":5}}],"line":58},"1":{"loc":{"start":{"line":61,"column":6},"end":{"line":63,"column":7}},"type":"if","locations":[{"start":{"line":61,"column":6},"end":{"line":63,"column":7}},{"start":{"line":61,"column":6},"end":{"line":63,"column":7}}],"line":61}},"s":{"0":4,"1":4,"2":4,"3":4,"4":1,"5":4,"6":10,"7":10},"f":{"0":4,"1":10},"b":{"0":[4,0],"1":[1,3]},"_coverageSchema":"332fd63041d2c1bcb487cc26dd0d5f7d97098a6c","hash":"09846a17d1456c61f72e0b3ab8f0db9d98bb4bb4"}
,"/Users/tjohnston/source/react-ui/packages/react-ui-core/src/Form/Input.js": {"path":"/Users/tjohnston/source/react-ui/packages/react-ui-core/src/Form/Input.js","statementMap":{"0":{"start":{"line":56,"column":8},"end":{"line":56,"column":18}},"1":{"start":{"line":58,"column":4},"end":{"line":70,"column":5}}},"fnMap":{"0":{"name":"(anonymous_0)","decl":{"start":{"line":48,"column":2},"end":{"line":48,"column":3}},"loc":{"start":{"line":48,"column":11},"end":{"line":71,"column":3}},"line":48}},"branchMap":{"0":{"loc":{"start":{"line":65,"column":10},"end":{"line":65,"column":39}},"type":"binary-expr","locations":[{"start":{"line":65,"column":10},"end":{"line":65,"column":15}},{"start":{"line":65,"column":19},"end":{"line":65,"column":39}}],"line":65},"1":{"loc":{"start":{"line":66,"column":10},"end":{"line":66,"column":43}},"type":"binary-expr","locations":[{"start":{"line":66,"column":10},"end":{"line":66,"column":17}},{"start":{"line":66,"column":21},"end":{"line":66,"column":43}}],"line":66},"2":{"loc":{"start":{"line":67,"column":10},"end":{"line":67,"column":46}},"type":"binary-expr","locations":[{"start":{"line":67,"column":10},"end":{"line":67,"column":17}},{"start":{"line":67,"column":21},"end":{"line":67,"column":46}}],"line":67}},"s":{"0":74,"1":74},"f":{"0":74},"b":{"0":[74,1],"1":[74,2],"2":[74,1]},"_coverageSchema":"332fd63041d2c1bcb487cc26dd0d5f7d97098a6c","hash":"36a8beacf56174d02c869845c85cc526cd18ab9e"}
,"/Users/tjohnston/source/react-ui/packages/react-ui-core/src/Form/Label.js": {"path":"/Users/tjohnston/source/react-ui/packages/react-ui-core/src/Form/Label.js","statementMap":{"0":{"start":{"line":29,"column":8},"end":{"line":29,"column":18}},"1":{"start":{"line":31,"column":23},"end":{"line":34,"column":5}},"2":{"start":{"line":36,"column":4},"end":{"line":45,"column":5}}},"fnMap":{"0":{"name":"(anonymous_0)","decl":{"start":{"line":22,"column":2},"end":{"line":22,"column":3}},"loc":{"start":{"line":22,"column":11},"end":{"line":46,"column":3}},"line":22}},"branchMap":{},"s":{"0":20,"1":20,"2":20},"f":{"0":20},"b":{},"_coverageSchema":"332fd63041d2c1bcb487cc26dd0d5f7d97098a6c","hash":"9c58a9fa4091e59c00ed4b9e664a731ccd4bed41"}
,"/Users/tjohnston/source/react-ui/packages/react-ui-core/src/Form/RadioButton.js": {"path":"/Users/tjohnston/source/react-ui/packages/react-ui-core/src/Form/RadioButton.js","statementMap":{"0":{"start":{"line":31,"column":10},"end":{"line":31,"column":20}},"1":{"start":{"line":33,"column":6},"end":{"line":45,"column":7}}},"fnMap":{"0":{"name":"(anonymous_0)","decl":{"start":{"line":24,"column":4},"end":{"line":24,"column":5}},"loc":{"start":{"line":24,"column":13},"end":{"line":46,"column":5}},"line":24}},"branchMap":{"0":{"loc":{"start":{"line":38,"column":12},"end":{"line":38,"column":62}},"type":"binary-expr","locations":[{"start":{"line":38,"column":12},"end":{"line":38,"column":30}},{"start":{"line":38,"column":34},"end":{"line":38,"column":62}}],"line":38},"1":{"loc":{"start":{"line":39,"column":12},"end":{"line":39,"column":59}},"type":"binary-expr","locations":[{"start":{"line":39,"column":12},"end":{"line":39,"column":28}},{"start":{"line":39,"column":32},"end":{"line":39,"column":59}}],"line":39},"2":{"loc":{"start":{"line":40,"column":12},"end":{"line":40,"column":62}},"type":"binary-expr","locations":[{"start":{"line":40,"column":12},"end":{"line":40,"column":23}},{"start":{"line":40,"column":27},"end":{"line":40,"column":62}}],"line":40}},"s":{"0":14,"1":14},"f":{"0":14},"b":{"0":[14,6],"1":[14,1],"2":[14,1]},"_coverageSchema":"332fd63041d2c1bcb487cc26dd0d5f7d97098a6c","hash":"73051bbab4e20a363d3fa7cbe43cb3c62533f0de"}
,"/Users/tjohnston/source/react-ui/packages/react-ui-core/src/Form/RadioGroup.js": {"path":"/Users/tjohnston/source/react-ui/packages/react-ui-core/src/Form/RadioGroup.js","statementMap":{"0":{"start":{"line":40,"column":4},"end":{"line":40,"column":16}},"1":{"start":{"line":41,"column":4},"end":{"line":43,"column":5}},"2":{"start":{"line":44,"column":4},"end":{"line":44,"column":27}},"3":{"start":{"line":48,"column":4},"end":{"line":54,"column":5}},"4":{"start":{"line":49,"column":6},"end":{"line":49,"column":29}},"5":{"start":{"line":51,"column":6},"end":{"line":53,"column":8}},"6":{"start":{"line":58,"column":4},"end":{"line":58,"column":34}},"7":{"start":{"line":62,"column":4},"end":{"line":62,"column":52}},"8":{"start":{"line":62,"column":29},"end":{"line":62,"column":38}},"9":{"start":{"line":66,"column":4},"end":{"line":66,"column":36}},"10":{"start":{"line":70,"column":4},"end":{"line":72,"column":6}},"11":{"start":{"line":74,"column":4},"end":{"line":76,"column":5}},"12":{"start":{"line":75,"column":6},"end":{"line":75,"column":32}},"13":{"start":{"line":81,"column":4},"end":{"line":86,"column":5}},"14":{"start":{"line":82,"column":6},"end":{"line":82,"column":36}},"15":{"start":{"line":83,"column":6},"end":{"line":85,"column":7}},"16":{"start":{"line":84,"column":8},"end":{"line":84,"column":36}},"17":{"start":{"line":90,"column":18},"end":{"line":90,"column":79}},"18":{"start":{"line":92,"column":4},"end":{"line":102,"column":5}},"19":{"start":{"line":116,"column":8},"end":{"line":116,"column":18}},"20":{"start":{"line":118,"column":4},"end":{"line":118,"column":40}},"21":{"start":{"line":118,"column":29},"end":{"line":118,"column":40}},"22":{"start":{"line":120,"column":4},"end":{"line":132,"column":5}},"23":{"start":{"line":129,"column":10},"end":{"line":129,"column":46}}},"fnMap":{"0":{"name":"(anonymous_0)","decl":{"start":{"line":39,"column":2},"end":{"line":39,"column":3}},"loc":{"start":{"line":39,"column":21},"end":{"line":45,"column":3}},"line":39},"1":{"name":"(anonymous_1)","decl":{"start":{"line":47,"column":2},"end":{"line":47,"column":3}},"loc":{"start":{"line":47,"column":39},"end":{"line":55,"column":3}},"line":47},"2":{"name":"(anonymous_2)","decl":{"start":{"line":57,"column":2},"end":{"line":57,"column":3}},"loc":{"start":{"line":57,"column":15},"end":{"line":59,"column":3}},"line":57},"3":{"name":"(anonymous_3)","decl":{"start":{"line":61,"column":2},"end":{"line":61,"column":3}},"loc":{"start":{"line":61,"column":46},"end":{"line":63,"column":3}},"line":61},"4":{"name":"(anonymous_4)","decl":{"start":{"line":62,"column":24},"end":{"line":62,"column":25}},"loc":{"start":{"line":62,"column":29},"end":{"line":62,"column":38}},"line":62},"5":{"name":"(anonymous_5)","decl":{"start":{"line":65,"column":2},"end":{"line":65,"column":3}},"loc":{"start":{"line":65,"column":21},"end":{"line":67,"column":3}},"line":65},"6":{"name":"(anonymous_6)","decl":{"start":{"line":69,"column":22},"end":{"line":69,"column":23}},"loc":{"start":{"line":69,"column":31},"end":{"line":77,"column":3}},"line":69},"7":{"name":"(anonymous_7)","decl":{"start":{"line":79,"column":16},"end":{"line":79,"column":17}},"loc":{"start":{"line":79,"column":25},"end":{"line":87,"column":3}},"line":79},"8":{"name":"(anonymous_8)","decl":{"start":{"line":89,"column":2},"end":{"line":89,"column":3}},"loc":{"start":{"line":89,"column":39},"end":{"line":103,"column":3}},"line":89},"9":{"name":"(anonymous_9)","decl":{"start":{"line":105,"column":2},"end":{"line":105,"column":3}},"loc":{"start":{"line":105,"column":11},"end":{"line":133,"column":3}},"line":105},"10":{"name":"(anonymous_10)","decl":{"start":{"line":128,"column":25},"end":{"line":128,"column":26}},"loc":{"start":{"line":129,"column":10},"end":{"line":129,"column":46}},"line":129}},"branchMap":{"0":{"loc":{"start":{"line":48,"column":4},"end":{"line":54,"column":5}},"type":"if","locations":[{"start":{"line":48,"column":4},"end":{"line":54,"column":5}},{"start":{"line":48,"column":4},"end":{"line":54,"column":5}}],"line":48},"1":{"loc":{"start":{"line":52,"column":42},"end":{"line":52,"column":64}},"type":"binary-expr","locations":[{"start":{"line":52,"column":42},"end":{"line":52,"column":58}},{"start":{"line":52,"column":62},"end":{"line":52,"column":64}}],"line":52},"2":{"loc":{"start":{"line":58,"column":11},"end":{"line":58,"column":34}},"type":"binary-expr","locations":[{"start":{"line":58,"column":11},"end":{"line":58,"column":28}},{"start":{"line":58,"column":32},"end":{"line":58,"column":34}}],"line":58},"3":{"loc":{"start":{"line":61,"column":24},"end":{"line":61,"column":44}},"type":"default-arg","locations":[{"start":{"line":61,"column":33},"end":{"line":61,"column":44}}],"line":61},"4":{"loc":{"start":{"line":62,"column":12},"end":{"line":62,"column":45}},"type":"binary-expr","locations":[{"start":{"line":62,"column":12},"end":{"line":62,"column":39}},{"start":{"line":62,"column":43},"end":{"line":62,"column":45}}],"line":62},"5":{"loc":{"start":{"line":74,"column":4},"end":{"line":76,"column":5}},"type":"if","locations":[{"start":{"line":74,"column":4},"end":{"line":76,"column":5}},{"start":{"line":74,"column":4},"end":{"line":76,"column":5}}],"line":74},"6":{"loc":{"start":{"line":81,"column":4},"end":{"line":86,"column":5}},"type":"if","locations":[{"start":{"line":81,"column":4},"end":{"line":86,"column":5}},{"start":{"line":81,"column":4},"end":{"line":86,"column":5}}],"line":81},"7":{"loc":{"start":{"line":81,"column":8},"end":{"line":81,"column":75}},"type":"binary-expr","locations":[{"start":{"line":81,"column":8},"end":{"line":81,"column":32}},{"start":{"line":81,"column":36},"end":{"line":81,"column":75}}],"line":81},"8":{"loc":{"start":{"line":83,"column":6},"end":{"line":85,"column":7}},"type":"if","locations":[{"start":{"line":83,"column":6},"end":{"line":85,"column":7}},{"start":{"line":83,"column":6},"end":{"line":85,"column":7}}],"line":83},"9":{"loc":{"start":{"line":118,"column":4},"end":{"line":118,"column":40}},"type":"if","locations":[{"start":{"line":118,"column":4},"end":{"line":118,"column":40}},{"start":{"line":118,"column":4},"end":{"line":118,"column":40}}],"line":118}},"s":{"0":10,"1":10,"2":10,"3":3,"4":2,"5":2,"6":42,"7":12,"8":18,"9":12,"10":1,"11":1,"12":1,"13":2,"14":1,"15":1,"16":1,"17":30,"18":30,"19":17,"20":17,"21":2,"22":15,"23":30},"f":{"0":10,"1":3,"2":42,"3":12,"4":18,"5":12,"6":1,"7":2,"8":30,"9":17,"10":30},"b":{"0":[2,1],"1":[2,0],"2":[42,2],"3":[10],"4":[12,3],"5":[1,0],"6":[1,1],"7":[2,1],"8":[1,0],"9":[2,15]},"_coverageSchema":"332fd63041d2c1bcb487cc26dd0d5f7d97098a6c","hash":"da4e8b56893e3e54bdd3a0296a77a9a236da2b41"}
,"/Users/tjohnston/source/react-ui/packages/react-ui-core/src/Form/RangeSlider.js": {"path":"/Users/tjohnston/source/react-ui/packages/react-ui-core/src/Form/RangeSlider.js","statementMap":{"0":{"start":{"line":31,"column":4},"end":{"line":31,"column":16}},"1":{"start":{"line":32,"column":4},"end":{"line":32,"column":44}},"2":{"start":{"line":33,"column":4},"end":{"line":33,"column":39}},"3":{"start":{"line":35,"column":4},"end":{"line":35,"column":36}},"4":{"start":{"line":39,"column":4},"end":{"line":41,"column":5}},"5":{"start":{"line":40,"column":6},"end":{"line":40,"column":47}},"6":{"start":{"line":43,"column":4},"end":{"line":45,"column":5}},"7":{"start":{"line":44,"column":6},"end":{"line":44,"column":42}},"8":{"start":{"line":49,"column":4},"end":{"line":49,"column":55}},"9":{"start":{"line":49,"column":29},"end":{"line":49,"column":55}},"10":{"start":{"line":50,"column":4},"end":{"line":50,"column":28}},"11":{"start":{"line":55,"column":4},"end":{"line":55,"column":74}},"12":{"start":{"line":65,"column":8},"end":{"line":65,"column":18}},"13":{"start":{"line":67,"column":4},"end":{"line":82,"column":5}}},"fnMap":{"0":{"name":"(anonymous_0)","decl":{"start":{"line":30,"column":2},"end":{"line":30,"column":3}},"loc":{"start":{"line":30,"column":21},"end":{"line":36,"column":3}},"line":30},"1":{"name":"(anonymous_1)","decl":{"start":{"line":38,"column":2},"end":{"line":38,"column":3}},"loc":{"start":{"line":38,"column":39},"end":{"line":46,"column":3}},"line":38},"2":{"name":"(anonymous_2)","decl":{"start":{"line":48,"column":2},"end":{"line":48,"column":3}},"loc":{"start":{"line":48,"column":18},"end":{"line":51,"column":3}},"line":48},"3":{"name":"(anonymous_3)","decl":{"start":{"line":53,"column":2},"end":{"line":53,"column":3}},"loc":{"start":{"line":53,"column":24},"end":{"line":56,"column":3}},"line":53},"4":{"name":"(anonymous_4)","decl":{"start":{"line":58,"column":2},"end":{"line":58,"column":3}},"loc":{"start":{"line":58,"column":11},"end":{"line":83,"column":3}},"line":58}},"branchMap":{"0":{"loc":{"start":{"line":39,"column":4},"end":{"line":41,"column":5}},"type":"if","locations":[{"start":{"line":39,"column":4},"end":{"line":41,"column":5}},{"start":{"line":39,"column":4},"end":{"line":41,"column":5}}],"line":39},"1":{"loc":{"start":{"line":43,"column":4},"end":{"line":45,"column":5}},"type":"if","locations":[{"start":{"line":43,"column":4},"end":{"line":45,"column":5}},{"start":{"line":43,"column":4},"end":{"line":45,"column":5}}],"line":43},"2":{"loc":{"start":{"line":49,"column":4},"end":{"line":49,"column":55}},"type":"if","locations":[{"start":{"line":49,"column":4},"end":{"line":49,"column":55}},{"start":{"line":49,"column":4},"end":{"line":49,"column":55}}],"line":49},"3":{"loc":{"start":{"line":74,"column":9},"end":{"line":74,"column":55}},"type":"binary-expr","locations":[{"start":{"line":74,"column":9},"end":{"line":74,"column":21}},{"start":{"line":74,"column":25},"end":{"line":74,"column":55}}],"line":74}},"s":{"0":0,"1":0,"2":0,"3":0,"4":0,"5":0,"6":0,"7":0,"8":0,"9":0,"10":0,"11":0,"12":0,"13":0},"f":{"0":0,"1":0,"2":0,"3":0,"4":0},"b":{"0":[0,0],"1":[0,0],"2":[0,0],"3":[0,0]},"_coverageSchema":"332fd63041d2c1bcb487cc26dd0d5f7d97098a6c","hash":"abbe48921a68c4fc8621e8c894f30a658454e3a8"}
[...]
:4},"end":{"line":25,"column":16}},"1":{"start":{"line":27,"column":4},"end":{"line":30,"column":5}},"2":{"start":{"line":34,"column":20},"end":{"line":34,"column":35}},"3":{"start":{"line":36,"column":4},"end":{"line":41,"column":5}},"4":{"start":{"line":37,"column":6},"end":{"line":40,"column":7}},"5":{"start":{"line":64,"column":4},"end":{"line":64,"column":34}},"6":{"start":{"line":75,"column":8},"end":{"line":75,"column":18}},"7":{"start":{"line":77,"column":27},"end":{"line":77,"column":37}},"8":{"start":{"line":79,"column":4},"end":{"line":90,"column":5}}},"fnMap":{"0":{"name":"(anonymous_0)","decl":{"start":{"line":24,"column":2},"end":{"line":24,"column":3}},"loc":{"start":{"line":24,"column":21},"end":{"line":31,"column":3}},"line":24},"1":{"name":"(anonymous_1)","decl":{"start":{"line":33,"column":2},"end":{"line":33,"column":3}},"loc":{"start":{"line":33,"column":44},"end":{"line":42,"column":3}},"line":33},"2":{"name":"(anonymous_2)","decl":{"start":{"line":63,"column":2},"end":{"line":63,"column":3}},"loc":{"start":{"line":63,"column":13},"end":{"line":65,"column":3}},"line":63},"3":{"name":"(anonymous_3)","decl":{"start":{"line":67,"column":2},"end":{"line":67,"column":3}},"loc":{"start":{"line":67,"column":11},"end":{"line":91,"column":3}},"line":67}},"branchMap":{"0":{"loc":{"start":{"line":34,"column":20},"end":{"line":34,"column":35}},"type":"binary-expr","locations":[{"start":{"line":34,"column":20},"end":{"line":34,"column":29}},{"start":{"line":34,"column":33},"end":{"line":34,"column":35}}],"line":34},"1":{"loc":{"start":{"line":36,"column":4},"end":{"line":41,"column":5}},"type":"if","locations":[{"start":{"line":36,"column":4},"end":{"line":41,"column":5}},{"start":{"line":36,"column":4},"end":{"line":41,"column":5}}],"line":36},"2":{"loc":{"start":{"line":36,"column":8},"end":{"line":36,"column":39}},"type":"binary-expr","locations":[{"start":{"line":36,"column":8},"end":{"line":36,"column":12}},{"start":{"line":36,"column":17},"end":{"line":36,"column":38}}],"line":36},"3":{"loc":{"start":{"line":81,"column":13},"end":{"line":81,"column":38}},"type":"cond-expr","locations":[{"start":{"line":81,"column":21},"end":{"line":81,"column":32}},{"start":{"line":81,"column":35},"end":{"line":81,"column":38}}],"line":81},"4":{"loc":{"start":{"line":87,"column":17},"end":{"line":87,"column":40}},"type":"binary-expr","locations":[{"start":{"line":87,"column":17},"end":{"line":87,"column":23}},{"start":{"line":87,"column":27},"end":{"line":87,"column":40}}],"line":87}},"s":{"0":3,"1":3,"2":0,"3":0,"4":0,"5":0,"6":3,"7":3,"8":3},"f":{"0":3,"1":0,"2":0,"3":3},"b":{"0":[0,0],"1":[0,0],"2":[0,0],"3":[0,3],"4":[3,3]},"_coverageSchema":"332fd63041d2c1bcb487cc26dd0d5f7d97098a6c","hash":"f777659891cdfa93a09051b5e88b84e78074882c"}
,"/Users/tjohnston/source/react-ui/packages/react-ui-core/src/Photo/index.js": {"path":"/Users/tjohnston/source/react-ui/packages/react-ui-core/src/Photo/index.js","statementMap":{},"fnMap":{},"branchMap":{},"s":{},"f":{},"b":{},"_coverageSchema":"332fd63041d2c1bcb487cc26dd0d5f7d97098a6c","hash":"605d2d82d26412b82b80f93ffb3a1e6cbe9b392d"}
,"/Users/tjohnston/source/react-ui/packages/react-ui-core/src/Ratings/RatingBar.js": {"path":"/Users/tjohnston/source/react-ui/packages/react-ui-core/src/Ratings/RatingBar.js","statementMap":{"0":{"start":{"line":29,"column":8},"end":{"line":29,"column":18}},"1":{"start":{"line":31,"column":23},"end":{"line":31,"column":39}},"2":{"start":{"line":32,"column":25},"end":{"line":32,"column":62}},"3":{"start":{"line":34,"column":4},"end":{"line":44,"column":5}},"4":{"start":{"line":55,"column":8},"end":{"line":55,"column":18}},"5":{"start":{"line":57,"column":4},"end":{"line":74,"column":5}}},"fnMap":{"0":{"name":"(anonymous_0)","decl":{"start":{"line":24,"column":2},"end":{"line":24,"column":3}},"loc":{"start":{"line":24,"column":20},"end":{"line":45,"column":3}},"line":24},"1":{"name":"(anonymous_1)","decl":{"start":{"line":47,"column":2},"end":{"line":47,"column":3}},"loc":{"start":{"line":47,"column":11},"end":{"line":75,"column":3}},"line":47}},"branchMap":{"0":{"loc":{"start":{"line":32,"column":26},"end":{"line":32,"column":55}},"type":"cond-expr","locations":[{"start":{"line":32,"column":42},"end":{"line":32,"column":43}},{"start":{"line":32,"column":46},"end":{"line":32,"column":55}}],"line":32},"1":{"loc":{"start":{"line":36,"column":9},"end":{"line":41,"column":12}},"type":"binary-expr","locations":[{"start":{"line":36,"column":9},"end":{"line":36,"column":23}},{"start":{"line":37,"column":10},"end":{"line":41,"column":12}}],"line":36},"2":{"loc":{"start":{"line":68,"column":9},"end":{"line":71,"column":16}},"type":"binary-expr","locations":[{"start":{"line":68,"column":9},"end":{"line":68,"column":14}},{"start":{"line":69,"column":10},"end":{"line":71,"column":16}}],"line":68}},"s":{"0":4,"1":4,"2":4,"3":4,"4":4,"5":4},"f":{"0":4,"1":4},"b":{"0":[1,3],"1":[4,3],"2":[4,0]},"_coverageSchema":"332fd63041d2c1bcb487cc26dd0d5f7d97098a6c","hash":"ae5b130da91abdf3731850e5d0601e2b6f03afea"}
,"/Users/tjohnston/source/react-ui/packages/react-ui-core/src/Ratings/index.js": {"path":"/Users/tjohnston/source/react-ui/packages/react-ui-core/src/Ratings/index.js","statementMap":{},"fnMap":{},"branchMap":{},"s":{},"f":{},"b":{},"_coverageSchema":"332fd63041d2c1bcb487cc26dd0d5f7d97098a6c","hash":"667a567104c4eaa9ff02a809b4e68284317a8f56"}
,"/Users/tjohnston/source/react-ui/packages/react-ui-core/src/Schema/Schema.js": {"path":"/Users/tjohnston/source/react-ui/packages/react-ui-core/src/Schema/Schema.js","statementMap":{"0":{"start":{"line":5,"column":25},"end":{"line":9,"column":1}},"1":{"start":{"line":6,"column":2},"end":{"line":8,"column":8}},"2":{"start":{"line":11,"column":0},"end":{"line":13,"column":1}},"3":{"start":{"line":15,"column":24},"end":{"line":33,"column":1}},"4":{"start":{"line":16,"column":2},"end":{"line":18,"column":3}},"5":{"start":{"line":17,"column":4},"end":{"line":17,"column":15}},"6":{"start":{"line":20,"column":2},"end":{"line":32,"column":3}},"7":{"start":{"line":35,"column":0},"end":{"line":39,"column":1}},"8":{"start":{"line":41,"column":16},"end":{"line":48,"column":1}},"9":{"start":{"line":42,"column":2},"end":{"line":47,"column":9}},"10":{"start":{"line":50,"column":0},"end":{"line":55,"column":1}},"11":{"start":{"line":57,"column":12},"end":{"line":68,"column":1}},"12":{"start":{"line":58,"column":2},"end":{"line":60,"column":3}},"13":{"start":{"line":59,"column":4},"end":{"line":59,"column":15}},"14":{"start":{"line":62,"column":2},"end":{"line":67,"column":3}},"15":{"start":{"line":70,"column":0},"end":{"line":73,"column":1}},"16":{"start":{"line":78,"column":37},"end":{"line":78,"column":47}},"17":{"start":{"line":79,"column":4},"end":{"line":94,"column":5}},"18":{"start":{"line":87,"column":30},"end":{"line":87,"column":52}},"19":{"start":{"line":98,"column":0},"end":{"line":102,"column":1}}},"fnMap":{"0":{"name":"(anonymous_0)","decl":{"start":{"line":5,"column":25},"end":{"line":5,"column":26}},"loc":{"start":{"line":6,"column":2},"end":{"line":8,"column":8}},"line":6},"1":{"name":"(anonymous_1)","decl":{"start":{"line":15,"column":24},"end":{"line":15,"column":25}},"loc":{"start":{"line":15,"column":55},"end":{"line":33,"column":1}},"line":15},"2":{"name":"(anonymous_2)","decl":{"start":{"line":41,"column":16},"end":{"line":41,"column":17}},"loc":{"start":{"line":42,"column":2},"end":{"line":47,"column":9}},"line":42},"3":{"name":"(anonymous_3)","decl":{"start":{"line":57,"column":12},"end":{"line":57,"column":13}},"loc":{"start":{"line":57,"column":41},"end":{"line":68,"column":1}},"line":57},"4":{"name":"(anonymous_4)","decl":{"start":{"line":77,"column":2},"end":{"line":77,"column":3}},"loc":{"start":{"line":77,"column":11},"end":{"line":95,"column":3}},"line":77},"5":{"name":"(anonymous_5)","decl":{"start":{"line":87,"column":21},"end":{"line":87,"column":22}},"loc":{"start":{"line":87,"column":30},"end":{"line":87,"column":52}},"line":87}},"branchMap":{"0":{"loc":{"start":{"line":16,"column":2},"end":{"line":18,"column":3}},"type":"if","locations":[{"start":{"line":16,"column":2},"end":{"line":18,"column":3}},{"start":{"line":16,"column":2},"end":{"line":18,"column":3}}],"line":16},"1":{"loc":{"start":{"line":16,"column":6},"end":{"line":16,"column":24}},"type":"binary-expr","locations":[{"start":{"line":16,"column":6},"end":{"line":16,"column":12}},{"start":{"line":16,"column":16},"end":{"line":16,"column":24}}],"line":16},"2":{"loc":{"start":{"line":29,"column":7},"end":{"line":29,"column":65}},"type":"binary-expr","locations":[{"start":{"line":29,"column":7},"end":{"line":29,"column":14}},{"start":{"line":29,"column":18},"end":{"line":29,"column":65}}],"line":29},"3":{"loc":{"start":{"line":30,"column":7},"end":{"line":30,"column":69}},"type":"binary-expr","locations":[{"start":{"line":30,"column":7},"end":{"line":30,"column":16}},{"start":{"line":30,"column":20},"end":{"line":30,"column":69}}],"line":30},"4":{"loc":{"start":{"line":58,"column":2},"end":{"line":60,"column":3}},"type":"if","locations":[{"start":{"line":58,"column":2},"end":{"line":60,"column":3}},{"start":{"line":58,"column":2},"end":{"line":60,"column":3}}],"line":58},"5":{"loc":{"start":{"line":58,"column":6},"end":{"line":58,"column":29}},"type":"binary-expr","locations":[{"start":{"line":58,"column":6},"end":{"line":58,"column":15}},{"start":{"line":58,"column":19},"end":{"line":58,"column":29}}],"line":58},"6":{"loc":{"start":{"line":81,"column":9},"end":{"line":91,"column":20}},"type":"cond-expr","locations":[{"start":{"line":82,"column":10},"end":{"line":90,"column":14}},{"start":{"line":91,"column":12},"end":{"line":91,"column":20}}],"line":81}},"s":{"0":2,"1":4,"2":2,"3":2,"4":5,"5":3,"6":2,"7":2,"8":2,"9":4,"10":2,"11":2,"12":5,"13":3,"14":2,"15":2,"16":2,"17":2,"18":0,"19":2},"f":{"0":4,"1":5,"2":4,"3":5,"4":2,"5":0},"b":{"0":[3,2],"1":[5,3],"2":[2,2],"3":[2,2],"4":[3,2],"5":[5,2],"6":[1,1]},"_coverageSchema":"332fd63041d2c1bcb487cc26dd0d5f7d97098a6c","hash":"8e790771d2e08fbe15c64df47bcc7421311bc95f"}
,"/Users/tjohnston/source/react-ui/packages/react-ui-core/src/Schema/index.js": {"path":"/Users/tjohnston/source/react-ui/packages/react-ui-core/src/Schema/index.js","statementMap":{},"fnMap":{},"branchMap":{},"s":{},"f":{},"b":{},"_coverageSchema":"332fd63041d2c1bcb487cc26dd0d5f7d97098a6c","hash":"154277c8ee3aabd5ef07fbd5bb7fe689f79d0df9"}
,"/Users/tjohnston/source/react-ui/packages/react-ui-core/src/Text/Text.js": {"path":"/Users/tjohnston/source/react-ui/packages/react-ui-core/src/Text/Text.js","statementMap":{"0":{"start":{"line":28,"column":8},"end":{"line":28,"column":18}},"1":{"start":{"line":30,"column":4},"end":{"line":41,"column":5}}},"fnMap":{"0":{"name":"(anonymous_0)","decl":{"start":{"line":22,"column":2},"end":{"line":22,"column":3}},"loc":{"start":{"line":22,"column":11},"end":{"line":42,"column":3}},"line":22}},"branchMap":{},"s":{"0":37,"1":37},"f":{"0":37},"b":{},"_coverageSchema":"332fd63041d2c1bcb487cc26dd0d5f7d97098a6c","hash":"8ce6b927344c2e22459e4a048ed4c8eacb951b6b"}
,"/Users/tjohnston/source/react-ui/packages/react-ui-core/src/Text/index.js": {"path":"/Users/tjohnston/source/react-ui/packages/react-ui-core/src/Text/index.js","statementMap":{},"fnMap":{},"branchMap":{},"s":{},"f":{},"b":{},"_coverageSchema":"332fd63041d2c1bcb487cc26dd0d5f7d97098a6c","hash":"7a9b4c76555749281ca1819c318895e4386601bc"}
,"/Users/tjohnston/source/react-ui/packages/react-ui-core/src/Title/Title.js": {"path":"/Users/tjohnston/source/react-ui/packages/react-ui-core/src/Title/Title.js","statementMap":{"0":{"start":{"line":29,"column":8},"end":{"line":29,"column":18}},"1":{"start":{"line":31,"column":4},"end":{"line":42,"column":5}}},"fnMap":{"0":{"name":"(anonymous_0)","decl":{"start":{"line":22,"column":2},"end":{"line":22,"column":3}},"loc":{"start":{"line":22,"column":11},"end":{"line":43,"column":3}},"line":22}},"branchMap":{},"s":{"0":4,"1":4},"f":{"0":4},"b":{},"_coverageSchema":"332fd63041d2c1bcb487cc26dd0d5f7d97098a6c","hash":"15d58174086ebc2781f7da04d5e3ac4eedd62f28"}
,"/Users/tjohnston/source/react-ui/packages/react-ui-core/test/setup.js": {"path":"/Users/tjohnston/source/react-ui/packages/react-ui-core/test/setup.js","statementMap":{"0":{"start":{"line":5,"column":0},"end":{"line":5,"column":44}}},"fnMap":{},"branchMap":{},"s":{"0":57},"f":{},"b":{},"_coverageSchema":"332fd63041d2c1bcb487cc26dd0d5f7d97098a6c","hash":"dfd4efb572c544a4f6cebac01d4d763809cf95f3"}
,"/Users/tjohnston/source/react-ui/packages/react-ui-core/test/shim.js": {"path":"/Users/tjohnston/source/react-ui/packages/react-ui-core/test/shim.js","statementMap":{"0":{"start":{"line":3,"column":12},"end":{"line":5,"column":1}},"1":{"start":{"line":4,"column":2},"end":{"line":4,"column":19}},"2":{"start":{"line":7,"column":0},"end":{"line":7,"column":34}},"3":{"start":{"line":9,"column":0},"end":{"line":63,"column":1}},"4":{"start":{"line":15,"column":27},"end":{"line":20,"column":5}},"5":{"start":{"line":18,"column":17},"end":{"line":18,"column":30}},"6":{"start":{"line":19,"column":17},"end":{"line":19,"column":31}},"7":{"start":{"line":21,"column":31},"end":{"line":24,"column":5}},"8":{"start":{"line":22,"column":26},"end":{"line":22,"column":28}},"9":{"start":{"line":23,"column":26},"end":{"line":23,"column":28}},"10":{"start":{"line":25,"column":24},"end":{"line":37,"column":5}},"11":{"start":{"line":27,"column":23},"end":{"line":33,"column":7}},"12":{"start":{"line":34,"column":28},"end":{"line":36,"column":7}},"13":{"start":{"line":35,"column":37},"end":{"line":35,"column":53}},"14":{"start":{"line":38,"column":23},"end":{"line":43,"column":5}},"15":{"start":{"line":44,"column":19},"end":{"line":47,"column":5}},"16":{"start":{"line":46,"column":26},"end":{"line":46,"column":28}},"17":{"start":{"line":48,"column":24},"end":{"line":48,"column":26}},"18":{"start":{"line":49,"column":16},"end":{"line":56,"column":5}},"19":{"start":{"line":57,"column":18},"end":{"line":57,"column":20}},"20":{"start":{"line":58,"column":17},"end":{"line":58,"column":19}}},"fnMap":{"0":{"name":"(anonymous_0)","decl":{"start":{"line":3,"column":12},"end":{"line":3,"column":13}},"loc":{"start":{"line":3,"column":18},"end":{"line":5,"column":1}},"line":3},"1":{"name":"(anonymous_1)","decl":{"start":{"line":12,"column":19},"end":{"line":12,"column":20}},"loc":{"start":{"line":12,"column":25},"end":{"line":12,"column":27}},"line":12},"2":{"name":"(anonymous_2)","decl":{"start":{"line":13,"column":30},"end":{"line":13,"column":31}},"loc":{"start":{"line":13,"column":36},"end":{"line":13,"column":38}},"line":13},"3":{"name":"(anonymous_3)","decl":{"start":{"line":15,"column":12},"end":{"line":15,"column":13}},"loc":{"start":{"line":15,"column":27},"end":{"line":20,"column":5}},"line":15},"4":{"name":"(anonymous_4)","decl":{"start":{"line":18,"column":11},"end":{"line":18,"column":12}},"loc":{"start":{"line":18,"column":17},"end":{"line":18,"column":30}},"line":18},"5":{"name":"(anonymous_5)","decl":{"start":{"line":19,"column":11},"end":{"line":19,"column":12}},"loc":{"start":{"line":19,"column":17},"end":{"line":19,"column":31}},"line":19},"6":{"name":"(anonymous_6)","decl":{"start":{"line":21,"column":18},"end":{"line":21,"column":19}},"loc":{"start":{"line":21,"column":31},"end":{"line":24,"column":5}},"line":21},"7":{"name":"(anonymous_7)","decl":{"start":{"line":22,"column":20},"end":{"line":22,"column":21}},"loc":{"start":{"line":22,"column":26},"end":{"line":22,"column":28}},"line":22},"8":{"name":"(anonymous_8)","decl":{"start":{"line":23,"column":20},"end":{"line":23,"column":21}},"loc":{"start":{"line":23,"column":26},"end":{"line":23,"column":28}},"line":23},"9":{"name":"(anonymous_9)","decl":{"start":{"line":25,"column":17},"end":{"line":25,"column":18}},"loc":{"start":{"line":25,"column":24},"end":{"line":37,"column":5}},"line":25},"10":{"name":"(anonymous_10)","decl":{"start":{"line":26,"column":14},"end":{"line":26,"column":15}},"loc":{"start":{"line":26,"column":20},"end":{"line":26,"column":22}},"line":26},"11":{"name":"(anonymous_11)","decl":{"start":{"line":27,"column":16},"end":{"line":27,"column":17}},"loc":{"start":{"line":27,"column":23},"end":{"line":33,"column":7}},"line":27},"12":{"name":"(anonymous_12)","decl":{"start":{"line":34,"column":21},"end":{"line":34,"column":22}},"loc":{"start":{"line":34,"column":28},"end":{"line":36,"column":7}},"line":34},"13":{"name":"(anonymous_13)","decl":{"start":{"line":35,"column":30},"end":{"line":35,"column":31}},"loc":{"start":{"line":35,"column":37},"end":{"line":35,"column":53}},"line":35},"14":{"name":"(anonymous_14)","decl":{"start":{"line":38,"column":16},"end":{"line":38,"column":17}},"loc":{"start":{"line":38,"column":23},"end":{"line":43,"column":5}},"line":38},"15":{"name":"(anonymous_15)","decl":{"start":{"line":39,"column":12},"end":{"line":39,"column":13}},"loc":{"start":{"line":39,"column":18},"end":{"line":39,"column":20}},"line":39},"16":{"name":"(anonymous_16)","decl":{"start":{"line":40,"column":13},"end":{"line":40,"column":14}},"loc":{"start":{"line":40,"column":19},"end":{"line":40,"column":21}},"line":40},"17":{"name":"(anonymous_17)","decl":{"start":{"line":41,"column":18},"end":{"line":41,"column":19}},"loc":{"start":{"line":41,"column":24},"end":{"line":41,"column":26}},"line":41},"18":{"name":"(anonymous_18)","decl":{"start":{"line":42,"column":19},"end":{"line":42,"column":20}},"loc":{"start":{"line":42,"column":25},"end":{"line":42,"column":27}},"line":42},"19":{"name":"(anonymous_19)","decl":{"start":{"line":44,"column":12},"end":{"line":44,"column":13}},"loc":{"start":{"line":44,"column":19},"end":{"line":47,"column":5}},"line":44},"20":{"name":"(anonymous_20)","decl":{"start":{"line":45,"column":14},"end":{"line":45,"column":15}},"loc":{"start":{"line":45,"column":20},"end":{"line":45,"column":23}},"line":45},"21":{"name":"(anonymous_21)","decl":{"start":{"line":46,"column":19},"end":{"line":46,"column":20}},"loc":{"start":{"line":46,"column":26},"end":{"line":46,"column":28}},"line":46},"22":{"name":"(anonymous_22)","decl":{"start":{"line":48,"column":17},"end":{"line":48,"column":18}},"loc":{"start":{"line":48,"column":24},"end":{"line":48,"column":26}},"line":48},"23":{"name":"(anonymous_23)","decl":{"start":{"line":49,"column":9},"end":{"line":49,"column":10}},"loc":{"start":{"line":49,"column":16},"end":{"line":56,"column":5}},"line":49},"24":{"name":"(anonymous_24)","decl":{"start":{"line":50,"column":19},"end":{"line":50,"column":20}},"loc":{"start":{"line":50,"column":25},"end":{"line":50,"column":28}},"line":50},"25":{"name":"(anonymous_25)","decl":{"start":{"line":52,"column":18},"end":{"line":52,"column":19}},"loc":{"start":{"line":52,"column":24},"end":{"line":52,"column":26}},"line":52},"26":{"name":"(anonymous_26)","decl":{"start":{"line":53,"column":21},"end":{"line":53,"column":22}},"loc":{"start":{"line":53,"column":27},"end":{"line":53,"column":29}},"line":53},"27":{"name":"(anonymous_27)","decl":{"start":{"line":54,"column":20},"end":{"line":54,"column":21}},"loc":{"start":{"line":54,"column":26},"end":{"line":54,"column":28}},"line":54},"28":{"name":"(anonymous_28)","decl":{"start":{"line":57,"column":11},"end":{"line":57,"column":12}},"loc":{"start":{"line":57,"column":18},"end":{"line":57,"column":20}},"line":57},"29":{"name":"(anonymous_29)","decl":{"start":{"line":58,"column":10},"end":{"line":58,"column":11}},"loc":{"start":{"line":58,"column":17},"end":{"line":58,"column":19}},"line":58}},"branchMap":{},"s":{"0":57,"1":0,"2":57,"3":57,"4":0,"5":0,"6":0,"7":0,"8":0,"9":0,"10":4,"11":0,"12":2,"13":2,"14":4,"15":4,"16":2,"17":0,"18":14,"19":0,"20":0},"f":{"0":0,"1":8,"2":2,"3":0,"4":0,"5":0,"6":0,"7":0,"8":0,"9":4,"10":4,"11":0,"12":2,"13":2,"14":4,"15":2,"16":1,"17":4,"18":0,"19":4,"20":0,"21":2,"22":0,"23":14,"24":0,"25":14,"26":0,"27":0,"28":0,"29":0},"b":{},"_coverageSchema":"332fd63041d2c1bcb487cc26dd0d5f7d97098a6c","hash":"5079905a1b5ab3278f2d6a0a3d9bf78d21091581"}
}
