TN:
SF:/Users/tjohnston/source/react-ui/packages/react-ui-core/src/AutoSuggestField/AutoSuggestField.js
FN:60,(anonymous_0)
FN:61,(anonymous_1)
FN:62,(anonymous_2)
FN:63,(anonymous_3)
FN:69,(anonymous_4)
FN:80,(anonymous_5)
FN:84,(anonymous_6)
FN:92,(anonymous_7)
FN:97,(anonymous_8)
FN:115,(anonymous_9)
FN:121,(anonymous_10)
FN:130,(anonymous_11)
FN:130,(anonymous_12)
FN:138,(anonymous_13)
FN:146,(anonymous_14)
FN:152,(anonymous_15)
FN:166,(anonymous_16)
FN:173,(anonymous_17)
FN:182,(anonymous_18)
FN:188,(anonymous_19)
FN:202,(anonymous_20)
FN:211,(anonymous_21)
FNF:22
FNH:19
FNDA:2,(anonymous_0)
FNDA:2,(anonymous_1)
FNDA:1,(anonymous_2)
FNDA:2,(anonymous_3)
FNDA:13,(anonymous_4)
FNDA:13,(anonymous_5)
FNDA:1,(anonymous_6)
FNDA:0,(anonymous_7)
FNDA:2,(anonymous_8)
FNDA:24,(anonymous_9)
FNDA:0,(anonymous_10)
FNDA:8,(anonymous_11)
FNDA:6,(anonymous_12)
FNDA:0,(anonymous_13)
FNDA:2,(anonymous_14)
FNDA:2,(anonymous_15)
FNDA:2,(anonymous_16)
FNDA:8,(anonymous_17)
FNDA:4,(anonymous_18)
FNDA:48,(anonymous_19)
FNDA:24,(anonymous_20)
FNDA:24,(anonymous_21)
DA:16,1
DA:17,1
DA:63,2
DA:70,13
DA:71,13
DA:73,13
DA:74,13
DA:81,13
DA:85,1
DA:86,1
DA:93,0
DA:98,2
DA:99,2
DA:100,2
DA:102,2
DA:104,1
DA:105,1
DA:107,1
DA:108,1
DA:110,1
DA:116,24
DA:118,24
DA:119,0
DA:121,0
DA:122,0
DA:131,8
DA:132,8
DA:139,0
DA:140,0
DA:141,0
DA:142,0
DA:147,2
DA:148,2
DA:159,2
DA:161,2
DA:162,2
DA:164,2
DA:167,2
DA:174,8
DA:175,8
DA:178,8
DA:183,4
DA:184,4
DA:185,4
DA:189,48
DA:190,48
DA:192,48
DA:194,12
DA:203,24
DA:231,24
DA:233,24
LF:51
LH:43
BRDA:85,0,0,1
BRDA:85,0,1,0
BRDA:100,1,0,2
BRDA:100,1,1,0
BRDA:100,1,2,0
BRDA:102,2,0,1
BRDA:102,2,1,1
BRDA:102,2,2,0
BRDA:107,3,0,1
BRDA:107,3,1,0
BRDA:107,4,0,1
BRDA:107,4,1,1
BRDA:107,4,2,0
BRDA:118,5,0,24
BRDA:118,5,1,0
BRDA:119,6,0,0
BRDA:119,6,1,0
BRDA:130,7,0,6
BRDA:167,8,0,2
BRDA:167,8,1,0
BRDA:178,9,0,3
BRDA:178,9,1,5
BRDA:185,10,0,3
BRDA:185,10,1,1
BRDA:192,11,0,36
BRDA:192,11,1,12
BRF:26
BRH:16
end_of_record
TN:
SF:/Users/tjohnston/source/react-ui/packages/react-ui-core/src/Button/Button.js
FN:24,(anonymous_0)
FNF:1
FNH:1
FNDA:47,(anonymous_0)
DA:32,47
DA:34,47
LF:2
LH:2
BRDA:42,0,0,47
BRDA:42,0,1,1
BRDA:43,1,0,47
BRDA:43,1,1,1
BRF:4
BRH:4
end_of_record
TN:
SF:/Users/tjohnston/source/react-ui/packages/react-ui-core/src/Button/ToggleButton.js
FN:25,(anonymous_0)
FN:33,(anonymous_1)
FN:42,(anonymous_2)
FN:56,(anonymous_3)
FNF:4
FNH:4
FNDA:10,(anonymous_0)
FNDA:5,(anonymous_1)
FNDA:8,(anonymous_2)
FNDA:20,(anonymous_3)
DA:26,10
DA:28,10
DA:34,5
DA:35,5
DA:43,8
DA:45,8
DA:47,8
DA:48,7
DA:53,8
DA:65,20
DA:67,20
LF:11
LH:11
BRDA:34,0,0,5
BRDA:34,0,1,0
BRDA:45,1,0,1
BRDA:45,1,1,7
BRDA:47,2,0,7
BRDA:47,2,1,1
BRDA:53,3,0,7
BRDA:53,3,1,1
BRDA:73,4,0,9
BRDA:73,4,1,11
BRF:10
BRH:9
end_of_record
TN:
SF:/Users/tjohnston/source/react-ui/packages/react-ui-core/src/Button/index.js
FNF:0
FNH:0
LF:0
LH:0
BRF:0
BRH:0
end_of_record
TN:
SF:/Users/tjohnston/source/react-ui/packages/react-ui-core/src/Card/Card.js
FN:19,(anonymous_0)
FNF:1
FNH:1
FNDA:11,(anonymous_0)
DA:25,11
DA:27,11
LF:2
LH:2
BRF:0
BRH:0
end_of_record
TN:
SF:/Users/tjohnston/source/react-ui/packages/react-ui-core/src/Card/index.js
FNF:0
FNH:0
LF:0
LH:0
BRF:0
BRH:0
end_of_record
TN:
SF:/Users/tjohnston/source/react-ui/packages/react-ui-core/src/Carousel/Carousel.js
FN:68,(anonymous_0)
FN:79,(anonymous_1)
FN:86,(anonymous_2)
FN:97,(anonymous_3)
FN:102,(anonymous_4)
FN:116,(anonymous_5)
FN:128,(anonymous_6)
FN:135,(anonymous_7)
FN:139,(anonymous_8)
FN:145,(anonymous_9)
FN:149,(anonymous_10)
FN:154,(anonymous_11)
FN:159,(anonymous_12)
FN:177,(anonymous_13)
FN:181,(anonymous_14)
FN:192,(anonymous_15)
FN:196,(anonymous_16)
FN:229,(anonymous_17)
FNF:18
FNH:16
FNDA:0,(anonymous_0)
FNDA:0,(anonymous_1)
FNDA:33,(anonymous_2)
FNDA:10,(anonymous_3)
FNDA:17,(anonymous_4)
FNDA:17,(anonymous_5)
FNDA:3,(anonymous_6)
FNDA:4,(anonymous_7)
FNDA:2,(anonymous_8)
FNDA:5,(anonymous_9)
FNDA:2,(anonymous_10)
FNDA:9,(anonymous_11)
FNDA:9,(anonymous_12)
FNDA:4,(anonymous_13)
FNDA:4,(anonymous_14)
FNDA:35,(anonymous_15)
FNDA:17,(anonymous_16)
FNDA:9,(anonymous_17)
DA:13,3
DA:14,3
DA:69,0
DA:70,0
DA:73,0
DA:74,0
DA:80,0
DA:82,0
DA:83,0
DA:92,33
DA:94,33
DA:98,10
DA:99,10
DA:103,17
DA:105,17
DA:106,5
DA:107,5
DA:108,5
DA:110,5
DA:113,12
DA:117,17
DA:119,17
DA:121,2
DA:129,3
DA:130,1
DA:136,4
DA:137,4
DA:139,4
DA:140,2
DA:146,5
DA:147,5
DA:149,5
DA:150,2
DA:155,9
DA:156,5
DA:160,9
DA:161,9
DA:162,9
DA:164,9
DA:171,9
DA:178,4
DA:179,4
DA:181,4
DA:182,4
DA:193,35
DA:206,17
DA:208,17
DA:229,9
LF:48
LH:41
BRDA:69,0,0,0
BRDA:69,0,1,0
BRDA:73,1,0,0
BRDA:73,1,1,0
BRDA:82,2,0,0
BRDA:82,2,1,0
BRDA:88,3,0,0
BRDA:89,4,0,0
BRDA:90,5,0,0
BRDA:105,6,0,5
BRDA:105,6,1,12
BRDA:107,7,0,4
BRDA:107,7,1,1
BRDA:108,8,0,5
BRDA:108,8,1,0
BRDA:119,9,0,15
BRDA:119,9,1,2
BRDA:129,10,0,1
BRDA:129,10,1,2
BRDA:129,11,0,3
BRDA:129,11,1,2
BRDA:137,12,0,1
BRDA:137,12,1,3
BRDA:140,13,0,1
BRDA:140,13,1,1
BRDA:147,14,0,1
BRDA:147,14,1,4
BRDA:150,15,0,1
BRDA:150,15,1,1
BRDA:155,16,0,4
BRDA:155,16,1,5
BRDA:156,17,0,0
BRDA:156,17,1,5
BRF:33
BRH:22
end_of_record
TN:
SF:/Users/tjohnston/source/react-ui/packages/react-ui-core/src/Carousel/CarouselNavigation.js
FN:24,(anonymous_0)
FN:29,(anonymous_1)
FNF:2
FNH:2
FNDA:8,(anonymous_0)
FNDA:8,(anonymous_1)
DA:25,8
DA:26,8
DA:36,8
DA:38,8
LF:4
LH:4
BRDA:25,0,0,3
BRDA:25,0,1,5
BRF:2
BRH:2
end_of_record
TN:
SF:/Users/tjohnston/source/react-ui/packages/react-ui-core/src/Carousel/PhotoCarousel.js
FN:37,(anonymous_0)
FN:44,(anonymous_1)
FN:58,(anonymous_2)
FN:71,(anonymous_3)
FN:95,(anonymous_4)
FNF:5
FNH:5
FNDA:3,(anonymous_0)
FNDA:1,(anonymous_1)
FNDA:3,(anonymous_2)
FNDA:5,(anonymous_3)
FNDA:7,(anonymous_4)
DA:38,3
DA:39,3
DA:41,3
DA:45,1
DA:46,1
DA:48,1
DA:59,3
DA:60,3
DA:62,3
DA:78,5
DA:80,5
DA:100,7
DA:102,7
DA:103,2
DA:108,5
LF:15
LH:15
BRDA:41,0,0,3
BRDA:41,0,1,3
BRDA:41,1,0,3
BRDA:41,1,1,0
BRDA:46,2,0,1
BRDA:46,2,1,0
BRDA:60,3,0,0
BRDA:60,3,1,3
BRDA:102,4,0,2
BRDA:102,4,1,5
BRDA:102,5,0,7
BRDA:102,5,1,6
BRDA:108,6,0,1
BRDA:108,6,1,4
BRF:14
BRH:11
end_of_record
TN:
SF:/Users/tjohnston/source/react-ui/packages/react-ui-core/src/Carousel/index.js
FNF:0
FNH:0
LF:0
LH:0
BRF:0
BRH:0
end_of_record
TN:
SF:/Users/tjohnston/source/react-ui/packages/react-ui-core/src/Collapsible/Collapsible.js
FN:38,(anonymous_0)
FN:43,(anonymous_1)
FN:53,(anonymous_2)
FN:60,(anonymous_3)
FNF:4
FNH:4
FNDA:3,(anonymous_0)
FNDA:4,(anonymous_1)
FNDA:3,(anonymous_2)
FNDA:7,(anonymous_3)
DA:7,1
DA:44,4
DA:46,4
DA:50,4
DA:54,3
DA:55,3
DA:69,7
DA:71,7
DA:73,7
LF:9
LH:9
BRDA:71,0,0,2
BRDA:71,0,1,5
BRDA:81,1,0,7
BRDA:81,1,1,6
BRDA:97,2,0,6
BRDA:97,2,1,0
BRDA:100,3,0,2
BRDA:100,3,1,4
BRF:8
BRH:7
end_of_record
TN:
SF:/Users/tjohnston/source/react-ui/packages/react-ui-core/src/Counter/Counter.js
FN:28,(anonymous_0)
FN:37,(anonymous_1)
FN:48,(anonymous_2)
FN:54,(anonymous_3)
FN:64,(anonymous_4)
FN:71,(anonymous_5)
FN:76,(anonymous_6)
FN:83,(anonymous_7)
FN:90,(anonymous_8)
FNF:9
FNH:8
FNDA:4,(anonymous_0)
FNDA:11,(anonymous_1)
FNDA:1,(anonymous_2)
FNDA:0,(anonymous_3)
FNDA:18,(anonymous_4)
FNDA:6,(anonymous_5)
FNDA:5,(anonymous_6)
FNDA:3,(anonymous_7)
FNDA:18,(anonymous_8)
DA:38,11
DA:40,11
DA:44,11
DA:45,11
DA:49,1
DA:50,1
DA:55,0
DA:57,0
DA:65,18
DA:67,18
DA:68,14
DA:72,6
DA:73,6
DA:77,5
DA:78,5
DA:80,5
DA:84,3
DA:85,3
DA:87,3
DA:91,18
DA:104,18
DA:106,18
LF:22
LH:20
BRDA:49,0,0,1
BRDA:49,0,1,0
BRDA:67,1,0,4
BRDA:67,1,1,14
BRDA:80,2,0,4
BRDA:80,2,1,1
BRDA:87,3,0,2
BRDA:87,3,1,1
BRDA:115,4,0,18
BRDA:115,4,1,0
BRF:10
BRH:8
end_of_record
TN:
SF:/Users/tjohnston/source/react-ui/packages/react-ui-core/src/DateInput/DateInput.js
FN:17,(anonymous_0)
FNF:1
FNH:1
FNDA:3,(anonymous_0)
DA:18,3
DA:20,3
LF:2
LH:2
BRF:0
BRH:0
end_of_record
TN:
SF:/Users/tjohnston/source/react-ui/packages/react-ui-core/src/DateInput/index.js
FNF:0
FNH:0
LF:0
LH:0
BRF:0
BRH:0
end_of_record
TN:
SF:/Users/tjohnston/source/react-ui/packages/react-ui-core/src/Drawer/Drawer.js
FN:35,(anonymous_0)
FN:40,(anonymous_1)
FN:49,(anonymous_2)
FN:54,(anonymous_3)
FNF:4
FNH:4
FNDA:5,(anonymous_0)
FNDA:1,(anonymous_1)
FNDA:3,(anonymous_2)
FNDA:9,(anonymous_3)
DA:36,5
DA:37,5
DA:41,1
DA:42,1
DA:50,3
DA:51,3
DA:67,9
DA:71,9
DA:73,9
LF:9
LH:9
BRDA:41,0,0,1
BRDA:41,0,1,0
BRDA:51,1,0,3
BRDA:51,1,1,0
BRDA:77,2,0,5
BRDA:77,2,1,4
BRDA:80,3,0,5
BRDA:80,3,1,4
BRDA:85,4,0,5
BRDA:85,4,1,4
BRDA:92,5,0,5
BRDA:92,5,1,4
BRF:12
BRH:10
end_of_record
TN:
SF:/Users/tjohnston/source/react-ui/packages/react-ui-core/src/Dropdown/Dropdown.js
FN:30,(anonymous_0)
FN:33,(anonymous_1)
FN:38,(anonymous_2)
FN:42,(anonymous_3)
FN:48,(anonymous_4)
FN:53,(anonymous_5)
FN:64,(anonymous_6)
FN:70,(anonymous_7)
FN:77,(anonymous_8)
FN:90,(anonymous_9)
FN:93,(anonymous_10)
FN:98,(anonymous_11)
FN:112,(anonymous_12)
FNF:13
FNH:11
FNDA:8,(anonymous_0)
FNDA:27,(anonymous_1)
FNDA:27,(anonymous_2)
FNDA:13,(anonymous_3)
FNDA:0,(anonymous_4)
FNDA:7,(anonymous_5)
FNDA:0,(anonymous_6)
FNDA:2,(anonymous_7)
FNDA:47,(anonymous_8)
FNDA:17,(anonymous_9)
FNDA:23,(anonymous_10)
FNDA:47,(anonymous_11)
FNDA:65,(anonymous_12)
DA:34,27
DA:35,27
DA:39,27
DA:43,13
DA:44,7
DA:49,0
DA:54,7
DA:55,7
DA:57,7
DA:58,7
DA:59,7
DA:65,0
DA:66,0
DA:71,2
DA:72,2
DA:73,2
DA:78,47
DA:91,17
DA:92,17
DA:93,17
DA:94,23
DA:108,47
DA:110,47
DA:112,65
LF:24
LH:21
BRDA:43,0,0,7
BRDA:43,0,1,6
BRDA:55,1,0,7
BRDA:55,1,1,0
BRDA:58,2,0,7
BRDA:58,2,1,0
BRDA:71,3,0,2
BRDA:71,3,1,0
BRDA:71,4,0,2
BRDA:71,4,1,2
BRDA:94,5,0,16
BRDA:94,5,1,7
BRDA:120,6,0,47
BRDA:120,6,1,17
BRF:14
BRH:11
end_of_record
TN:
SF:/Users/tjohnston/source/react-ui/packages/react-ui-core/src/Dropdown/DropdownAnchor.js
FN:33,(anonymous_0)
FN:39,(anonymous_1)
FN:60,(anonymous_2)
FNF:3
FNH:2
FNDA:0,(anonymous_0)
FNDA:41,(anonymous_1)
FNDA:41,(anonymous_2)
DA:34,0
DA:36,0
DA:46,41
DA:48,41
DA:61,41
LF:5
LH:3
BRDA:36,0,0,0
BRDA:36,0,1,0
BRDA:53,1,0,15
BRDA:53,1,1,26
BRF:4
BRH:2
end_of_record
TN:
SF:/Users/tjohnston/source/react-ui/packages/react-ui-core/src/Dropdown/index.js
FNF:0
FNH:0
LF:0
LH:0
BRF:0
BRH:0
end_of_record
TN:
SF:/Users/tjohnston/source/react-ui/packages/react-ui-core/src/Form/Field.js
FN:117,(anonymous_0)
FN:122,(anonymous_1)
FN:136,(anonymous_2)
FN:146,(anonymous_3)
FNF:4
FNH:4
FNDA:74,(anonymous_0)
FNDA:3,(anonymous_1)
FNDA:2,(anonymous_2)
FNDA:75,(anonymous_3)
DA:118,74
DA:119,74
DA:123,3
DA:124,0
DA:127,3
DA:131,3
DA:132,1
DA:137,2
DA:141,2
DA:142,1
DA:162,75
DA:166,75
DA:168,75
DA:169,75
DA:173,75
DA:181,75
DA:192,75
DA:193,18
DA:200,75
DA:201,6
DA:205,69
DA:206,4
DA:215,75
DA:226,75
DA:227,1
DA:234,74
LF:26
LH:25
BRDA:118,0,0,74
BRDA:118,0,1,61
BRDA:123,1,0,0
BRDA:123,1,1,3
BRDA:131,2,0,1
BRDA:131,2,1,2
BRDA:141,3,0,1
BRDA:141,3,1,1
BRDA:168,4,0,75
BRDA:168,4,1,74
BRDA:169,5,0,75
BRDA:169,5,1,74
BRDA:181,6,0,75
BRDA:181,6,1,74
BRDA:181,6,2,36
BRDA:192,7,0,18
BRDA:192,7,1,57
BRDA:200,8,0,6
BRDA:200,8,1,69
BRDA:205,9,0,4
BRDA:205,9,1,65
BRDA:220,10,0,75
BRDA:220,10,1,3
BRDA:221,11,0,75
BRDA:221,11,1,7
BRDA:222,12,0,75
BRDA:222,12,1,1
BRDA:226,13,0,1
BRDA:226,13,1,74
BRF:29
BRH:28
end_of_record
TN:
SF:/Users/tjohnston/source/react-ui/packages/react-ui-core/src/Form/FieldSet.js
FN:22,(anonymous_0)
FNF:1
FNH:1
FNDA:5,(anonymous_0)
DA:29,5
DA:31,5
DA:36,5
LF:3
LH:3
BRDA:38,0,0,5
BRDA:38,0,1,1
BRF:2
BRH:2
end_of_record
TN:
SF:/Users/tjohnston/source/react-ui/packages/react-ui-core/src/Form/Form.js
FN:55,(anonymous_0)
FN:69,(anonymous_1)
FNF:2
FNH:2
FNDA:4,(anonymous_0)
FNDA:10,(anonymous_1)
DA:56,4
DA:58,4
DA:59,4
DA:61,4
DA:62,1
DA:65,4
DA:75,10
DA:77,10
LF:8
LH:8
BRDA:58,0,0,4
BRDA:58,0,1,0
BRDA:61,1,0,1
BRDA:61,1,1,3
BRF:4
BRH:3
end_of_record
TN:
SF:/Users/tjohnston/source/react-ui/packages/react-ui-core/src/Form/Input.js
FN:48,(anonymous_0)
FNF:1
FNH:1
FNDA:74,(anonymous_0)
DA:56,74
DA:58,74
LF:2
LH:2
BRDA:65,0,0,74
BRDA:65,0,1,1
BRDA:66,1,0,74
BRDA:66,1,1,2
BRDA:67,2,0,74
BRDA:67,2,1,1
BRF:6
BRH:6
end_of_record
TN:
SF:/Users/tjohnston/source/react-ui/packages/react-ui-core/src/Form/Label.js
FN:22,(anonymous_0)
FNF:1
FNH:1
FNDA:20,(anonymous_0)
DA:29,20
DA:31,20
DA:36,20
LF:3
LH:3
BRF:0
BRH:0
end_of_record
TN:
SF:/Users/tjohnston/source/react-ui/packages/react-ui-core/src/Form/RadioButton.js
FN:24,(anonymous_0)
FNF:1
FNH:1
FNDA:14,(anonymous_0)
DA:31,14
DA:33,14
LF:2
LH:2
BRDA:38,0,0,14
BRDA:38,0,1,6
BRDA:39,1,0,14
BRDA:39,1,1,1
BRDA:40,2,0,14
BRDA:40,2,1,1
BRF:6
BRH:6
end_of_record
TN:
SF:/Users/tjohnston/source/react-ui/packages/react-ui-core/src/Form/RadioGroup.js
FN:39,(anonymous_0)
FN:47,(anonymous_1)
FN:57,(anonymous_2)
FN:61,(anonymous_3)
FN:62,(anonymous_4)
FN:65,(anonymous_5)
FN:69,(anonymous_6)
FN:79,(anonymous_7)
FN:89,(anonymous_8)
FN:105,(anonymous_9)
FN:128,(anonymous_10)
FNF:11
FNH:11
FNDA:10,(anonymous_0)
FNDA:3,(anonymous_1)
FNDA:42,(anonymous_2)
FNDA:12,(anonymous_3)
FNDA:18,(anonymous_4)
FNDA:12,(anonymous_5)
FNDA:1,(anonymous_6)
FNDA:2,(anonymous_7)
FNDA:30,(anonymous_8)
FNDA:17,(anonymous_9)
FNDA:30,(anonymous_10)
DA:40,10
DA:41,10
DA:44,10
DA:48,3
DA:49,2
DA:51,2
DA:58,42
DA:62,18
DA:66,12
DA:70,1
DA:74,1
DA:75,1
DA:81,2
DA:82,1
DA:83,1
DA:84,1
DA:90,30
DA:92,30
DA:116,17
DA:118,17
DA:120,15
DA:129,30
LF:22
LH:22
BRDA:48,0,0,2
BRDA:48,0,1,1
BRDA:52,1,0,2
BRDA:52,1,1,0
BRDA:58,2,0,42
BRDA:58,2,1,2
BRDA:61,3,0,10
BRDA:62,4,0,12
BRDA:62,4,1,3
BRDA:74,5,0,1
BRDA:74,5,1,0
BRDA:81,6,0,1
BRDA:81,6,1,1
BRDA:81,7,0,2
BRDA:81,7,1,1
BRDA:83,8,0,1
BRDA:83,8,1,0
BRDA:118,9,0,2
BRDA:118,9,1,15
BRF:19
BRH:16
end_of_record
TN:
SF:/Users/tjohnston/source/react-ui/packages/react-ui-core/src/Form/RangeSlider.js
FN:30,(anonymous_0)
FN:38,(anonymous_1)
FN:48,(anonymous_2)
FN:53,(anonymous_3)
FN:58,(anonymous_4)
FNF:5
FNH:0
FNDA:0,(anonymous_0)
FNDA:0,(anonymous_1)
FNDA:0,(anonymous_2)
FNDA:0,(anonymous_3)
FNDA:0,(anonymous_4)
DA:31,0
DA:32,0
DA:33,0
DA:35,0
DA:39,0
DA:40,0
DA:43,0
DA:44,0
DA:49,0
DA:50,0
DA:55,0
DA:65,0
DA:67,0
LF:13
LH:0
BRDA:39,0,0,0
BRDA:39,0,1,0
BRDA:43,1,0,0
BRDA:43,1,1,0
BRDA:49,2,0,0
BRDA:49,2,1,0
BRDA:74,3,0,0
BRDA:74,3,1,0
BRF:8
BRH:0
end_of_record
TN:
SF:/Users/tjohnston/source/react-ui/packages/react-ui-core/src/Form/Select.js
FN:26,(anonymous_0)
FN:39,(anonymous_1)
FNF:2
FNH:2
FNDA:5,(anonymous_0)
FNDA:2,(anonymous_1)
DA:32,5
DA:36,5
DA:37,0
DA:39,5
DA:40,2
DA:46,5
LF:6
LH:5
BRDA:36,0,0,0
BRDA:36,0,1,5
BRF:2
BRH:1
end_of_record
TN:
SF:/Users/tjohnston/source/react-ui/packages/react-ui-core/src/Form/Textarea.js
FN:20,(anonymous_0)
FNF:1
FNH:1
FNDA:7,(anonymous_0)
DA:25,7
DA:27,7
LF:2
LH:2
BRF:0
BRH:0
end_of_record
TN:
SF:/Users/tjohnston/source/react-ui/packages/react-ui-core/src/Form/controls.js
FNF:0
FNH:0
LF:0
LH:0
BRF:0
BRH:0
end_of_record
TN:
SF:/Users/tjohnston/source/react-ui/packages/react-ui-core/src/Form/index.js
FNF:0
FNH:0
LF:0
LH:0
BRF:0
BRH:0
end_of_record
TN:
SF:/Users/tjohnston/source/react-ui/packages/react-ui-core/src/Gmap/Gmap.js
FN:81,(anonymous_0)
FN:84,(anonymous_1)
FN:91,(anonymous_2)
FN:95,(anonymous_3)
FN:109,(anonymous_4)
FN:115,(anonymous_5)
FN:120,(anonymous_6)
FN:124,(anonymous_7)
FN:128,(anonymous_8)
FN:155,(anonymous_9)
FN:163,(anonymous_10)
FN:172,(anonymous_11)
FN:190,(anonymous_12)
FNF:13
FNH:11
FNDA:0,(anonymous_0)
FNDA:14,(anonymous_1)
FNDA:14,(anonymous_2)
FNDA:4,(anonymous_3)
FNDA:0,(anonymous_4)
FNDA:16,(anonymous_5)
FNDA:2,(anonymous_6)
FNDA:14,(anonymous_7)
FNDA:14,(anonymous_8)
FNDA:4,(anonymous_9)
FNDA:30,(anonymous_10)
FNDA:158,(anonymous_11)
FNDA:19,(anonymous_12)
DA:11,1
DA:12,1
DA:13,1
DA:18,1
DA:40,1
DA:42,1
DA:81,0
DA:85,14
DA:87,14
DA:88,14
DA:92,14
DA:96,4
DA:98,4
DA:99,4
DA:100,1
DA:103,4
DA:104,1
DA:110,0
DA:111,0
DA:116,16
DA:117,16
DA:118,16
DA:120,16
DA:121,2
DA:125,14
DA:136,14
DA:138,14
DA:147,14
DA:149,14
DA:151,14
DA:152,14
DA:156,4
DA:157,4
DA:159,4
DA:160,4
DA:164,30
DA:170,30
DA:172,158
DA:174,30
DA:190,1
DA:191,19
LF:41
LH:38
BRDA:98,0,0,4
BRDA:98,0,1,0
BRDA:99,1,0,1
BRDA:99,1,1,3
BRDA:103,2,0,1
BRDA:103,2,1,3
BRDA:103,3,0,4
BRDA:103,3,1,4
BRDA:110,4,0,0
BRDA:110,4,1,0
BRDA:156,5,0,4
BRDA:156,5,1,0
BRDA:157,6,0,4
BRDA:157,6,1,0
BRDA:159,7,0,0
BRDA:159,7,1,4
BRDA:159,8,0,4
BRDA:159,8,1,4
BRDA:159,8,2,4
BRDA:159,9,0,4
BRDA:159,9,1,4
BRDA:160,10,0,4
BRDA:160,10,1,3
BRDA:184,11,0,30
BRDA:184,11,1,16
BRF:25
BRH:19
end_of_record
TN:
SF:/Users/tjohnston/source/react-ui/packages/react-ui-core/src/Gmap/GmapInteraction.js
FN:9,(anonymous_0)
FN:12,(anonymous_1)
FN:16,(anonymous_2)
FN:33,(anonymous_3)
FNF:4
FNH:4
FNDA:2,(anonymous_0)
FNDA:2,(anonymous_1)
FNDA:5,(anonymous_2)
FNDA:1,(anonymous_3)
DA:10,2
DA:12,2
DA:13,2
DA:16,2
DA:18,5
DA:19,4
DA:21,4
DA:22,4
DA:23,2
DA:25,2
DA:29,1
DA:32,2
DA:33,1
DA:39,2
LF:14
LH:14
BRDA:18,0,0,4
BRDA:18,0,1,1
BRDA:19,1,0,2
BRDA:19,1,1,2
BRDA:21,2,0,4
BRDA:21,2,1,0
BRDA:21,3,0,4
BRDA:21,3,1,4
BRDA:22,4,0,2
BRDA:22,4,1,2
BRF:10
BRH:9
end_of_record
TN:
SF:/Users/tjohnston/source/react-ui/packages/react-ui-core/src/Gmap/GmapSpinner.js
FN:24,(anonymous_0)
FN:33,(anonymous_1)
FN:39,(anonymous_2)
FN:43,(anonymous_3)
FN:47,(anonymous_4)
FN:52,(anonymous_5)
FNF:6
FNH:5
FNDA:7,(anonymous_0)
FNDA:2,(anonymous_1)
FNDA:1,(anonymous_2)
FNDA:4,(anonymous_3)
FNDA:0,(anonymous_4)
FNDA:9,(anonymous_5)
DA:25,7
DA:26,7
DA:30,7
DA:34,2
DA:35,2
DA:40,1
DA:44,4
DA:47,4
DA:48,0
DA:53,9
DA:59,9
DA:61,9
LF:12
LH:11
BRDA:34,0,0,2
BRDA:34,0,1,0
BRDA:34,1,0,2
BRDA:34,1,1,2
BRF:4
BRH:3
end_of_record
TN:
SF:/Users/tjohnston/source/react-ui/packages/react-ui-core/src/Gmap/InfoWindow.js
FN:23,(anonymous_0)
FN:29,(anonymous_1)
FN:34,(anonymous_2)
FN:44,(anonymous_3)
FN:48,(anonymous_4)
FN:55,(anonymous_5)
FN:63,(anonymous_6)
FN:69,(anonymous_7)
FN:77,(anonymous_8)
FNF:9
FNH:8
FNDA:4,(anonymous_0)
FNDA:4,(anonymous_1)
FNDA:2,(anonymous_2)
FNDA:0,(anonymous_3)
FNDA:4,(anonymous_4)
FNDA:5,(anonymous_5)
FNDA:1,(anonymous_6)
FNDA:6,(anonymous_7)
FNDA:5,(anonymous_8)
DA:6,1
DA:14,1
DA:24,4
DA:26,4
DA:30,4
DA:31,4
DA:35,2
DA:37,2
DA:38,1
DA:40,1
DA:45,0
DA:49,4
DA:50,4
DA:52,4
DA:56,5
DA:58,5
DA:59,2
DA:64,1
DA:65,1
DA:70,6
DA:77,1
DA:78,5
LF:22
LH:21
BRDA:37,0,0,1
BRDA:37,0,1,1
BRDA:37,1,0,2
BRDA:37,1,1,1
BRDA:58,2,0,2
BRDA:58,2,1,3
BRDA:58,3,0,5
BRDA:58,3,1,5
BRDA:64,4,0,1
BRDA:64,4,1,0
BRF:10
BRH:9
end_of_record
TN:
SF:/Users/tjohnston/source/react-ui/packages/react-ui-core/src/Gmap/Layer.js
FN:28,(anonymous_0)
FN:33,(anonymous_1)
FN:42,(anonymous_2)
FN:49,(anonymous_3)
FN:53,(anonymous_4)
FN:57,(anonymous_5)
FN:63,(anonymous_6)
FN:67,(anonymous_7)
FN:74,(anonymous_8)
FN:79,(anonymous_9)
FNF:10
FNH:9
FNDA:4,(anonymous_0)
FNDA:4,(anonymous_1)
FNDA:0,(anonymous_2)
FNDA:1,(anonymous_3)
FNDA:3,(anonymous_4)
FNDA:9,(anonymous_5)
FNDA:1,(anonymous_6)
FNDA:3,(anonymous_7)
FNDA:4,(anonymous_8)
FNDA:12,(anonymous_9)
DA:5,1
DA:20,1
DA:29,4
DA:30,4
DA:34,4
DA:36,4
DA:37,3
DA:38,3
DA:43,0
DA:44,0
DA:45,0
DA:50,1
DA:54,3
DA:56,3
DA:57,3
DA:58,9
DA:64,1
DA:66,1
DA:67,1
DA:68,3
DA:71,1
DA:75,4
DA:79,1
DA:80,12
LF:24
LH:21
BRDA:36,0,0,3
BRDA:36,0,1,1
BRDA:36,1,0,4
BRDA:36,1,1,3
BRDA:43,2,0,0
BRDA:43,2,1,0
BRDA:45,3,0,0
BRDA:45,3,1,0
BRDA:56,4,0,3
BRDA:56,4,1,0
BRDA:56,5,0,3
BRDA:56,5,1,3
BRDA:66,6,0,1
BRDA:66,6,1,0
BRF:14
BRH:8
end_of_record
TN:
SF:/Users/tjohnston/source/react-ui/packages/react-ui-core/src/Gmap/Marker.js
FN:17,(anonymous_0)
FN:29,(anonymous_1)
FN:33,(anonymous_2)
FN:38,(anonymous_3)
FN:42,(anonymous_4)
FN:50,(anonymous_5)
FN:58,(anonymous_6)
FN:65,(anonymous_7)
FN:70,(anonymous_8)
FNF:9
FNH:9
FNDA:4,(anonymous_0)
FNDA:3,(anonymous_1)
FNDA:1,(anonymous_2)
FNDA:1,(anonymous_3)
FNDA:4,(anonymous_4)
FNDA:4,(anonymous_5)
FNDA:2,(anonymous_6)
FNDA:4,(anonymous_7)
FNDA:8,(anonymous_8)
DA:5,1
DA:16,1
DA:17,4
DA:30,3
DA:34,1
DA:35,1
DA:39,1
DA:43,4
DA:45,4
DA:46,4
DA:51,4
DA:52,4
DA:59,2
DA:60,2
DA:61,2
DA:66,4
DA:70,1
DA:71,8
LF:18
LH:18
BRDA:45,0,0,4
BRDA:45,0,1,0
BRDA:59,1,0,2
BRDA:59,1,1,0
BRDA:59,2,0,2
BRDA:59,2,1,2
BRF:6
BRH:4
end_of_record
TN:
SF:/Users/tjohnston/source/react-ui/packages/react-ui-core/src/Gmap/Markers.js
FN:6,(anonymous_0)
FN:25,(anonymous_1)
FN:27,(anonymous_2)
FN:30,(anonymous_3)
FN:36,(anonymous_4)
FN:42,(anonymous_5)
FN:47,(anonymous_6)
FN:48,(anonymous_7)
FN:55,(anonymous_8)
FN:64,(anonymous_9)
FN:67,(anonymous_10)
FN:73,(anonymous_11)
FN:87,(anonymous_12)
FN:92,(anonymous_13)
FN:101,(anonymous_14)
FNF:15
FNH:13
FNDA:20,(anonymous_0)
FNDA:19,(anonymous_1)
FNDA:10,(anonymous_2)
FNDA:9,(anonymous_3)
FNDA:2,(anonymous_4)
FNDA:2,(anonymous_5)
FNDA:3,(anonymous_6)
FNDA:9,(anonymous_7)
FNDA:1,(anonymous_8)
FNDA:0,(anonymous_9)
FNDA:0,(anonymous_10)
FNDA:20,(anonymous_11)
FNDA:11,(anonymous_12)
FNDA:18,(anonymous_13)
FNDA:11,(anonymous_14)
DA:6,20
DA:25,19
DA:31,9
DA:32,9
DA:33,9
DA:37,2
DA:38,2
DA:39,2
DA:43,2
DA:44,2
DA:48,3
DA:49,9
DA:52,3
DA:56,1
DA:58,1
DA:59,1
DA:60,1
DA:63,0
DA:64,0
DA:65,0
DA:67,0
DA:68,0
DA:69,0
DA:74,20
DA:75,20
DA:77,20
DA:78,20
DA:84,0
DA:88,11
DA:90,11
DA:92,6
DA:93,18
DA:95,18
DA:97,18
DA:102,11
LF:35
LH:28
BRDA:37,0,0,1
BRDA:37,0,1,1
BRDA:58,1,0,1
BRDA:58,1,1,0
BRDA:58,2,0,1
BRDA:58,2,1,0
BRDA:58,2,2,0
BRDA:77,3,0,20
BRDA:77,3,1,0
BRDA:90,4,0,5
BRDA:90,4,1,6
BRDA:90,5,0,11
BRDA:90,5,1,8
BRDA:90,5,2,6
BRDA:95,6,0,0
BRDA:95,6,1,18
BRF:16
BRH:11
end_of_record
TN:
SF:/Users/tjohnston/source/react-ui/packages/react-ui-core/src/Gmap/OverlayView.js
FN:24,(anonymous_0)
FN:28,(anonymous_1)
FN:40,(anonymous_2)
FN:46,(anonymous_3)
FN:61,(anonymous_4)
FN:71,(anonymous_5)
FN:94,(anonymous_6)
FN:95,(anonymous_7)
FN:96,(anonymous_8)
FN:101,(anonymous_9)
FN:107,(anonymous_10)
FN:113,(anonymous_11)
FN:138,(anonymous_12)
FNF:13
FNH:9
FNDA:4,(anonymous_0)
FNDA:3,(anonymous_1)
FNDA:0,(anonymous_2)
FNDA:5,(anonymous_3)
FNDA:3,(anonymous_4)
FNDA:4,(anonymous_5)
FNDA:4,(anonymous_6)
FNDA:0,(anonymous_7)
FNDA:40,(anonymous_8)
FNDA:0,(anonymous_9)
FNDA:0,(anonymous_10)
FNDA:3,(anonymous_11)
FNDA:7,(anonymous_12)
DA:25,4
DA:29,3
DA:31,3
DA:32,3
DA:35,3
DA:36,0
DA:41,0
DA:42,0
DA:47,5
DA:62,3
DA:64,3
DA:65,2
DA:68,1
DA:77,4
DA:79,4
DA:80,4
DA:81,4
DA:82,4
DA:83,4
DA:84,4
DA:86,4
DA:87,4
DA:88,4
DA:89,4
DA:91,4
DA:95,4
DA:96,4
DA:97,40
DA:102,0
DA:104,0
DA:108,0
DA:109,0
DA:114,3
DA:115,3
DA:117,3
DA:118,2
DA:121,2
DA:123,2
DA:126,2
DA:127,2
DA:128,2
DA:129,2
DA:133,3
DA:134,3
DA:139,7
DA:141,3
LF:46
LH:39
BRDA:31,0,0,3
BRDA:31,0,1,0
BRDA:31,1,0,3
BRDA:31,1,1,3
BRDA:35,2,0,0
BRDA:35,2,1,3
BRDA:35,3,0,3
BRDA:35,3,1,3
BRDA:35,3,2,3
BRDA:41,4,0,0
BRDA:41,4,1,0
BRDA:64,5,0,2
BRDA:64,5,1,1
BRDA:84,6,0,4
BRDA:84,6,1,0
BRDA:108,7,0,0
BRDA:108,7,1,0
BRDA:117,8,0,2
BRDA:117,8,1,1
BRDA:121,9,0,0
BRDA:121,9,1,2
BRDA:126,10,0,2
BRDA:126,10,1,0
BRDA:126,11,0,2
BRDA:126,11,1,2
BRDA:133,12,0,3
BRDA:133,12,1,0
BRDA:139,13,0,4
BRDA:139,13,1,3
BRF:29
BRH:19
end_of_record
TN:
SF:/Users/tjohnston/source/react-ui/packages/react-ui-core/src/Gmap/withGoogleScript.js
FN:11,(anonymous_0)
FN:33,(anonymous_1)
FN:43,(anonymous_2)
FN:54,(anonymous_3)
FN:58,(anonymous_4)
FN:62,(anonymous_5)
FN:66,(anonymous_6)
FN:78,(anonymous_7)
FN:83,(anonymous_8)
FN:87,(anonymous_9)
FN:88,(anonymous_10)
FN:97,(anonymous_11)
FN:102,(anonymous_12)
FN:115,(anonymous_13)
FNF:14
FNH:11
FNDA:10,(anonymous_0)
FNDA:0,(anonymous_1)
FNDA:12,(anonymous_2)
FNDA:1,(anonymous_3)
FNDA:3,(anonymous_4)
FNDA:13,(anonymous_5)
FNDA:10,(anonymous_6)
FNDA:4,(anonymous_7)
FNDA:1,(anonymous_8)
FNDA:6,(anonymous_9)
FNDA:0,(anonymous_10)
FNDA:0,(anonymous_11)
FNDA:6,(anonymous_12)
FNDA:10,(anonymous_13)
DA:7,2
DA:8,2
DA:9,2
DA:34,0
DA:44,12
DA:46,6
DA:47,6
DA:50,6
DA:51,6
DA:55,1
DA:59,3
DA:63,13
DA:67,10
DA:68,10
DA:70,10
DA:71,3
DA:72,1
DA:75,7
DA:79,4
DA:80,4
DA:84,1
DA:88,6
DA:89,0
DA:90,0
DA:93,6
DA:99,0
DA:103,6
DA:104,4
DA:105,4
DA:106,4
DA:107,4
DA:108,4
DA:109,4
DA:110,4
DA:111,4
DA:116,10
DA:124,10
DA:126,10
DA:133,10
LF:39
LH:35
BRDA:39,0,0,9
BRDA:39,0,1,4
BRDA:44,1,0,6
BRDA:44,1,1,6
BRDA:44,2,0,12
BRDA:44,2,1,7
BRDA:44,2,2,3
BRDA:59,3,0,3
BRDA:59,3,1,3
BRDA:59,3,2,3
BRDA:63,4,0,13
BRDA:63,4,1,13
BRDA:70,5,0,3
BRDA:70,5,1,7
BRDA:71,6,0,2
BRDA:71,6,1,1
BRDA:103,7,0,4
BRDA:103,7,1,2
BRDA:128,8,0,6
BRDA:128,8,1,4
BRF:20
BRH:20
end_of_record
TN:
SF:/Users/tjohnston/source/react-ui/packages/react-ui-core/src/Gmap/utils/getDisplayName.js
FN:1,(anonymous_0)
FNF:1
FNH:1
FNDA:15,(anonymous_0)
DA:2,15
DA:3,5
DA:5,5
LF:3
LH:3
BRDA:2,0,0,10
BRDA:2,0,1,5
BRDA:3,1,0,0
BRDA:3,1,1,5
BRDA:5,2,0,5
BRDA:5,2,1,3
BRDA:5,2,2,1
BRF:7
BRH:6
end_of_record
TN:
SF:/Users/tjohnston/source/react-ui/packages/react-ui-core/src/Gmap/utils/mapEventHelpers.js
FN:1,(anonymous_0)
FN:2,(anonymous_1)
FN:4,(anonymous_2)
FN:7,(anonymous_3)
FNF:4
FNH:3
FNDA:8,(anonymous_0)
FNDA:0,(anonymous_1)
FNDA:24,(anonymous_2)
FNDA:359,(anonymous_3)
DA:1,5
DA:2,8
DA:4,5
DA:5,24
DA:7,24
DA:8,359
DA:9,8
DA:10,8
LF:8
LH:8
BRDA:8,0,0,8
BRDA:8,0,1,351
BRDA:8,1,0,359
BRDA:8,1,1,8
BRF:4
BRH:4
end_of_record
TN:
SF:/Users/tjohnston/source/react-ui/packages/react-ui-core/src/Gmap/utils/markerHelpers.js
FN:28,(anonymous_0)
FN:35,(anonymous_1)
FN:37,(anonymous_2)
FNF:3
FNH:2
FNDA:3,(anonymous_0)
FNDA:3,(anonymous_1)
FNDA:0,(anonymous_2)
DA:4,3
DA:28,3
DA:29,3
DA:30,2
DA:31,2
DA:35,3
DA:36,3
DA:37,2
DA:38,2
DA:43,2
DA:45,2
DA:48,1
LF:12
LH:12
BRDA:29,0,0,2
BRDA:29,0,1,1
BRDA:36,1,0,2
BRDA:36,1,1,1
BRF:4
BRH:4
end_of_record
TN:
SF:/Users/tjohnston/source/react-ui/packages/react-ui-core/src/Highlighter/Highlighter.js
FN:24,(anonymous_0)
FN:28,(anonymous_1)
FN:35,(anonymous_2)
FN:40,(anonymous_3)
FN:65,(anonymous_4)
FNF:5
FNH:4
FNDA:0,(anonymous_0)
FNDA:6,(anonymous_1)
FNDA:8,(anonymous_2)
FNDA:8,(anonymous_3)
FNDA:6,(anonymous_4)
DA:25,0
DA:29,6
DA:31,6
DA:33,6
DA:35,8
DA:46,8
DA:48,8
DA:49,6
DA:62,2
DA:72,6
DA:74,6
LF:11
LH:10
BRDA:31,0,0,0
BRDA:31,0,1,6
BRDA:48,1,0,6
BRDA:48,1,1,2
BRDA:48,2,0,8
BRDA:48,2,1,4
BRF:6
BRH:5
end_of_record
TN:
SF:/Users/tjohnston/source/react-ui/packages/react-ui-core/src/Highlighter/index.js
FNF:0
FNH:0
LF:0
LH:0
BRF:0
BRH:0
end_of_record
TN:
SF:/Users/tjohnston/source/react-ui/packages/react-ui-core/src/LeadForm/Header.js
FN:30,(anonymous_0)
FN:44,(anonymous_1)
FNF:2
FNH:2
FNDA:4,(anonymous_0)
FNDA:4,(anonymous_1)
DA:31,4
DA:33,4
DA:34,1
DA:41,3
DA:48,4
DA:50,4
LF:6
LH:6
BRDA:33,0,0,1
BRDA:33,0,1,3
BRF:2
BRH:2
end_of_record
TN:
SF:/Users/tjohnston/source/react-ui/packages/react-ui-core/src/LeadForm/LeadForm.js
FN:64,(anonymous_0)
FN:69,(anonymous_1)
FN:73,(anonymous_2)
FN:77,(anonymous_3)
FN:80,(anonymous_4)
FN:95,(anonymous_5)
FN:99,(anonymous_6)
FNF:7
FNH:5
FNDA:2,(anonymous_0)
FNDA:0,(anonymous_1)
FNDA:0,(anonymous_2)
FNDA:2,(anonymous_3)
FNDA:16,(anonymous_4)
FNDA:2,(anonymous_5)
FNDA:2,(anonymous_6)
DA:19,1
DA:31,1
DA:65,2
DA:66,2
DA:70,0
DA:74,0
DA:78,2
DA:80,2
DA:81,16
DA:82,16
DA:83,16
DA:85,16
DA:96,2
DA:105,2
DA:107,2
LF:15
LH:13
BRDA:83,0,0,16
BRDA:83,0,1,16
BRDA:83,0,2,0
BRF:3
BRH:2
end_of_record
TN:
SF:/Users/tjohnston/source/react-ui/packages/react-ui-core/src/LeadForm/SubmitButton.js
FN:16,(anonymous_0)
FNF:1
FNH:1
FNDA:2,(anonymous_0)
DA:21,2
DA:23,2
LF:2
LH:2
BRF:0
BRH:0
end_of_record
TN:
SF:/Users/tjohnston/source/react-ui/packages/react-ui-core/src/LeadForm/Fields/Email.js
FN:18,(anonymous_0)
FNF:1
FNH:1
FNDA:7,(anonymous_0)
DA:19,7
LF:1
LH:1
BRF:0
BRH:0
end_of_record
TN:
SF:/Users/tjohnston/source/react-ui/packages/react-ui-core/src/LeadForm/Fields/Message.js
FN:28,(anonymous_0)
FNF:1
FNH:1
FNDA:5,(anonymous_0)
DA:29,5
LF:1
LH:1
BRF:0
BRH:0
end_of_record
TN:
SF:/Users/tjohnston/source/react-ui/packages/react-ui-core/src/LeadForm/Fields/Name.js
FN:17,(anonymous_0)
FNF:1
FNH:1
FNDA:7,(anonymous_0)
DA:18,7
LF:1
LH:1
BRF:0
BRH:0
end_of_record
TN:
SF:/Users/tjohnston/source/react-ui/packages/react-ui-core/src/LeadForm/Fields/OptInNewsLetter.js
FN:22,(anonymous_0)
FNF:1
FNH:1
FNDA:2,(anonymous_0)
DA:23,2
LF:1
LH:1
BRF:0
BRH:0
end_of_record
TN:
SF:/Users/tjohnston/source/react-ui/packages/react-ui-core/src/LeadForm/Fields/Phone.js
FN:18,(anonymous_0)
FNF:1
FNH:1
FNDA:7,(anonymous_0)
DA:19,7
LF:1
LH:1
BRF:0
BRH:0
end_of_record
TN:
SF:/Users/tjohnston/source/react-ui/packages/react-ui-core/src/LeadForm/Fields/TermsOfService.js
FN:26,(anonymous_0)
FNF:1
FNH:1
FNDA:4,(anonymous_0)
DA:32,4
DA:34,4
LF:2
LH:2
BRF:0
BRH:0
end_of_record
TN:
SF:/Users/tjohnston/source/react-ui/packages/react-ui-core/src/LeadForm/Fields/index.js
FNF:0
FNH:0
LF:0
LH:0
BRF:0
BRH:0
end_of_record
TN:
SF:/Users/tjohnston/source/react-ui/packages/react-ui-core/src/List/List.js
FN:40,(anonymous_0)
FN:45,(anonymous_1)
FN:50,(anonymous_2)
FN:54,(anonymous_3)
FN:58,(anonymous_4)
FN:62,(anonymous_5)
FN:72,(anonymous_6)
FN:95,(anonymous_7)
FNF:8
FNH:8
FNDA:37,(anonymous_0)
FNDA:33,(anonymous_1)
FNDA:40,(anonymous_2)
FNDA:163,(anonymous_3)
FNDA:70,(anonymous_4)
FNDA:163,(anonymous_5)
FNDA:70,(anonymous_6)
FNDA:163,(anonymous_7)
DA:41,37
DA:42,37
DA:46,33
DA:47,3
DA:51,40
DA:55,163
DA:59,70
DA:63,163
DA:64,31
DA:65,31
DA:66,132
DA:67,1
DA:69,131
DA:83,70
DA:85,70
DA:87,70
DA:96,163
DA:97,163
LF:18
LH:18
BRDA:46,0,0,3
BRDA:46,0,1,30
BRDA:63,1,0,31
BRDA:63,1,1,132
BRDA:63,2,0,163
BRDA:63,2,1,163
BRDA:63,2,2,31
BRDA:66,3,0,1
BRDA:66,3,1,131
BRDA:91,4,0,70
BRDA:91,4,1,70
BRF:11
BRH:11
end_of_record
TN:
SF:/Users/tjohnston/source/react-ui/packages/react-ui-core/src/List/ListItem.js
FN:35,(anonymous_0)
FN:41,(anonymous_1)
FNF:2
FNH:2
FNDA:8,(anonymous_0)
FNDA:110,(anonymous_1)
DA:36,8
DA:38,8
DA:52,110
DA:54,110
LF:4
LH:4
BRDA:38,0,0,8
BRDA:38,0,1,0
BRDA:59,1,0,110
BRDA:59,1,1,28
BRDA:60,2,0,110
BRDA:60,2,1,9
BRF:6
BRH:5
end_of_record
TN:
SF:/Users/tjohnston/source/react-ui/packages/react-ui-core/src/List/index.js
FNF:0
FNH:0
LF:0
LH:0
BRF:0
BRH:0
end_of_record
TN:
SF:/Users/tjohnston/source/react-ui/packages/react-ui-core/src/Listing/ListingCell.js
FN:52,(anonymous_0)
FN:69,(anonymous_1)
FN:75,(anonymous_2)
FN:79,(anonymous_3)
FN:84,(anonymous_4)
FN:97,(anonymous_5)
FNF:6
FNH:5
FNDA:3,(anonymous_0)
FNDA:0,(anonymous_1)
FNDA:10,(anonymous_2)
FNDA:5,(anonymous_3)
FNDA:3,(anonymous_4)
FNDA:5,(anonymous_5)
DA:53,3
DA:70,0
DA:76,10
DA:80,5
DA:85,3
DA:86,3
DA:88,3
DA:89,3
DA:90,3
DA:92,3
DA:93,2
DA:106,5
DA:108,5
LF:13
LH:12
BRDA:70,0,0,0
BRDA:70,0,1,0
BRDA:70,0,2,0
BRDA:89,1,0,3
BRDA:89,1,1,0
BRDA:89,2,0,3
BRDA:89,2,1,0
BRDA:90,3,0,3
BRDA:90,3,1,0
BRDA:92,4,0,2
BRDA:92,4,1,1
BRDA:92,5,0,3
BRDA:92,5,1,2
BRDA:92,5,2,2
BRDA:93,6,0,2
BRDA:93,6,1,0
BRF:16
BRH:9
end_of_record
TN:
SF:/Users/tjohnston/source/react-ui/packages/react-ui-core/src/Listing/ListingComponents.js
FN:9,(anonymous_0)
FN:26,(anonymous_1)
FN:59,(anonymous_2)
FN:61,(anonymous_3)
FN:69,(anonymous_4)
FN:82,(anonymous_5)
FNF:6
FNH:6
FNDA:12,(anonymous_0)
FNDA:2,(anonymous_1)
FNDA:9,(anonymous_2)
FNDA:3,(anonymous_3)
FNDA:3,(anonymous_4)
FNDA:5,(anonymous_5)
DA:9,1
DA:27,2
DA:28,2
DA:30,2
DA:31,2
DA:46,12
DA:49,1
DA:59,9
DA:61,1
DA:62,3
DA:65,1
DA:69,1
DA:70,3
DA:73,1
DA:82,1
DA:83,5
DA:85,5
DA:86,3
DA:96,1
DA:101,1
DA:105,1
LF:21
LH:21
BRDA:30,0,0,0
BRDA:30,0,1,2
BRDA:62,1,0,2
BRDA:62,1,1,1
BRDA:70,2,0,2
BRDA:70,2,1,1
BRDA:83,3,0,5
BRDA:83,3,1,1
BRDA:85,4,0,2
BRDA:85,4,1,3
BRF:10
BRH:9
end_of_record
TN:
SF:/Users/tjohnston/source/react-ui/packages/react-ui-core/src/Menu/DropdownMenu.js
FN:28,(anonymous_0)
FN:31,(anonymous_1)
FN:37,(anonymous_2)
FN:45,(anonymous_3)
FN:54,(anonymous_4)
FN:58,(anonymous_5)
FN:63,(anonymous_6)
FN:64,(anonymous_7)
FN:69,(anonymous_8)
FN:77,(anonymous_9)
FN:84,(anonymous_10)
FNF:11
FNH:11
FNDA:1,(anonymous_0)
FNDA:9,(anonymous_1)
FNDA:2,(anonymous_2)
FNDA:6,(anonymous_3)
FNDA:15,(anonymous_4)
FNDA:15,(anonymous_5)
FNDA:10,(anonymous_6)
FNDA:35,(anonymous_7)
FNDA:2,(anonymous_8)
FNDA:15,(anonymous_9)
FNDA:15,(anonymous_10)
DA:32,9
DA:33,9
DA:34,9
DA:38,2
DA:39,1
DA:40,1
DA:41,1
DA:46,6
DA:48,6
DA:55,15
DA:59,15
DA:60,15
DA:64,35
DA:65,10
DA:70,2
DA:72,2
DA:74,2
DA:78,15
DA:80,15
DA:81,14
DA:94,15
DA:96,15
LF:22
LH:22
BRDA:33,0,0,9
BRDA:33,0,1,8
BRDA:33,0,2,6
BRDA:38,1,0,1
BRDA:38,1,1,1
BRDA:40,2,0,1
BRDA:40,2,1,0
BRDA:48,3,0,6
BRDA:48,3,1,6
BRDA:48,3,2,5
BRDA:48,3,3,4
BRDA:55,4,0,15
BRDA:55,4,1,0
BRDA:60,5,0,7
BRDA:60,5,1,8
BRDA:63,6,0,9
BRDA:65,7,0,8
BRDA:65,7,1,2
BRDA:72,8,0,2
BRDA:72,8,1,0
BRDA:80,9,0,1
BRDA:80,9,1,14
BRF:22
BRH:19
end_of_record
TN:
SF:/Users/tjohnston/source/react-ui/packages/react-ui-core/src/Menu/Menu.js
FN:47,(anonymous_0)
FN:56,(anonymous_1)
FN:61,(anonymous_2)
FN:73,(anonymous_3)
FN:78,(anonymous_4)
FN:97,(anonymous_5)
FN:101,(anonymous_6)
FN:106,(anonymous_7)
FN:117,(anonymous_8)
FN:123,(anonymous_9)
FN:129,(anonymous_10)
FN:136,(anonymous_11)
FN:141,(anonymous_12)
FN:142,(anonymous_13)
FN:146,(anonymous_14)
FN:149,(anonymous_15)
FNF:16
FNH:16
FNDA:27,(anonymous_0)
FNDA:27,(anonymous_1)
FNDA:3,(anonymous_2)
FNDA:9,(anonymous_3)
FNDA:4,(anonymous_4)
FNDA:106,(anonymous_5)
FNDA:9,(anonymous_6)
FNDA:9,(anonymous_7)
FNDA:10,(anonymous_8)
FNDA:8,(anonymous_9)
FNDA:30,(anonymous_10)
FNDA:22,(anonymous_11)
FNDA:27,(anonymous_12)
FNDA:63,(anonymous_13)
FNDA:63,(anonymous_14)
FNDA:60,(anonymous_15)
DA:8,4
DA:9,4
DA:10,4
DA:48,27
DA:49,27
DA:57,27
DA:58,27
DA:62,3
DA:63,0
DA:66,3
DA:67,0
DA:74,9
DA:79,4
DA:81,4
DA:83,3
DA:84,3
DA:86,0
DA:87,0
DA:88,0
DA:90,1
DA:91,1
DA:92,1
DA:98,106
DA:102,9
DA:107,9
DA:109,9
DA:111,9
DA:112,8
DA:118,10
DA:120,10
DA:121,8
DA:124,8
DA:130,30
DA:132,30
DA:133,22
DA:137,22
DA:142,63
DA:146,63
DA:157,60
DA:159,60
LF:40
LH:35
BRDA:62,0,0,0
BRDA:62,0,1,3
BRDA:66,1,0,0
BRDA:66,1,1,3
BRDA:79,2,0,4
BRDA:79,2,1,0
BRDA:79,2,2,0
BRDA:81,3,0,3
BRDA:81,3,1,0
BRDA:81,3,2,1
BRDA:81,3,3,0
BRDA:98,4,0,106
BRDA:98,4,1,2
BRDA:102,5,0,9
BRDA:102,5,1,2
BRDA:111,6,0,8
BRDA:111,6,1,1
BRDA:111,7,0,9
BRDA:111,7,1,9
BRDA:111,7,2,9
BRDA:120,8,0,2
BRDA:120,8,1,8
BRDA:120,9,0,10
BRDA:120,9,1,10
BRDA:124,10,0,0
BRDA:124,10,1,8
BRDA:132,11,0,8
BRDA:132,11,1,22
BRDA:132,12,0,30
BRDA:132,12,1,30
BRDA:137,13,0,0
BRDA:137,13,1,22
BRDA:166,14,0,60
BRDA:166,14,1,0
BRF:34
BRH:25
end_of_record
TN:
SF:/Users/tjohnston/source/react-ui/packages/react-ui-core/src/Menu/MenuWrapper.js
FN:14,(anonymous_0)
FN:21,(anonymous_1)
FNF:2
FNH:2
FNDA:4,(anonymous_0)
FNDA:5,(anonymous_1)
DA:15,4
DA:17,4
DA:18,4
DA:26,5
DA:28,5
LF:5
LH:5
BRDA:17,0,0,3
BRDA:17,0,1,1
BRDA:18,1,0,3
BRDA:18,1,1,1
BRF:4
BRH:4
end_of_record
TN:
SF:/Users/tjohnston/source/react-ui/packages/react-ui-core/src/Menu/index.js
FNF:0
FNH:0
LF:0
LH:0
BRF:0
BRH:0
end_of_record
TN:
SF:/Users/tjohnston/source/react-ui/packages/react-ui-core/src/Modal/Modal.js
FN:26,(anonymous_0)
FN:30,(anonymous_1)
FN:35,(anonymous_2)
FN:41,(anonymous_3)
FN:47,(anonymous_4)
FN:52,(anonymous_5)
FNF:6
FNH:5
FNDA:0,(anonymous_0)
FNDA:11,(anonymous_1)
FNDA:8,(anonymous_2)
FNDA:20,(anonymous_3)
FNDA:3,(anonymous_4)
FNDA:20,(anonymous_5)
DA:31,11
DA:32,11
DA:36,8
DA:37,3
DA:42,20
DA:43,20
DA:48,3
DA:49,3
DA:60,20
DA:62,20
LF:10
LH:10
BRDA:36,0,0,3
BRDA:36,0,1,5
BRDA:43,1,0,19
BRDA:43,1,1,1
BRDA:49,2,0,3
BRDA:49,2,1,0
BRDA:67,3,0,6
BRDA:67,3,1,14
BRF:8
BRH:7
end_of_record
TN:
SF:/Users/tjohnston/source/react-ui/packages/react-ui-core/src/Modal/ModalBody.js
FN:29,(anonymous_0)
FN:40,(anonymous_1)
FNF:2
FNH:2
FNDA:6,(anonymous_0)
FNDA:6,(anonymous_1)
DA:30,6
DA:31,2
DA:32,2
DA:37,4
DA:48,6
DA:50,6
LF:6
LH:6
BRDA:30,0,0,2
BRDA:30,0,1,4
BRF:2
BRH:2
end_of_record
TN:
SF:/Users/tjohnston/source/react-ui/packages/react-ui-core/src/Modal/ModalCloseButton.js
FN:22,(anonymous_0)
FNF:1
FNH:1
FNDA:3,(anonymous_0)
DA:28,3
DA:30,3
LF:2
LH:2
BRF:0
BRH:0
end_of_record
TN:
SF:/Users/tjohnston/source/react-ui/packages/react-ui-core/src/Modal/Overlay.js
FN:26,(anonymous_0)
FN:36,(anonymous_1)
FN:48,(anonymous_2)
FN:60,(anonymous_3)
FN:65,(anonymous_4)
FNF:5
FNH:5
FNDA:5,(anonymous_0)
FNDA:5,(anonymous_1)
FNDA:6,(anonymous_2)
FNDA:11,(anonymous_3)
FNDA:1,(anonymous_4)
DA:28,5
DA:30,5
DA:31,4
DA:38,5
DA:39,2
DA:42,5
DA:43,4
DA:50,6
DA:51,4
DA:53,2
DA:55,2
DA:56,1
DA:61,11
DA:63,11
DA:65,1
LF:15
LH:15
BRDA:30,0,0,4
BRDA:30,0,1,1
BRDA:38,1,0,2
BRDA:38,1,1,3
BRDA:42,2,0,4
BRDA:42,2,1,1
BRDA:50,3,0,4
BRDA:50,3,1,2
BRDA:55,4,0,1
BRDA:55,4,1,1
BRDA:55,5,0,2
BRDA:55,5,1,1
BRF:12
BRH:12
end_of_record
TN:
SF:/Users/tjohnston/source/react-ui/packages/react-ui-core/src/ModalStack/ModalStack.js
FN:37,(anonymous_0)
FN:40,(anonymous_1)
FN:48,(anonymous_2)
FN:52,(anonymous_3)
FN:61,(anonymous_4)
FN:77,(anonymous_5)
FN:83,(anonymous_6)
FN:87,(anonymous_7)
FN:99,(anonymous_8)
FN:115,(anonymous_9)
FN:121,(anonymous_10)
FN:143,(anonymous_11)
FNF:12
FNH:4
FNDA:0,(anonymous_0)
FNDA:2,(anonymous_1)
FNDA:2,(anonymous_2)
FNDA:0,(anonymous_3)
FNDA:0,(anonymous_4)
FNDA:0,(anonymous_5)
FNDA:0,(anonymous_6)
FNDA:2,(anonymous_7)
FNDA:0,(anonymous_8)
FNDA:0,(anonymous_9)
FNDA:0,(anonymous_10)
FNDA:2,(anonymous_11)
DA:41,2
DA:42,2
DA:49,2
DA:55,0
DA:57,0
DA:58,0
DA:60,0
DA:61,0
DA:62,0
DA:78,0
DA:80,0
DA:84,0
DA:88,2
DA:90,2
DA:91,2
DA:92,1
DA:93,1
DA:94,1
DA:100,0
DA:101,0
DA:116,0
DA:117,0
DA:122,0
DA:123,0
DA:124,0
DA:126,0
DA:128,0
DA:129,0
DA:140,0
DA:144,2
DA:146,2
DA:147,0
DA:149,2
LF:33
LH:12
BRDA:55,0,0,0
BRDA:57,1,0,0
BRDA:57,1,1,0
BRDA:57,2,0,0
BRDA:57,2,1,0
BRDA:60,3,0,0
BRDA:60,3,1,0
BRDA:80,4,0,0
BRDA:80,4,1,0
BRDA:91,5,0,1
BRDA:91,5,1,1
BRDA:101,6,0,0
BRDA:101,6,1,0
BRDA:128,7,0,0
BRDA:128,7,1,0
BRDA:146,8,0,0
BRDA:146,8,1,2
BRDA:146,9,0,2
BRDA:146,9,1,1
BRDA:146,9,2,1
BRF:20
BRH:6
end_of_record
TN:
SF:/Users/tjohnston/source/react-ui/packages/react-ui-core/src/Photo/BackgroundPhoto.js
FN:28,(anonymous_0)
FN:33,(anonymous_1)
FN:35,(anonymous_2)
FN:38,(anonymous_3)
FN:43,(anonymous_4)
FNF:5
FNH:0
FNDA:0,(anonymous_0)
FNDA:0,(anonymous_1)
FNDA:0,(anonymous_2)
FNDA:0,(anonymous_3)
FNDA:0,(anonymous_4)
DA:29,0
DA:30,0
DA:34,0
DA:35,0
DA:38,0
DA:44,0
DA:45,0
DA:47,0
LF:8
LH:0
BRDA:30,0,0,0
BRDA:30,0,1,0
BRF:2
BRH:0
end_of_record
TN:
SF:/Users/tjohnston/source/react-ui/packages/react-ui-core/src/Photo/Photo.js
FN:24,(anonymous_0)
FN:33,(anonymous_1)
FN:63,(anonymous_2)
FN:67,(anonymous_3)
FNF:4
FNH:2
FNDA:3,(anonymous_0)
FNDA:0,(anonymous_1)
FNDA:0,(anonymous_2)
FNDA:3,(anonymous_3)
DA:25,3
DA:27,3
DA:34,0
DA:36,0
DA:37,0
DA:64,0
DA:75,3
DA:77,3
DA:79,3
LF:9
LH:5
BRDA:34,0,0,0
BRDA:34,0,1,0
BRDA:36,1,0,0
BRDA:36,1,1,0
BRDA:36,2,0,0
BRDA:36,2,1,0
BRDA:81,3,0,0
BRDA:81,3,1,3
BRDA:87,4,0,3
BRDA:87,4,1,3
BRF:10
BRH:3
end_of_record
TN:
SF:/Users/tjohnston/source/react-ui/packages/react-ui-core/src/Photo/index.js
FNF:0
FNH:0
LF:0
LH:0
BRF:0
BRH:0
end_of_record
TN:
SF:/Users/tjohnston/source/react-ui/packages/react-ui-core/src/Ratings/RatingBar.js
FN:24,(anonymous_0)
FN:47,(anonymous_1)
FNF:2
FNH:2
FNDA:4,(anonymous_0)
FNDA:4,(anonymous_1)
DA:29,4
DA:31,4
DA:32,4
DA:34,4
DA:55,4
DA:57,4
LF:6
LH:6
BRDA:32,0,0,1
BRDA:32,0,1,3
BRDA:36,1,0,4
BRDA:36,1,1,3
BRDA:68,2,0,4
BRDA:68,2,1,0
BRF:6
BRH:5
end_of_record
TN:
SF:/Users/tjohnston/source/react-ui/packages/react-ui-core/src/Ratings/index.js
FNF:0
FNH:0
LF:0
LH:0
BRF:0
BRH:0
end_of_record
TN:
SF:/Users/tjohnston/source/react-ui/packages/react-ui-core/src/Schema/Schema.js
FN:5,(anonymous_0)
FN:15,(anonymous_1)
FN:41,(anonymous_2)
FN:57,(anonymous_3)
FN:77,(anonymous_4)
FN:87,(anonymous_5)
FNF:6
FNH:5
FNDA:4,(anonymous_0)
FNDA:5,(anonymous_1)
FNDA:4,(anonymous_2)
FNDA:5,(anonymous_3)
FNDA:2,(anonymous_4)
FNDA:0,(anonymous_5)
DA:5,2
DA:6,4
DA:11,2
DA:15,2
DA:16,5
DA:17,3
DA:20,2
DA:35,2
DA:41,2
DA:42,4
DA:50,2
DA:57,2
DA:58,5
DA:59,3
DA:62,2
DA:70,2
DA:78,2
DA:79,2
DA:87,0
DA:98,2
LF:20
LH:19
BRDA:16,0,0,3
BRDA:16,0,1,2
BRDA:16,1,0,5
BRDA:16,1,1,3
BRDA:29,2,0,2
BRDA:29,2,1,2
BRDA:30,3,0,2
BRDA:30,3,1,2
BRDA:58,4,0,3
BRDA:58,4,1,2
BRDA:58,5,0,5
BRDA:58,5,1,2
BRDA:81,6,0,1
BRDA:81,6,1,1
BRF:14
BRH:14
end_of_record
TN:
SF:/Users/tjohnston/source/react-ui/packages/react-ui-core/src/Schema/index.js
FNF:0
FNH:0
LF:0
LH:0
BRF:0
BRH:0
end_of_record
TN:
SF:/Users/tjohnston/source/react-ui/packages/react-ui-core/src/Text/Text.js
FN:22,(anonymous_0)
FNF:1
FNH:1
FNDA:37,(anonymous_0)
DA:28,37
DA:30,37
LF:2
LH:2
BRF:0
BRH:0
end_of_record
TN:
SF:/Users/tjohnston/source/react-ui/packages/react-ui-core/src/Text/index.js
FNF:0
FNH:0
LF:0
LH:0
BRF:0
BRH:0
end_of_record
TN:
SF:/Users/tjohnston/source/react-ui/packages/react-ui-core/src/Title/Title.js
FN:22,(anonymous_0)
FNF:1
FNH:1
FNDA:4,(anonymous_0)
DA:29,4
DA:31,4
LF:2
LH:2
BRF:0
BRH:0
end_of_record
TN:
SF:/Users/tjohnston/source/react-ui/packages/react-ui-core/test/setup.js
FNF:0
FNH:0
DA:5,57
LF:1
LH:1
BRF:0
BRH:0
end_of_record
TN:
SF:/Users/tjohnston/source/react-ui/packages/react-ui-core/test/shim.js
FN:3,(anonymous_0)
FN:12,(anonymous_1)
FN:13,(anonymous_2)
FN:15,(anonymous_3)
FN:18,(anonymous_4)
FN:19,(anonymous_5)
FN:21,(anonymous_6)
FN:22,(anonymous_7)
FN:23,(anonymous_8)
FN:25,(anonymous_9)
FN:26,(anonymous_10)
FN:27,(anonymous_11)
FN:34,(anonymous_12)
FN:35,(anonymous_13)
FN:38,(anonymous_14)
FN:39,(anonymous_15)
FN:40,(anonymous_16)
FN:41,(anonymous_17)
FN:42,(anonymous_18)
FN:44,(anonymous_19)
FN:45,(anonymous_20)
FN:46,(anonymous_21)
FN:48,(anonymous_22)
FN:49,(anonymous_23)
FN:50,(anonymous_24)
FN:52,(anonymous_25)
FN:53,(anonymous_26)
FN:54,(anonymous_27)
FN:57,(anonymous_28)
FN:58,(anonymous_29)
FNF:30
FNH:14
FNDA:0,(anonymous_0)
FNDA:8,(anonymous_1)
FNDA:2,(anonymous_2)
FNDA:0,(anonymous_3)
FNDA:0,(anonymous_4)
FNDA:0,(anonymous_5)
FNDA:0,(anonymous_6)
FNDA:0,(anonymous_7)
FNDA:0,(anonymous_8)
FNDA:4,(anonymous_9)
FNDA:4,(anonymous_10)
FNDA:0,(anonymous_11)
FNDA:2,(anonymous_12)
FNDA:2,(anonymous_13)
FNDA:4,(anonymous_14)
FNDA:2,(anonymous_15)
FNDA:1,(anonymous_16)
FNDA:4,(anonymous_17)
FNDA:0,(anonymous_18)
FNDA:4,(anonymous_19)
FNDA:0,(anonymous_20)
FNDA:2,(anonymous_21)
FNDA:0,(anonymous_22)
FNDA:14,(anonymous_23)
FNDA:0,(anonymous_24)
FNDA:14,(anonymous_25)
FNDA:0,(anonymous_26)
FNDA:0,(anonymous_27)
FNDA:0,(anonymous_28)
FNDA:0,(anonymous_29)
DA:3,57
DA:4,0
DA:7,57
DA:9,57
DA:15,0
DA:18,0
DA:19,0
DA:21,0
DA:22,0
DA:23,0
DA:25,4
DA:27,0
DA:34,2
DA:35,2
DA:38,4
DA:44,4
DA:46,2
DA:48,0
DA:49,14
DA:57,0
DA:58,0
LF:21
LH:10
BRF:0
BRH:0
end_of_record
